[2024-02-24T15:23:39.886+0000] {processor.py:161} INFO - Started process (PID=82) to work on /home/airflow/.local/lib/python3.8/site-packages/airflow/example_dags/example_latest_only_with_trigger.py
[2024-02-24T15:23:39.891+0000] {processor.py:830} INFO - Processing file /home/airflow/.local/lib/python3.8/site-packages/airflow/example_dags/example_latest_only_with_trigger.py for tasks to queue
[2024-02-24T15:23:39.898+0000] {logging_mixin.py:188} INFO - [2024-02-24T15:23:39.897+0000] {dagbag.py:538} INFO - Filling up the DagBag from /home/airflow/.local/lib/python3.8/site-packages/airflow/example_dags/example_latest_only_with_trigger.py
[2024-02-24T15:23:39.917+0000] {processor.py:840} INFO - DAG(s) 'latest_only_with_trigger' retrieved from /home/airflow/.local/lib/python3.8/site-packages/airflow/example_dags/example_latest_only_with_trigger.py
[2024-02-24T15:23:39.941+0000] {logging_mixin.py:188} INFO - [2024-02-24T15:23:39.941+0000] {dag.py:3036} INFO - Sync 1 DAGs
[2024-02-24T15:23:39.985+0000] {logging_mixin.py:188} INFO - [2024-02-24T15:23:39.985+0000] {dag.py:3823} INFO - Setting next_dagrun for latest_only_with_trigger to 2024-02-24 08:00:00+00:00, run_after=2024-02-24 12:00:00+00:00
[2024-02-24T15:23:40.014+0000] {processor.py:183} INFO - Processing /home/airflow/.local/lib/python3.8/site-packages/airflow/example_dags/example_latest_only_with_trigger.py took 0.134 seconds
[2024-02-24T15:24:10.891+0000] {processor.py:161} INFO - Started process (PID=137) to work on /home/airflow/.local/lib/python3.8/site-packages/airflow/example_dags/example_latest_only_with_trigger.py
[2024-02-24T15:24:10.892+0000] {processor.py:830} INFO - Processing file /home/airflow/.local/lib/python3.8/site-packages/airflow/example_dags/example_latest_only_with_trigger.py for tasks to queue
[2024-02-24T15:24:10.893+0000] {logging_mixin.py:188} INFO - [2024-02-24T15:24:10.893+0000] {dagbag.py:538} INFO - Filling up the DagBag from /home/airflow/.local/lib/python3.8/site-packages/airflow/example_dags/example_latest_only_with_trigger.py
[2024-02-24T15:24:10.897+0000] {processor.py:840} INFO - DAG(s) 'latest_only_with_trigger' retrieved from /home/airflow/.local/lib/python3.8/site-packages/airflow/example_dags/example_latest_only_with_trigger.py
[2024-02-24T15:24:10.960+0000] {logging_mixin.py:188} INFO - [2024-02-24T15:24:10.960+0000] {dag.py:3036} INFO - Sync 1 DAGs
[2024-02-24T15:24:10.975+0000] {logging_mixin.py:188} INFO - [2024-02-24T15:24:10.975+0000] {dag.py:3823} INFO - Setting next_dagrun for latest_only_with_trigger to 2024-02-24 08:00:00+00:00, run_after=2024-02-24 12:00:00+00:00
[2024-02-24T15:24:10.989+0000] {processor.py:183} INFO - Processing /home/airflow/.local/lib/python3.8/site-packages/airflow/example_dags/example_latest_only_with_trigger.py took 0.100 seconds
[2024-02-24T15:24:41.213+0000] {processor.py:161} INFO - Started process (PID=192) to work on /home/airflow/.local/lib/python3.8/site-packages/airflow/example_dags/example_latest_only_with_trigger.py
[2024-02-24T15:24:41.214+0000] {processor.py:830} INFO - Processing file /home/airflow/.local/lib/python3.8/site-packages/airflow/example_dags/example_latest_only_with_trigger.py for tasks to queue
[2024-02-24T15:24:41.216+0000] {logging_mixin.py:188} INFO - [2024-02-24T15:24:41.216+0000] {dagbag.py:538} INFO - Filling up the DagBag from /home/airflow/.local/lib/python3.8/site-packages/airflow/example_dags/example_latest_only_with_trigger.py
[2024-02-24T15:24:41.220+0000] {processor.py:840} INFO - DAG(s) 'latest_only_with_trigger' retrieved from /home/airflow/.local/lib/python3.8/site-packages/airflow/example_dags/example_latest_only_with_trigger.py
[2024-02-24T15:24:41.235+0000] {logging_mixin.py:188} INFO - [2024-02-24T15:24:41.235+0000] {dag.py:3036} INFO - Sync 1 DAGs
[2024-02-24T15:24:41.250+0000] {logging_mixin.py:188} INFO - [2024-02-24T15:24:41.250+0000] {dag.py:3823} INFO - Setting next_dagrun for latest_only_with_trigger to 2024-02-24 08:00:00+00:00, run_after=2024-02-24 12:00:00+00:00
[2024-02-24T15:24:41.264+0000] {processor.py:183} INFO - Processing /home/airflow/.local/lib/python3.8/site-packages/airflow/example_dags/example_latest_only_with_trigger.py took 0.053 seconds
[2024-02-24T15:25:11.598+0000] {processor.py:161} INFO - Started process (PID=247) to work on /home/airflow/.local/lib/python3.8/site-packages/airflow/example_dags/example_latest_only_with_trigger.py
[2024-02-24T15:25:11.600+0000] {processor.py:830} INFO - Processing file /home/airflow/.local/lib/python3.8/site-packages/airflow/example_dags/example_latest_only_with_trigger.py for tasks to queue
[2024-02-24T15:25:11.601+0000] {logging_mixin.py:188} INFO - [2024-02-24T15:25:11.601+0000] {dagbag.py:538} INFO - Filling up the DagBag from /home/airflow/.local/lib/python3.8/site-packages/airflow/example_dags/example_latest_only_with_trigger.py
[2024-02-24T15:25:11.605+0000] {processor.py:840} INFO - DAG(s) 'latest_only_with_trigger' retrieved from /home/airflow/.local/lib/python3.8/site-packages/airflow/example_dags/example_latest_only_with_trigger.py
[2024-02-24T15:25:11.622+0000] {logging_mixin.py:188} INFO - [2024-02-24T15:25:11.622+0000] {dag.py:3036} INFO - Sync 1 DAGs
[2024-02-24T15:25:11.637+0000] {logging_mixin.py:188} INFO - [2024-02-24T15:25:11.637+0000] {dag.py:3823} INFO - Setting next_dagrun for latest_only_with_trigger to 2024-02-24 08:00:00+00:00, run_after=2024-02-24 12:00:00+00:00
[2024-02-24T15:25:11.651+0000] {processor.py:183} INFO - Processing /home/airflow/.local/lib/python3.8/site-packages/airflow/example_dags/example_latest_only_with_trigger.py took 0.055 seconds
[2024-02-24T15:25:41.786+0000] {processor.py:161} INFO - Started process (PID=302) to work on /home/airflow/.local/lib/python3.8/site-packages/airflow/example_dags/example_latest_only_with_trigger.py
[2024-02-24T15:25:41.787+0000] {processor.py:830} INFO - Processing file /home/airflow/.local/lib/python3.8/site-packages/airflow/example_dags/example_latest_only_with_trigger.py for tasks to queue
[2024-02-24T15:25:41.789+0000] {logging_mixin.py:188} INFO - [2024-02-24T15:25:41.788+0000] {dagbag.py:538} INFO - Filling up the DagBag from /home/airflow/.local/lib/python3.8/site-packages/airflow/example_dags/example_latest_only_with_trigger.py
[2024-02-24T15:25:41.793+0000] {processor.py:840} INFO - DAG(s) 'latest_only_with_trigger' retrieved from /home/airflow/.local/lib/python3.8/site-packages/airflow/example_dags/example_latest_only_with_trigger.py
[2024-02-24T15:25:41.808+0000] {logging_mixin.py:188} INFO - [2024-02-24T15:25:41.808+0000] {dag.py:3036} INFO - Sync 1 DAGs
[2024-02-24T15:25:41.825+0000] {logging_mixin.py:188} INFO - [2024-02-24T15:25:41.824+0000] {dag.py:3823} INFO - Setting next_dagrun for latest_only_with_trigger to 2024-02-24 08:00:00+00:00, run_after=2024-02-24 12:00:00+00:00
[2024-02-24T15:25:41.838+0000] {processor.py:183} INFO - Processing /home/airflow/.local/lib/python3.8/site-packages/airflow/example_dags/example_latest_only_with_trigger.py took 0.055 seconds
[2024-02-24T15:26:13.113+0000] {processor.py:161} INFO - Started process (PID=357) to work on /home/airflow/.local/lib/python3.8/site-packages/airflow/example_dags/example_latest_only_with_trigger.py
[2024-02-24T15:26:13.114+0000] {processor.py:830} INFO - Processing file /home/airflow/.local/lib/python3.8/site-packages/airflow/example_dags/example_latest_only_with_trigger.py for tasks to queue
[2024-02-24T15:26:13.116+0000] {logging_mixin.py:188} INFO - [2024-02-24T15:26:13.115+0000] {dagbag.py:538} INFO - Filling up the DagBag from /home/airflow/.local/lib/python3.8/site-packages/airflow/example_dags/example_latest_only_with_trigger.py
[2024-02-24T15:26:13.120+0000] {processor.py:840} INFO - DAG(s) 'latest_only_with_trigger' retrieved from /home/airflow/.local/lib/python3.8/site-packages/airflow/example_dags/example_latest_only_with_trigger.py
[2024-02-24T15:26:13.135+0000] {logging_mixin.py:188} INFO - [2024-02-24T15:26:13.135+0000] {dag.py:3036} INFO - Sync 1 DAGs
[2024-02-24T15:26:13.151+0000] {logging_mixin.py:188} INFO - [2024-02-24T15:26:13.151+0000] {dag.py:3823} INFO - Setting next_dagrun for latest_only_with_trigger to 2024-02-24 08:00:00+00:00, run_after=2024-02-24 12:00:00+00:00
[2024-02-24T15:26:13.166+0000] {processor.py:183} INFO - Processing /home/airflow/.local/lib/python3.8/site-packages/airflow/example_dags/example_latest_only_with_trigger.py took 0.055 seconds
[2024-02-24T15:26:43.446+0000] {processor.py:161} INFO - Started process (PID=412) to work on /home/airflow/.local/lib/python3.8/site-packages/airflow/example_dags/example_latest_only_with_trigger.py
[2024-02-24T15:26:43.447+0000] {processor.py:830} INFO - Processing file /home/airflow/.local/lib/python3.8/site-packages/airflow/example_dags/example_latest_only_with_trigger.py for tasks to queue
[2024-02-24T15:26:43.449+0000] {logging_mixin.py:188} INFO - [2024-02-24T15:26:43.448+0000] {dagbag.py:538} INFO - Filling up the DagBag from /home/airflow/.local/lib/python3.8/site-packages/airflow/example_dags/example_latest_only_with_trigger.py
[2024-02-24T15:26:43.453+0000] {processor.py:840} INFO - DAG(s) 'latest_only_with_trigger' retrieved from /home/airflow/.local/lib/python3.8/site-packages/airflow/example_dags/example_latest_only_with_trigger.py
[2024-02-24T15:26:43.467+0000] {logging_mixin.py:188} INFO - [2024-02-24T15:26:43.467+0000] {dag.py:3036} INFO - Sync 1 DAGs
[2024-02-24T15:26:43.483+0000] {logging_mixin.py:188} INFO - [2024-02-24T15:26:43.483+0000] {dag.py:3823} INFO - Setting next_dagrun for latest_only_with_trigger to 2024-02-24 08:00:00+00:00, run_after=2024-02-24 12:00:00+00:00
[2024-02-24T15:26:43.498+0000] {processor.py:183} INFO - Processing /home/airflow/.local/lib/python3.8/site-packages/airflow/example_dags/example_latest_only_with_trigger.py took 0.055 seconds
[2024-02-24T15:27:13.671+0000] {processor.py:161} INFO - Started process (PID=467) to work on /home/airflow/.local/lib/python3.8/site-packages/airflow/example_dags/example_latest_only_with_trigger.py
[2024-02-24T15:27:13.672+0000] {processor.py:830} INFO - Processing file /home/airflow/.local/lib/python3.8/site-packages/airflow/example_dags/example_latest_only_with_trigger.py for tasks to queue
[2024-02-24T15:27:13.674+0000] {logging_mixin.py:188} INFO - [2024-02-24T15:27:13.674+0000] {dagbag.py:538} INFO - Filling up the DagBag from /home/airflow/.local/lib/python3.8/site-packages/airflow/example_dags/example_latest_only_with_trigger.py
[2024-02-24T15:27:13.679+0000] {processor.py:840} INFO - DAG(s) 'latest_only_with_trigger' retrieved from /home/airflow/.local/lib/python3.8/site-packages/airflow/example_dags/example_latest_only_with_trigger.py
[2024-02-24T15:27:13.694+0000] {logging_mixin.py:188} INFO - [2024-02-24T15:27:13.694+0000] {dag.py:3036} INFO - Sync 1 DAGs
[2024-02-24T15:27:13.712+0000] {logging_mixin.py:188} INFO - [2024-02-24T15:27:13.712+0000] {dag.py:3823} INFO - Setting next_dagrun for latest_only_with_trigger to 2024-02-24 08:00:00+00:00, run_after=2024-02-24 12:00:00+00:00
[2024-02-24T15:27:13.731+0000] {processor.py:183} INFO - Processing /home/airflow/.local/lib/python3.8/site-packages/airflow/example_dags/example_latest_only_with_trigger.py took 0.063 seconds
