[2024-02-24T15:23:37.584+0000] {processor.py:161} INFO - Started process (PID=43) to work on /home/airflow/.local/lib/python3.8/site-packages/airflow/example_dags/example_sla_dag.py
[2024-02-24T15:23:37.585+0000] {processor.py:830} INFO - Processing file /home/airflow/.local/lib/python3.8/site-packages/airflow/example_dags/example_sla_dag.py for tasks to queue
[2024-02-24T15:23:37.587+0000] {logging_mixin.py:188} INFO - [2024-02-24T15:23:37.587+0000] {dagbag.py:538} INFO - Filling up the DagBag from /home/airflow/.local/lib/python3.8/site-packages/airflow/example_dags/example_sla_dag.py
[2024-02-24T15:23:37.598+0000] {processor.py:840} INFO - DAG(s) 'example_sla_dag' retrieved from /home/airflow/.local/lib/python3.8/site-packages/airflow/example_dags/example_sla_dag.py
[2024-02-24T15:23:37.620+0000] {logging_mixin.py:188} INFO - [2024-02-24T15:23:37.620+0000] {dag.py:3036} INFO - Sync 1 DAGs
[2024-02-24T15:23:37.641+0000] {logging_mixin.py:188} INFO - [2024-02-24T15:23:37.641+0000] {dag.py:3823} INFO - Setting next_dagrun for example_sla_dag to 2024-02-24 15:20:00+00:00, run_after=2024-02-24 15:22:00+00:00
[2024-02-24T15:23:37.656+0000] {processor.py:183} INFO - Processing /home/airflow/.local/lib/python3.8/site-packages/airflow/example_dags/example_sla_dag.py took 0.074 seconds
[2024-02-24T15:24:08.089+0000] {processor.py:161} INFO - Started process (PID=98) to work on /home/airflow/.local/lib/python3.8/site-packages/airflow/example_dags/example_sla_dag.py
[2024-02-24T15:24:08.090+0000] {processor.py:830} INFO - Processing file /home/airflow/.local/lib/python3.8/site-packages/airflow/example_dags/example_sla_dag.py for tasks to queue
[2024-02-24T15:24:08.092+0000] {logging_mixin.py:188} INFO - [2024-02-24T15:24:08.091+0000] {dagbag.py:538} INFO - Filling up the DagBag from /home/airflow/.local/lib/python3.8/site-packages/airflow/example_dags/example_sla_dag.py
[2024-02-24T15:24:08.097+0000] {processor.py:840} INFO - DAG(s) 'example_sla_dag' retrieved from /home/airflow/.local/lib/python3.8/site-packages/airflow/example_dags/example_sla_dag.py
[2024-02-24T15:24:08.247+0000] {logging_mixin.py:188} INFO - [2024-02-24T15:24:08.247+0000] {dag.py:3036} INFO - Sync 1 DAGs
[2024-02-24T15:24:08.268+0000] {logging_mixin.py:188} INFO - [2024-02-24T15:24:08.268+0000] {dag.py:3823} INFO - Setting next_dagrun for example_sla_dag to 2024-02-24 15:22:00+00:00, run_after=2024-02-24 15:24:00+00:00
[2024-02-24T15:24:08.282+0000] {processor.py:183} INFO - Processing /home/airflow/.local/lib/python3.8/site-packages/airflow/example_dags/example_sla_dag.py took 0.195 seconds
[2024-02-24T15:24:38.424+0000] {processor.py:161} INFO - Started process (PID=153) to work on /home/airflow/.local/lib/python3.8/site-packages/airflow/example_dags/example_sla_dag.py
[2024-02-24T15:24:38.425+0000] {processor.py:830} INFO - Processing file /home/airflow/.local/lib/python3.8/site-packages/airflow/example_dags/example_sla_dag.py for tasks to queue
[2024-02-24T15:24:38.426+0000] {logging_mixin.py:188} INFO - [2024-02-24T15:24:38.426+0000] {dagbag.py:538} INFO - Filling up the DagBag from /home/airflow/.local/lib/python3.8/site-packages/airflow/example_dags/example_sla_dag.py
[2024-02-24T15:24:38.432+0000] {processor.py:840} INFO - DAG(s) 'example_sla_dag' retrieved from /home/airflow/.local/lib/python3.8/site-packages/airflow/example_dags/example_sla_dag.py
[2024-02-24T15:24:38.446+0000] {logging_mixin.py:188} INFO - [2024-02-24T15:24:38.445+0000] {dag.py:3036} INFO - Sync 1 DAGs
[2024-02-24T15:24:38.462+0000] {logging_mixin.py:188} INFO - [2024-02-24T15:24:38.462+0000] {dag.py:3823} INFO - Setting next_dagrun for example_sla_dag to 2024-02-24 15:22:00+00:00, run_after=2024-02-24 15:24:00+00:00
[2024-02-24T15:24:38.511+0000] {processor.py:183} INFO - Processing /home/airflow/.local/lib/python3.8/site-packages/airflow/example_dags/example_sla_dag.py took 0.089 seconds
[2024-02-24T15:25:08.649+0000] {processor.py:161} INFO - Started process (PID=208) to work on /home/airflow/.local/lib/python3.8/site-packages/airflow/example_dags/example_sla_dag.py
[2024-02-24T15:25:08.650+0000] {processor.py:830} INFO - Processing file /home/airflow/.local/lib/python3.8/site-packages/airflow/example_dags/example_sla_dag.py for tasks to queue
[2024-02-24T15:25:08.651+0000] {logging_mixin.py:188} INFO - [2024-02-24T15:25:08.651+0000] {dagbag.py:538} INFO - Filling up the DagBag from /home/airflow/.local/lib/python3.8/site-packages/airflow/example_dags/example_sla_dag.py
[2024-02-24T15:25:08.658+0000] {processor.py:840} INFO - DAG(s) 'example_sla_dag' retrieved from /home/airflow/.local/lib/python3.8/site-packages/airflow/example_dags/example_sla_dag.py
[2024-02-24T15:25:08.673+0000] {logging_mixin.py:188} INFO - [2024-02-24T15:25:08.672+0000] {dag.py:3036} INFO - Sync 1 DAGs
[2024-02-24T15:25:08.691+0000] {logging_mixin.py:188} INFO - [2024-02-24T15:25:08.691+0000] {dag.py:3823} INFO - Setting next_dagrun for example_sla_dag to 2024-02-24 15:22:00+00:00, run_after=2024-02-24 15:24:00+00:00
[2024-02-24T15:25:08.708+0000] {processor.py:183} INFO - Processing /home/airflow/.local/lib/python3.8/site-packages/airflow/example_dags/example_sla_dag.py took 0.060 seconds
[2024-02-24T15:25:39.105+0000] {processor.py:161} INFO - Started process (PID=263) to work on /home/airflow/.local/lib/python3.8/site-packages/airflow/example_dags/example_sla_dag.py
[2024-02-24T15:25:39.106+0000] {processor.py:830} INFO - Processing file /home/airflow/.local/lib/python3.8/site-packages/airflow/example_dags/example_sla_dag.py for tasks to queue
[2024-02-24T15:25:39.107+0000] {logging_mixin.py:188} INFO - [2024-02-24T15:25:39.107+0000] {dagbag.py:538} INFO - Filling up the DagBag from /home/airflow/.local/lib/python3.8/site-packages/airflow/example_dags/example_sla_dag.py
[2024-02-24T15:25:39.113+0000] {processor.py:840} INFO - DAG(s) 'example_sla_dag' retrieved from /home/airflow/.local/lib/python3.8/site-packages/airflow/example_dags/example_sla_dag.py
[2024-02-24T15:25:39.128+0000] {logging_mixin.py:188} INFO - [2024-02-24T15:25:39.128+0000] {dag.py:3036} INFO - Sync 1 DAGs
[2024-02-24T15:25:39.145+0000] {logging_mixin.py:188} INFO - [2024-02-24T15:25:39.144+0000] {dag.py:3823} INFO - Setting next_dagrun for example_sla_dag to 2024-02-24 15:22:00+00:00, run_after=2024-02-24 15:24:00+00:00
[2024-02-24T15:25:39.192+0000] {processor.py:183} INFO - Processing /home/airflow/.local/lib/python3.8/site-packages/airflow/example_dags/example_sla_dag.py took 0.089 seconds
[2024-02-24T15:26:09.305+0000] {processor.py:161} INFO - Started process (PID=318) to work on /home/airflow/.local/lib/python3.8/site-packages/airflow/example_dags/example_sla_dag.py
[2024-02-24T15:26:09.306+0000] {processor.py:830} INFO - Processing file /home/airflow/.local/lib/python3.8/site-packages/airflow/example_dags/example_sla_dag.py for tasks to queue
[2024-02-24T15:26:09.308+0000] {logging_mixin.py:188} INFO - [2024-02-24T15:26:09.308+0000] {dagbag.py:538} INFO - Filling up the DagBag from /home/airflow/.local/lib/python3.8/site-packages/airflow/example_dags/example_sla_dag.py
[2024-02-24T15:26:09.314+0000] {processor.py:840} INFO - DAG(s) 'example_sla_dag' retrieved from /home/airflow/.local/lib/python3.8/site-packages/airflow/example_dags/example_sla_dag.py
[2024-02-24T15:26:09.328+0000] {logging_mixin.py:188} INFO - [2024-02-24T15:26:09.328+0000] {dag.py:3036} INFO - Sync 1 DAGs
[2024-02-24T15:26:09.345+0000] {logging_mixin.py:188} INFO - [2024-02-24T15:26:09.345+0000] {dag.py:3823} INFO - Setting next_dagrun for example_sla_dag to 2024-02-24 15:24:00+00:00, run_after=2024-02-24 15:26:00+00:00
[2024-02-24T15:26:09.360+0000] {processor.py:183} INFO - Processing /home/airflow/.local/lib/python3.8/site-packages/airflow/example_dags/example_sla_dag.py took 0.058 seconds
[2024-02-24T15:26:39.692+0000] {processor.py:161} INFO - Started process (PID=373) to work on /home/airflow/.local/lib/python3.8/site-packages/airflow/example_dags/example_sla_dag.py
[2024-02-24T15:26:39.692+0000] {processor.py:830} INFO - Processing file /home/airflow/.local/lib/python3.8/site-packages/airflow/example_dags/example_sla_dag.py for tasks to queue
[2024-02-24T15:26:39.694+0000] {logging_mixin.py:188} INFO - [2024-02-24T15:26:39.694+0000] {dagbag.py:538} INFO - Filling up the DagBag from /home/airflow/.local/lib/python3.8/site-packages/airflow/example_dags/example_sla_dag.py
[2024-02-24T15:26:39.700+0000] {processor.py:840} INFO - DAG(s) 'example_sla_dag' retrieved from /home/airflow/.local/lib/python3.8/site-packages/airflow/example_dags/example_sla_dag.py
[2024-02-24T15:26:39.715+0000] {logging_mixin.py:188} INFO - [2024-02-24T15:26:39.715+0000] {dag.py:3036} INFO - Sync 1 DAGs
[2024-02-24T15:26:39.733+0000] {logging_mixin.py:188} INFO - [2024-02-24T15:26:39.733+0000] {dag.py:3823} INFO - Setting next_dagrun for example_sla_dag to 2024-02-24 15:24:00+00:00, run_after=2024-02-24 15:26:00+00:00
[2024-02-24T15:26:39.747+0000] {processor.py:183} INFO - Processing /home/airflow/.local/lib/python3.8/site-packages/airflow/example_dags/example_sla_dag.py took 0.057 seconds
[2024-02-24T15:27:09.818+0000] {processor.py:161} INFO - Started process (PID=428) to work on /home/airflow/.local/lib/python3.8/site-packages/airflow/example_dags/example_sla_dag.py
[2024-02-24T15:27:09.820+0000] {processor.py:830} INFO - Processing file /home/airflow/.local/lib/python3.8/site-packages/airflow/example_dags/example_sla_dag.py for tasks to queue
[2024-02-24T15:27:09.822+0000] {logging_mixin.py:188} INFO - [2024-02-24T15:27:09.822+0000] {dagbag.py:538} INFO - Filling up the DagBag from /home/airflow/.local/lib/python3.8/site-packages/airflow/example_dags/example_sla_dag.py
[2024-02-24T15:27:09.827+0000] {processor.py:840} INFO - DAG(s) 'example_sla_dag' retrieved from /home/airflow/.local/lib/python3.8/site-packages/airflow/example_dags/example_sla_dag.py
[2024-02-24T15:27:09.842+0000] {logging_mixin.py:188} INFO - [2024-02-24T15:27:09.842+0000] {dag.py:3036} INFO - Sync 1 DAGs
[2024-02-24T15:27:09.860+0000] {logging_mixin.py:188} INFO - [2024-02-24T15:27:09.860+0000] {dag.py:3823} INFO - Setting next_dagrun for example_sla_dag to 2024-02-24 15:24:00+00:00, run_after=2024-02-24 15:26:00+00:00
[2024-02-24T15:27:09.908+0000] {processor.py:183} INFO - Processing /home/airflow/.local/lib/python3.8/site-packages/airflow/example_dags/example_sla_dag.py took 0.092 seconds
