[2024-02-24T15:23:40.145+0000] {processor.py:161} INFO - Started process (PID=85) to work on /home/airflow/.local/lib/python3.8/site-packages/airflow/example_dags/example_dag_decorator.py
[2024-02-24T15:23:40.155+0000] {processor.py:830} INFO - Processing file /home/airflow/.local/lib/python3.8/site-packages/airflow/example_dags/example_dag_decorator.py for tasks to queue
[2024-02-24T15:23:40.163+0000] {logging_mixin.py:188} INFO - [2024-02-24T15:23:40.162+0000] {dagbag.py:538} INFO - Filling up the DagBag from /home/airflow/.local/lib/python3.8/site-packages/airflow/example_dags/example_dag_decorator.py
[2024-02-24T15:23:40.389+0000] {processor.py:840} INFO - DAG(s) 'example_dag_decorator' retrieved from /home/airflow/.local/lib/python3.8/site-packages/airflow/example_dags/example_dag_decorator.py
[2024-02-24T15:23:40.414+0000] {logging_mixin.py:188} INFO - [2024-02-24T15:23:40.414+0000] {dag.py:3036} INFO - Sync 1 DAGs
[2024-02-24T15:23:40.443+0000] {logging_mixin.py:188} INFO - [2024-02-24T15:23:40.443+0000] {dag.py:3823} INFO - Setting next_dagrun for example_dag_decorator to None, run_after=None
[2024-02-24T15:23:40.470+0000] {processor.py:183} INFO - Processing /home/airflow/.local/lib/python3.8/site-packages/airflow/example_dags/example_dag_decorator.py took 0.338 seconds
[2024-02-24T15:24:11.099+0000] {processor.py:161} INFO - Started process (PID=140) to work on /home/airflow/.local/lib/python3.8/site-packages/airflow/example_dags/example_dag_decorator.py
[2024-02-24T15:24:11.100+0000] {processor.py:830} INFO - Processing file /home/airflow/.local/lib/python3.8/site-packages/airflow/example_dags/example_dag_decorator.py for tasks to queue
[2024-02-24T15:24:11.102+0000] {logging_mixin.py:188} INFO - [2024-02-24T15:24:11.102+0000] {dagbag.py:538} INFO - Filling up the DagBag from /home/airflow/.local/lib/python3.8/site-packages/airflow/example_dags/example_dag_decorator.py
[2024-02-24T15:24:11.168+0000] {processor.py:840} INFO - DAG(s) 'example_dag_decorator' retrieved from /home/airflow/.local/lib/python3.8/site-packages/airflow/example_dags/example_dag_decorator.py
[2024-02-24T15:24:11.238+0000] {logging_mixin.py:188} INFO - [2024-02-24T15:24:11.238+0000] {dag.py:3036} INFO - Sync 1 DAGs
[2024-02-24T15:24:11.246+0000] {logging_mixin.py:188} INFO - [2024-02-24T15:24:11.246+0000] {dag.py:3823} INFO - Setting next_dagrun for example_dag_decorator to None, run_after=None
[2024-02-24T15:24:11.258+0000] {processor.py:183} INFO - Processing /home/airflow/.local/lib/python3.8/site-packages/airflow/example_dags/example_dag_decorator.py took 0.161 seconds
[2024-02-24T15:24:41.335+0000] {processor.py:161} INFO - Started process (PID=195) to work on /home/airflow/.local/lib/python3.8/site-packages/airflow/example_dags/example_dag_decorator.py
[2024-02-24T15:24:41.336+0000] {processor.py:830} INFO - Processing file /home/airflow/.local/lib/python3.8/site-packages/airflow/example_dags/example_dag_decorator.py for tasks to queue
[2024-02-24T15:24:41.337+0000] {logging_mixin.py:188} INFO - [2024-02-24T15:24:41.337+0000] {dagbag.py:538} INFO - Filling up the DagBag from /home/airflow/.local/lib/python3.8/site-packages/airflow/example_dags/example_dag_decorator.py
[2024-02-24T15:24:41.408+0000] {processor.py:840} INFO - DAG(s) 'example_dag_decorator' retrieved from /home/airflow/.local/lib/python3.8/site-packages/airflow/example_dags/example_dag_decorator.py
[2024-02-24T15:24:41.485+0000] {logging_mixin.py:188} INFO - [2024-02-24T15:24:41.485+0000] {dag.py:3036} INFO - Sync 1 DAGs
[2024-02-24T15:24:41.493+0000] {logging_mixin.py:188} INFO - [2024-02-24T15:24:41.492+0000] {dag.py:3823} INFO - Setting next_dagrun for example_dag_decorator to None, run_after=None
[2024-02-24T15:24:41.508+0000] {processor.py:183} INFO - Processing /home/airflow/.local/lib/python3.8/site-packages/airflow/example_dags/example_dag_decorator.py took 0.176 seconds
[2024-02-24T15:25:11.775+0000] {processor.py:161} INFO - Started process (PID=250) to work on /home/airflow/.local/lib/python3.8/site-packages/airflow/example_dags/example_dag_decorator.py
[2024-02-24T15:25:11.777+0000] {processor.py:830} INFO - Processing file /home/airflow/.local/lib/python3.8/site-packages/airflow/example_dags/example_dag_decorator.py for tasks to queue
[2024-02-24T15:25:11.778+0000] {logging_mixin.py:188} INFO - [2024-02-24T15:25:11.778+0000] {dagbag.py:538} INFO - Filling up the DagBag from /home/airflow/.local/lib/python3.8/site-packages/airflow/example_dags/example_dag_decorator.py
[2024-02-24T15:25:11.858+0000] {processor.py:840} INFO - DAG(s) 'example_dag_decorator' retrieved from /home/airflow/.local/lib/python3.8/site-packages/airflow/example_dags/example_dag_decorator.py
[2024-02-24T15:25:11.935+0000] {logging_mixin.py:188} INFO - [2024-02-24T15:25:11.934+0000] {dag.py:3036} INFO - Sync 1 DAGs
[2024-02-24T15:25:11.944+0000] {logging_mixin.py:188} INFO - [2024-02-24T15:25:11.944+0000] {dag.py:3823} INFO - Setting next_dagrun for example_dag_decorator to None, run_after=None
[2024-02-24T15:25:11.963+0000] {processor.py:183} INFO - Processing /home/airflow/.local/lib/python3.8/site-packages/airflow/example_dags/example_dag_decorator.py took 0.190 seconds
[2024-02-24T15:25:42.007+0000] {processor.py:161} INFO - Started process (PID=307) to work on /home/airflow/.local/lib/python3.8/site-packages/airflow/example_dags/example_dag_decorator.py
[2024-02-24T15:25:42.008+0000] {processor.py:830} INFO - Processing file /home/airflow/.local/lib/python3.8/site-packages/airflow/example_dags/example_dag_decorator.py for tasks to queue
[2024-02-24T15:25:42.010+0000] {logging_mixin.py:188} INFO - [2024-02-24T15:25:42.010+0000] {dagbag.py:538} INFO - Filling up the DagBag from /home/airflow/.local/lib/python3.8/site-packages/airflow/example_dags/example_dag_decorator.py
[2024-02-24T15:25:42.073+0000] {processor.py:840} INFO - DAG(s) 'example_dag_decorator' retrieved from /home/airflow/.local/lib/python3.8/site-packages/airflow/example_dags/example_dag_decorator.py
[2024-02-24T15:25:42.133+0000] {logging_mixin.py:188} INFO - [2024-02-24T15:25:42.133+0000] {dag.py:3036} INFO - Sync 1 DAGs
[2024-02-24T15:25:42.140+0000] {logging_mixin.py:188} INFO - [2024-02-24T15:25:42.140+0000] {dag.py:3823} INFO - Setting next_dagrun for example_dag_decorator to None, run_after=None
[2024-02-24T15:25:42.169+0000] {processor.py:183} INFO - Processing /home/airflow/.local/lib/python3.8/site-packages/airflow/example_dags/example_dag_decorator.py took 0.164 seconds
[2024-02-24T15:26:13.277+0000] {processor.py:161} INFO - Started process (PID=360) to work on /home/airflow/.local/lib/python3.8/site-packages/airflow/example_dags/example_dag_decorator.py
[2024-02-24T15:26:13.279+0000] {processor.py:830} INFO - Processing file /home/airflow/.local/lib/python3.8/site-packages/airflow/example_dags/example_dag_decorator.py for tasks to queue
[2024-02-24T15:26:13.280+0000] {logging_mixin.py:188} INFO - [2024-02-24T15:26:13.280+0000] {dagbag.py:538} INFO - Filling up the DagBag from /home/airflow/.local/lib/python3.8/site-packages/airflow/example_dags/example_dag_decorator.py
[2024-02-24T15:26:13.349+0000] {processor.py:840} INFO - DAG(s) 'example_dag_decorator' retrieved from /home/airflow/.local/lib/python3.8/site-packages/airflow/example_dags/example_dag_decorator.py
[2024-02-24T15:26:13.433+0000] {logging_mixin.py:188} INFO - [2024-02-24T15:26:13.433+0000] {dag.py:3036} INFO - Sync 1 DAGs
[2024-02-24T15:26:13.442+0000] {logging_mixin.py:188} INFO - [2024-02-24T15:26:13.442+0000] {dag.py:3823} INFO - Setting next_dagrun for example_dag_decorator to None, run_after=None
[2024-02-24T15:26:13.462+0000] {processor.py:183} INFO - Processing /home/airflow/.local/lib/python3.8/site-packages/airflow/example_dags/example_dag_decorator.py took 0.187 seconds
[2024-02-24T15:26:43.524+0000] {processor.py:161} INFO - Started process (PID=415) to work on /home/airflow/.local/lib/python3.8/site-packages/airflow/example_dags/example_dag_decorator.py
[2024-02-24T15:26:43.525+0000] {processor.py:830} INFO - Processing file /home/airflow/.local/lib/python3.8/site-packages/airflow/example_dags/example_dag_decorator.py for tasks to queue
[2024-02-24T15:26:43.527+0000] {logging_mixin.py:188} INFO - [2024-02-24T15:26:43.527+0000] {dagbag.py:538} INFO - Filling up the DagBag from /home/airflow/.local/lib/python3.8/site-packages/airflow/example_dags/example_dag_decorator.py
[2024-02-24T15:26:43.593+0000] {processor.py:840} INFO - DAG(s) 'example_dag_decorator' retrieved from /home/airflow/.local/lib/python3.8/site-packages/airflow/example_dags/example_dag_decorator.py
[2024-02-24T15:26:43.667+0000] {logging_mixin.py:188} INFO - [2024-02-24T15:26:43.667+0000] {dag.py:3036} INFO - Sync 1 DAGs
[2024-02-24T15:26:43.676+0000] {logging_mixin.py:188} INFO - [2024-02-24T15:26:43.675+0000] {dag.py:3823} INFO - Setting next_dagrun for example_dag_decorator to None, run_after=None
[2024-02-24T15:26:43.691+0000] {processor.py:183} INFO - Processing /home/airflow/.local/lib/python3.8/site-packages/airflow/example_dags/example_dag_decorator.py took 0.168 seconds
[2024-02-24T15:27:13.788+0000] {processor.py:161} INFO - Started process (PID=470) to work on /home/airflow/.local/lib/python3.8/site-packages/airflow/example_dags/example_dag_decorator.py
[2024-02-24T15:27:13.789+0000] {processor.py:830} INFO - Processing file /home/airflow/.local/lib/python3.8/site-packages/airflow/example_dags/example_dag_decorator.py for tasks to queue
[2024-02-24T15:27:13.791+0000] {logging_mixin.py:188} INFO - [2024-02-24T15:27:13.791+0000] {dagbag.py:538} INFO - Filling up the DagBag from /home/airflow/.local/lib/python3.8/site-packages/airflow/example_dags/example_dag_decorator.py
[2024-02-24T15:27:13.861+0000] {processor.py:840} INFO - DAG(s) 'example_dag_decorator' retrieved from /home/airflow/.local/lib/python3.8/site-packages/airflow/example_dags/example_dag_decorator.py
[2024-02-24T15:27:13.946+0000] {logging_mixin.py:188} INFO - [2024-02-24T15:27:13.946+0000] {dag.py:3036} INFO - Sync 1 DAGs
[2024-02-24T15:27:13.954+0000] {logging_mixin.py:188} INFO - [2024-02-24T15:27:13.954+0000] {dag.py:3823} INFO - Setting next_dagrun for example_dag_decorator to None, run_after=None
[2024-02-24T15:27:13.969+0000] {processor.py:183} INFO - Processing /home/airflow/.local/lib/python3.8/site-packages/airflow/example_dags/example_dag_decorator.py took 0.184 seconds
