[2024-02-24T15:23:38.060+0000] {processor.py:161} INFO - Started process (PID=51) to work on /home/airflow/.local/lib/python3.8/site-packages/airflow/example_dags/example_kubernetes_executor.py
[2024-02-24T15:23:38.061+0000] {processor.py:830} INFO - Processing file /home/airflow/.local/lib/python3.8/site-packages/airflow/example_dags/example_kubernetes_executor.py for tasks to queue
[2024-02-24T15:23:38.063+0000] {logging_mixin.py:188} INFO - [2024-02-24T15:23:38.062+0000] {dagbag.py:538} INFO - Filling up the DagBag from /home/airflow/.local/lib/python3.8/site-packages/airflow/example_dags/example_kubernetes_executor.py
[2024-02-24T15:23:38.076+0000] {processor.py:840} INFO - DAG(s) 'example_kubernetes_executor' retrieved from /home/airflow/.local/lib/python3.8/site-packages/airflow/example_dags/example_kubernetes_executor.py
[2024-02-24T15:23:38.084+0000] {logging_mixin.py:188} INFO - [2024-02-24T15:23:38.084+0000] {dag.py:3036} INFO - Sync 1 DAGs
[2024-02-24T15:23:38.094+0000] {logging_mixin.py:188} INFO - [2024-02-24T15:23:38.094+0000] {dag.py:3823} INFO - Setting next_dagrun for example_kubernetes_executor to None, run_after=None
[2024-02-24T15:23:38.108+0000] {processor.py:183} INFO - Processing /home/airflow/.local/lib/python3.8/site-packages/airflow/example_dags/example_kubernetes_executor.py took 0.050 seconds
[2024-02-24T15:24:08.900+0000] {processor.py:161} INFO - Started process (PID=106) to work on /home/airflow/.local/lib/python3.8/site-packages/airflow/example_dags/example_kubernetes_executor.py
[2024-02-24T15:24:08.901+0000] {processor.py:830} INFO - Processing file /home/airflow/.local/lib/python3.8/site-packages/airflow/example_dags/example_kubernetes_executor.py for tasks to queue
[2024-02-24T15:24:08.903+0000] {logging_mixin.py:188} INFO - [2024-02-24T15:24:08.903+0000] {dagbag.py:538} INFO - Filling up the DagBag from /home/airflow/.local/lib/python3.8/site-packages/airflow/example_dags/example_kubernetes_executor.py
[2024-02-24T15:24:08.912+0000] {processor.py:840} INFO - DAG(s) 'example_kubernetes_executor' retrieved from /home/airflow/.local/lib/python3.8/site-packages/airflow/example_dags/example_kubernetes_executor.py
[2024-02-24T15:24:08.986+0000] {logging_mixin.py:188} INFO - [2024-02-24T15:24:08.985+0000] {dag.py:3036} INFO - Sync 1 DAGs
[2024-02-24T15:24:08.992+0000] {logging_mixin.py:188} INFO - [2024-02-24T15:24:08.992+0000] {dag.py:3823} INFO - Setting next_dagrun for example_kubernetes_executor to None, run_after=None
[2024-02-24T15:24:09.007+0000] {processor.py:183} INFO - Processing /home/airflow/.local/lib/python3.8/site-packages/airflow/example_dags/example_kubernetes_executor.py took 0.109 seconds
[2024-02-24T15:24:39.793+0000] {processor.py:161} INFO - Started process (PID=161) to work on /home/airflow/.local/lib/python3.8/site-packages/airflow/example_dags/example_kubernetes_executor.py
[2024-02-24T15:24:39.794+0000] {processor.py:830} INFO - Processing file /home/airflow/.local/lib/python3.8/site-packages/airflow/example_dags/example_kubernetes_executor.py for tasks to queue
[2024-02-24T15:24:39.795+0000] {logging_mixin.py:188} INFO - [2024-02-24T15:24:39.795+0000] {dagbag.py:538} INFO - Filling up the DagBag from /home/airflow/.local/lib/python3.8/site-packages/airflow/example_dags/example_kubernetes_executor.py
[2024-02-24T15:24:39.806+0000] {processor.py:840} INFO - DAG(s) 'example_kubernetes_executor' retrieved from /home/airflow/.local/lib/python3.8/site-packages/airflow/example_dags/example_kubernetes_executor.py
[2024-02-24T15:24:39.834+0000] {logging_mixin.py:188} INFO - [2024-02-24T15:24:39.834+0000] {dag.py:3036} INFO - Sync 1 DAGs
[2024-02-24T15:24:39.844+0000] {logging_mixin.py:188} INFO - [2024-02-24T15:24:39.844+0000] {dag.py:3823} INFO - Setting next_dagrun for example_kubernetes_executor to None, run_after=None
[2024-02-24T15:24:39.859+0000] {processor.py:183} INFO - Processing /home/airflow/.local/lib/python3.8/site-packages/airflow/example_dags/example_kubernetes_executor.py took 0.068 seconds
[2024-02-24T15:25:10.156+0000] {processor.py:161} INFO - Started process (PID=216) to work on /home/airflow/.local/lib/python3.8/site-packages/airflow/example_dags/example_kubernetes_executor.py
[2024-02-24T15:25:10.157+0000] {processor.py:830} INFO - Processing file /home/airflow/.local/lib/python3.8/site-packages/airflow/example_dags/example_kubernetes_executor.py for tasks to queue
[2024-02-24T15:25:10.159+0000] {logging_mixin.py:188} INFO - [2024-02-24T15:25:10.159+0000] {dagbag.py:538} INFO - Filling up the DagBag from /home/airflow/.local/lib/python3.8/site-packages/airflow/example_dags/example_kubernetes_executor.py
[2024-02-24T15:25:10.169+0000] {processor.py:840} INFO - DAG(s) 'example_kubernetes_executor' retrieved from /home/airflow/.local/lib/python3.8/site-packages/airflow/example_dags/example_kubernetes_executor.py
[2024-02-24T15:25:10.200+0000] {logging_mixin.py:188} INFO - [2024-02-24T15:25:10.200+0000] {dag.py:3036} INFO - Sync 1 DAGs
[2024-02-24T15:25:10.211+0000] {logging_mixin.py:188} INFO - [2024-02-24T15:25:10.210+0000] {dag.py:3823} INFO - Setting next_dagrun for example_kubernetes_executor to None, run_after=None
[2024-02-24T15:25:10.226+0000] {processor.py:183} INFO - Processing /home/airflow/.local/lib/python3.8/site-packages/airflow/example_dags/example_kubernetes_executor.py took 0.072 seconds
[2024-02-24T15:25:40.572+0000] {processor.py:161} INFO - Started process (PID=271) to work on /home/airflow/.local/lib/python3.8/site-packages/airflow/example_dags/example_kubernetes_executor.py
[2024-02-24T15:25:40.573+0000] {processor.py:830} INFO - Processing file /home/airflow/.local/lib/python3.8/site-packages/airflow/example_dags/example_kubernetes_executor.py for tasks to queue
[2024-02-24T15:25:40.575+0000] {logging_mixin.py:188} INFO - [2024-02-24T15:25:40.575+0000] {dagbag.py:538} INFO - Filling up the DagBag from /home/airflow/.local/lib/python3.8/site-packages/airflow/example_dags/example_kubernetes_executor.py
[2024-02-24T15:25:40.586+0000] {processor.py:840} INFO - DAG(s) 'example_kubernetes_executor' retrieved from /home/airflow/.local/lib/python3.8/site-packages/airflow/example_dags/example_kubernetes_executor.py
[2024-02-24T15:25:40.612+0000] {logging_mixin.py:188} INFO - [2024-02-24T15:25:40.612+0000] {dag.py:3036} INFO - Sync 1 DAGs
[2024-02-24T15:25:40.623+0000] {logging_mixin.py:188} INFO - [2024-02-24T15:25:40.623+0000] {dag.py:3823} INFO - Setting next_dagrun for example_kubernetes_executor to None, run_after=None
[2024-02-24T15:25:40.638+0000] {processor.py:183} INFO - Processing /home/airflow/.local/lib/python3.8/site-packages/airflow/example_dags/example_kubernetes_executor.py took 0.068 seconds
[2024-02-24T15:26:11.645+0000] {processor.py:161} INFO - Started process (PID=326) to work on /home/airflow/.local/lib/python3.8/site-packages/airflow/example_dags/example_kubernetes_executor.py
[2024-02-24T15:26:11.646+0000] {processor.py:830} INFO - Processing file /home/airflow/.local/lib/python3.8/site-packages/airflow/example_dags/example_kubernetes_executor.py for tasks to queue
[2024-02-24T15:26:11.648+0000] {logging_mixin.py:188} INFO - [2024-02-24T15:26:11.648+0000] {dagbag.py:538} INFO - Filling up the DagBag from /home/airflow/.local/lib/python3.8/site-packages/airflow/example_dags/example_kubernetes_executor.py
[2024-02-24T15:26:11.658+0000] {processor.py:840} INFO - DAG(s) 'example_kubernetes_executor' retrieved from /home/airflow/.local/lib/python3.8/site-packages/airflow/example_dags/example_kubernetes_executor.py
[2024-02-24T15:26:11.686+0000] {logging_mixin.py:188} INFO - [2024-02-24T15:26:11.685+0000] {dag.py:3036} INFO - Sync 1 DAGs
[2024-02-24T15:26:11.695+0000] {logging_mixin.py:188} INFO - [2024-02-24T15:26:11.695+0000] {dag.py:3823} INFO - Setting next_dagrun for example_kubernetes_executor to None, run_after=None
[2024-02-24T15:26:11.710+0000] {processor.py:183} INFO - Processing /home/airflow/.local/lib/python3.8/site-packages/airflow/example_dags/example_kubernetes_executor.py took 0.068 seconds
[2024-02-24T15:26:42.040+0000] {processor.py:161} INFO - Started process (PID=381) to work on /home/airflow/.local/lib/python3.8/site-packages/airflow/example_dags/example_kubernetes_executor.py
[2024-02-24T15:26:42.041+0000] {processor.py:830} INFO - Processing file /home/airflow/.local/lib/python3.8/site-packages/airflow/example_dags/example_kubernetes_executor.py for tasks to queue
[2024-02-24T15:26:42.042+0000] {logging_mixin.py:188} INFO - [2024-02-24T15:26:42.042+0000] {dagbag.py:538} INFO - Filling up the DagBag from /home/airflow/.local/lib/python3.8/site-packages/airflow/example_dags/example_kubernetes_executor.py
[2024-02-24T15:26:42.052+0000] {processor.py:840} INFO - DAG(s) 'example_kubernetes_executor' retrieved from /home/airflow/.local/lib/python3.8/site-packages/airflow/example_dags/example_kubernetes_executor.py
[2024-02-24T15:26:42.078+0000] {logging_mixin.py:188} INFO - [2024-02-24T15:26:42.078+0000] {dag.py:3036} INFO - Sync 1 DAGs
[2024-02-24T15:26:42.086+0000] {logging_mixin.py:188} INFO - [2024-02-24T15:26:42.086+0000] {dag.py:3823} INFO - Setting next_dagrun for example_kubernetes_executor to None, run_after=None
[2024-02-24T15:26:42.100+0000] {processor.py:183} INFO - Processing /home/airflow/.local/lib/python3.8/site-packages/airflow/example_dags/example_kubernetes_executor.py took 0.063 seconds
[2024-02-24T15:27:12.193+0000] {processor.py:161} INFO - Started process (PID=436) to work on /home/airflow/.local/lib/python3.8/site-packages/airflow/example_dags/example_kubernetes_executor.py
[2024-02-24T15:27:12.194+0000] {processor.py:830} INFO - Processing file /home/airflow/.local/lib/python3.8/site-packages/airflow/example_dags/example_kubernetes_executor.py for tasks to queue
[2024-02-24T15:27:12.195+0000] {logging_mixin.py:188} INFO - [2024-02-24T15:27:12.195+0000] {dagbag.py:538} INFO - Filling up the DagBag from /home/airflow/.local/lib/python3.8/site-packages/airflow/example_dags/example_kubernetes_executor.py
[2024-02-24T15:27:12.206+0000] {processor.py:840} INFO - DAG(s) 'example_kubernetes_executor' retrieved from /home/airflow/.local/lib/python3.8/site-packages/airflow/example_dags/example_kubernetes_executor.py
[2024-02-24T15:27:12.232+0000] {logging_mixin.py:188} INFO - [2024-02-24T15:27:12.232+0000] {dag.py:3036} INFO - Sync 1 DAGs
[2024-02-24T15:27:12.242+0000] {logging_mixin.py:188} INFO - [2024-02-24T15:27:12.241+0000] {dag.py:3823} INFO - Setting next_dagrun for example_kubernetes_executor to None, run_after=None
[2024-02-24T15:27:12.257+0000] {processor.py:183} INFO - Processing /home/airflow/.local/lib/python3.8/site-packages/airflow/example_dags/example_kubernetes_executor.py took 0.066 seconds
