[2024-02-24T15:23:38.208+0000] {processor.py:161} INFO - Started process (PID=54) to work on /home/airflow/.local/lib/python3.8/site-packages/airflow/example_dags/example_bash_operator.py
[2024-02-24T15:23:38.209+0000] {processor.py:830} INFO - Processing file /home/airflow/.local/lib/python3.8/site-packages/airflow/example_dags/example_bash_operator.py for tasks to queue
[2024-02-24T15:23:38.211+0000] {logging_mixin.py:188} INFO - [2024-02-24T15:23:38.211+0000] {dagbag.py:538} INFO - Filling up the DagBag from /home/airflow/.local/lib/python3.8/site-packages/airflow/example_dags/example_bash_operator.py
[2024-02-24T15:23:38.223+0000] {processor.py:840} INFO - DAG(s) 'example_bash_operator' retrieved from /home/airflow/.local/lib/python3.8/site-packages/airflow/example_dags/example_bash_operator.py
[2024-02-24T15:23:38.232+0000] {logging_mixin.py:188} INFO - [2024-02-24T15:23:38.232+0000] {dag.py:3036} INFO - Sync 1 DAGs
[2024-02-24T15:23:38.250+0000] {logging_mixin.py:188} INFO - [2024-02-24T15:23:38.249+0000] {dag.py:3823} INFO - Setting next_dagrun for example_bash_operator to 2024-02-23 00:00:00+00:00, run_after=2024-02-24 00:00:00+00:00
[2024-02-24T15:23:38.264+0000] {processor.py:183} INFO - Processing /home/airflow/.local/lib/python3.8/site-packages/airflow/example_dags/example_bash_operator.py took 0.058 seconds
[2024-02-24T15:24:09.028+0000] {processor.py:161} INFO - Started process (PID=109) to work on /home/airflow/.local/lib/python3.8/site-packages/airflow/example_dags/example_bash_operator.py
[2024-02-24T15:24:09.029+0000] {processor.py:830} INFO - Processing file /home/airflow/.local/lib/python3.8/site-packages/airflow/example_dags/example_bash_operator.py for tasks to queue
[2024-02-24T15:24:09.030+0000] {logging_mixin.py:188} INFO - [2024-02-24T15:24:09.030+0000] {dagbag.py:538} INFO - Filling up the DagBag from /home/airflow/.local/lib/python3.8/site-packages/airflow/example_dags/example_bash_operator.py
[2024-02-24T15:24:09.038+0000] {processor.py:840} INFO - DAG(s) 'example_bash_operator' retrieved from /home/airflow/.local/lib/python3.8/site-packages/airflow/example_dags/example_bash_operator.py
[2024-02-24T15:24:09.110+0000] {logging_mixin.py:188} INFO - [2024-02-24T15:24:09.110+0000] {dag.py:3036} INFO - Sync 1 DAGs
[2024-02-24T15:24:09.125+0000] {logging_mixin.py:188} INFO - [2024-02-24T15:24:09.125+0000] {dag.py:3823} INFO - Setting next_dagrun for example_bash_operator to 2024-02-23 00:00:00+00:00, run_after=2024-02-24 00:00:00+00:00
[2024-02-24T15:24:09.138+0000] {processor.py:183} INFO - Processing /home/airflow/.local/lib/python3.8/site-packages/airflow/example_dags/example_bash_operator.py took 0.112 seconds
[2024-02-24T15:24:39.941+0000] {processor.py:161} INFO - Started process (PID=164) to work on /home/airflow/.local/lib/python3.8/site-packages/airflow/example_dags/example_bash_operator.py
[2024-02-24T15:24:39.943+0000] {processor.py:830} INFO - Processing file /home/airflow/.local/lib/python3.8/site-packages/airflow/example_dags/example_bash_operator.py for tasks to queue
[2024-02-24T15:24:39.944+0000] {logging_mixin.py:188} INFO - [2024-02-24T15:24:39.944+0000] {dagbag.py:538} INFO - Filling up the DagBag from /home/airflow/.local/lib/python3.8/site-packages/airflow/example_dags/example_bash_operator.py
[2024-02-24T15:24:39.953+0000] {processor.py:840} INFO - DAG(s) 'example_bash_operator' retrieved from /home/airflow/.local/lib/python3.8/site-packages/airflow/example_dags/example_bash_operator.py
[2024-02-24T15:24:39.974+0000] {logging_mixin.py:188} INFO - [2024-02-24T15:24:39.973+0000] {dag.py:3036} INFO - Sync 1 DAGs
[2024-02-24T15:24:39.992+0000] {logging_mixin.py:188} INFO - [2024-02-24T15:24:39.991+0000] {dag.py:3823} INFO - Setting next_dagrun for example_bash_operator to 2024-02-23 00:00:00+00:00, run_after=2024-02-24 00:00:00+00:00
[2024-02-24T15:24:40.005+0000] {processor.py:183} INFO - Processing /home/airflow/.local/lib/python3.8/site-packages/airflow/example_dags/example_bash_operator.py took 0.066 seconds
[2024-02-24T15:25:10.340+0000] {processor.py:161} INFO - Started process (PID=219) to work on /home/airflow/.local/lib/python3.8/site-packages/airflow/example_dags/example_bash_operator.py
[2024-02-24T15:25:10.341+0000] {processor.py:830} INFO - Processing file /home/airflow/.local/lib/python3.8/site-packages/airflow/example_dags/example_bash_operator.py for tasks to queue
[2024-02-24T15:25:10.343+0000] {logging_mixin.py:188} INFO - [2024-02-24T15:25:10.343+0000] {dagbag.py:538} INFO - Filling up the DagBag from /home/airflow/.local/lib/python3.8/site-packages/airflow/example_dags/example_bash_operator.py
[2024-02-24T15:25:10.352+0000] {processor.py:840} INFO - DAG(s) 'example_bash_operator' retrieved from /home/airflow/.local/lib/python3.8/site-packages/airflow/example_dags/example_bash_operator.py
[2024-02-24T15:25:10.378+0000] {logging_mixin.py:188} INFO - [2024-02-24T15:25:10.377+0000] {dag.py:3036} INFO - Sync 1 DAGs
[2024-02-24T15:25:10.396+0000] {logging_mixin.py:188} INFO - [2024-02-24T15:25:10.395+0000] {dag.py:3823} INFO - Setting next_dagrun for example_bash_operator to 2024-02-23 00:00:00+00:00, run_after=2024-02-24 00:00:00+00:00
[2024-02-24T15:25:10.413+0000] {processor.py:183} INFO - Processing /home/airflow/.local/lib/python3.8/site-packages/airflow/example_dags/example_bash_operator.py took 0.075 seconds
[2024-02-24T15:25:40.660+0000] {processor.py:161} INFO - Started process (PID=274) to work on /home/airflow/.local/lib/python3.8/site-packages/airflow/example_dags/example_bash_operator.py
[2024-02-24T15:25:40.661+0000] {processor.py:830} INFO - Processing file /home/airflow/.local/lib/python3.8/site-packages/airflow/example_dags/example_bash_operator.py for tasks to queue
[2024-02-24T15:25:40.662+0000] {logging_mixin.py:188} INFO - [2024-02-24T15:25:40.662+0000] {dagbag.py:538} INFO - Filling up the DagBag from /home/airflow/.local/lib/python3.8/site-packages/airflow/example_dags/example_bash_operator.py
[2024-02-24T15:25:40.672+0000] {processor.py:840} INFO - DAG(s) 'example_bash_operator' retrieved from /home/airflow/.local/lib/python3.8/site-packages/airflow/example_dags/example_bash_operator.py
[2024-02-24T15:25:40.694+0000] {logging_mixin.py:188} INFO - [2024-02-24T15:25:40.693+0000] {dag.py:3036} INFO - Sync 1 DAGs
[2024-02-24T15:25:40.711+0000] {logging_mixin.py:188} INFO - [2024-02-24T15:25:40.711+0000] {dag.py:3823} INFO - Setting next_dagrun for example_bash_operator to 2024-02-23 00:00:00+00:00, run_after=2024-02-24 00:00:00+00:00
[2024-02-24T15:25:40.725+0000] {processor.py:183} INFO - Processing /home/airflow/.local/lib/python3.8/site-packages/airflow/example_dags/example_bash_operator.py took 0.068 seconds
[2024-02-24T15:26:11.820+0000] {processor.py:161} INFO - Started process (PID=329) to work on /home/airflow/.local/lib/python3.8/site-packages/airflow/example_dags/example_bash_operator.py
[2024-02-24T15:26:11.821+0000] {processor.py:830} INFO - Processing file /home/airflow/.local/lib/python3.8/site-packages/airflow/example_dags/example_bash_operator.py for tasks to queue
[2024-02-24T15:26:11.823+0000] {logging_mixin.py:188} INFO - [2024-02-24T15:26:11.822+0000] {dagbag.py:538} INFO - Filling up the DagBag from /home/airflow/.local/lib/python3.8/site-packages/airflow/example_dags/example_bash_operator.py
[2024-02-24T15:26:11.831+0000] {processor.py:840} INFO - DAG(s) 'example_bash_operator' retrieved from /home/airflow/.local/lib/python3.8/site-packages/airflow/example_dags/example_bash_operator.py
[2024-02-24T15:26:11.852+0000] {logging_mixin.py:188} INFO - [2024-02-24T15:26:11.852+0000] {dag.py:3036} INFO - Sync 1 DAGs
[2024-02-24T15:26:11.871+0000] {logging_mixin.py:188} INFO - [2024-02-24T15:26:11.870+0000] {dag.py:3823} INFO - Setting next_dagrun for example_bash_operator to 2024-02-23 00:00:00+00:00, run_after=2024-02-24 00:00:00+00:00
[2024-02-24T15:26:11.884+0000] {processor.py:183} INFO - Processing /home/airflow/.local/lib/python3.8/site-packages/airflow/example_dags/example_bash_operator.py took 0.067 seconds
[2024-02-24T15:26:42.199+0000] {processor.py:161} INFO - Started process (PID=384) to work on /home/airflow/.local/lib/python3.8/site-packages/airflow/example_dags/example_bash_operator.py
[2024-02-24T15:26:42.200+0000] {processor.py:830} INFO - Processing file /home/airflow/.local/lib/python3.8/site-packages/airflow/example_dags/example_bash_operator.py for tasks to queue
[2024-02-24T15:26:42.201+0000] {logging_mixin.py:188} INFO - [2024-02-24T15:26:42.201+0000] {dagbag.py:538} INFO - Filling up the DagBag from /home/airflow/.local/lib/python3.8/site-packages/airflow/example_dags/example_bash_operator.py
[2024-02-24T15:26:42.210+0000] {processor.py:840} INFO - DAG(s) 'example_bash_operator' retrieved from /home/airflow/.local/lib/python3.8/site-packages/airflow/example_dags/example_bash_operator.py
[2024-02-24T15:26:42.231+0000] {logging_mixin.py:188} INFO - [2024-02-24T15:26:42.230+0000] {dag.py:3036} INFO - Sync 1 DAGs
[2024-02-24T15:26:42.247+0000] {logging_mixin.py:188} INFO - [2024-02-24T15:26:42.247+0000] {dag.py:3823} INFO - Setting next_dagrun for example_bash_operator to 2024-02-23 00:00:00+00:00, run_after=2024-02-24 00:00:00+00:00
[2024-02-24T15:26:42.261+0000] {processor.py:183} INFO - Processing /home/airflow/.local/lib/python3.8/site-packages/airflow/example_dags/example_bash_operator.py took 0.065 seconds
[2024-02-24T15:27:12.339+0000] {processor.py:161} INFO - Started process (PID=439) to work on /home/airflow/.local/lib/python3.8/site-packages/airflow/example_dags/example_bash_operator.py
[2024-02-24T15:27:12.341+0000] {processor.py:830} INFO - Processing file /home/airflow/.local/lib/python3.8/site-packages/airflow/example_dags/example_bash_operator.py for tasks to queue
[2024-02-24T15:27:12.342+0000] {logging_mixin.py:188} INFO - [2024-02-24T15:27:12.342+0000] {dagbag.py:538} INFO - Filling up the DagBag from /home/airflow/.local/lib/python3.8/site-packages/airflow/example_dags/example_bash_operator.py
[2024-02-24T15:27:12.351+0000] {processor.py:840} INFO - DAG(s) 'example_bash_operator' retrieved from /home/airflow/.local/lib/python3.8/site-packages/airflow/example_dags/example_bash_operator.py
[2024-02-24T15:27:12.371+0000] {logging_mixin.py:188} INFO - [2024-02-24T15:27:12.371+0000] {dag.py:3036} INFO - Sync 1 DAGs
[2024-02-24T15:27:12.386+0000] {logging_mixin.py:188} INFO - [2024-02-24T15:27:12.386+0000] {dag.py:3823} INFO - Setting next_dagrun for example_bash_operator to 2024-02-23 00:00:00+00:00, run_after=2024-02-24 00:00:00+00:00
[2024-02-24T15:27:12.400+0000] {processor.py:183} INFO - Processing /home/airflow/.local/lib/python3.8/site-packages/airflow/example_dags/example_bash_operator.py took 0.063 seconds
