[2024-02-24T15:23:39.410+0000] {processor.py:161} INFO - Started process (PID=76) to work on /home/airflow/.local/lib/python3.8/site-packages/airflow/example_dags/example_datasets.py
[2024-02-24T15:23:39.411+0000] {processor.py:830} INFO - Processing file /home/airflow/.local/lib/python3.8/site-packages/airflow/example_dags/example_datasets.py for tasks to queue
[2024-02-24T15:23:39.416+0000] {logging_mixin.py:188} INFO - [2024-02-24T15:23:39.415+0000] {dagbag.py:538} INFO - Filling up the DagBag from /home/airflow/.local/lib/python3.8/site-packages/airflow/example_dags/example_datasets.py
[2024-02-24T15:23:39.424+0000] {processor.py:840} INFO - DAG(s) 'dataset_consumes_unknown_never_scheduled', 'dataset_consumes_1_never_scheduled', 'dataset_produces_1', 'dataset_consumes_1_and_2', 'dataset_produces_2', 'dataset_consumes_1' retrieved from /home/airflow/.local/lib/python3.8/site-packages/airflow/example_dags/example_datasets.py
[2024-02-24T15:23:39.447+0000] {logging_mixin.py:188} INFO - [2024-02-24T15:23:39.447+0000] {dag.py:3036} INFO - Sync 6 DAGs
[2024-02-24T15:23:39.494+0000] {logging_mixin.py:188} INFO - [2024-02-24T15:23:39.493+0000] {dag.py:3823} INFO - Setting next_dagrun for dataset_consumes_1 to None, run_after=None
[2024-02-24T15:23:39.497+0000] {logging_mixin.py:188} INFO - [2024-02-24T15:23:39.497+0000] {dag.py:3823} INFO - Setting next_dagrun for dataset_consumes_1_and_2 to None, run_after=None
[2024-02-24T15:23:39.499+0000] {logging_mixin.py:188} INFO - [2024-02-24T15:23:39.499+0000] {dag.py:3823} INFO - Setting next_dagrun for dataset_consumes_1_never_scheduled to None, run_after=None
[2024-02-24T15:23:39.500+0000] {logging_mixin.py:188} INFO - [2024-02-24T15:23:39.500+0000] {dag.py:3823} INFO - Setting next_dagrun for dataset_consumes_unknown_never_scheduled to None, run_after=None
[2024-02-24T15:23:39.503+0000] {logging_mixin.py:188} INFO - [2024-02-24T15:23:39.503+0000] {dag.py:3823} INFO - Setting next_dagrun for dataset_produces_1 to 2024-02-23 00:00:00+00:00, run_after=2024-02-24 00:00:00+00:00
[2024-02-24T15:23:39.504+0000] {logging_mixin.py:188} INFO - [2024-02-24T15:23:39.504+0000] {dag.py:3823} INFO - Setting next_dagrun for dataset_produces_2 to None, run_after=None
[2024-02-24T15:23:39.544+0000] {processor.py:183} INFO - Processing /home/airflow/.local/lib/python3.8/site-packages/airflow/example_dags/example_datasets.py took 0.140 seconds
[2024-02-24T15:24:10.484+0000] {processor.py:161} INFO - Started process (PID=131) to work on /home/airflow/.local/lib/python3.8/site-packages/airflow/example_dags/example_datasets.py
[2024-02-24T15:24:10.485+0000] {processor.py:830} INFO - Processing file /home/airflow/.local/lib/python3.8/site-packages/airflow/example_dags/example_datasets.py for tasks to queue
[2024-02-24T15:24:10.487+0000] {logging_mixin.py:188} INFO - [2024-02-24T15:24:10.486+0000] {dagbag.py:538} INFO - Filling up the DagBag from /home/airflow/.local/lib/python3.8/site-packages/airflow/example_dags/example_datasets.py
[2024-02-24T15:24:10.494+0000] {processor.py:840} INFO - DAG(s) 'dataset_consumes_1', 'dataset_consumes_unknown_never_scheduled', 'dataset_produces_2', 'dataset_consumes_1_and_2', 'dataset_produces_1', 'dataset_consumes_1_never_scheduled' retrieved from /home/airflow/.local/lib/python3.8/site-packages/airflow/example_dags/example_datasets.py
[2024-02-24T15:24:10.594+0000] {logging_mixin.py:188} INFO - [2024-02-24T15:24:10.594+0000] {dag.py:3036} INFO - Sync 6 DAGs
[2024-02-24T15:24:10.609+0000] {logging_mixin.py:188} INFO - [2024-02-24T15:24:10.609+0000] {dag.py:3823} INFO - Setting next_dagrun for dataset_consumes_1 to None, run_after=None
[2024-02-24T15:24:10.612+0000] {logging_mixin.py:188} INFO - [2024-02-24T15:24:10.612+0000] {dag.py:3823} INFO - Setting next_dagrun for dataset_consumes_1_and_2 to None, run_after=None
[2024-02-24T15:24:10.613+0000] {logging_mixin.py:188} INFO - [2024-02-24T15:24:10.613+0000] {dag.py:3823} INFO - Setting next_dagrun for dataset_consumes_1_never_scheduled to None, run_after=None
[2024-02-24T15:24:10.614+0000] {logging_mixin.py:188} INFO - [2024-02-24T15:24:10.614+0000] {dag.py:3823} INFO - Setting next_dagrun for dataset_consumes_unknown_never_scheduled to None, run_after=None
[2024-02-24T15:24:10.617+0000] {logging_mixin.py:188} INFO - [2024-02-24T15:24:10.616+0000] {dag.py:3823} INFO - Setting next_dagrun for dataset_produces_1 to 2024-02-23 00:00:00+00:00, run_after=2024-02-24 00:00:00+00:00
[2024-02-24T15:24:10.618+0000] {logging_mixin.py:188} INFO - [2024-02-24T15:24:10.617+0000] {dag.py:3823} INFO - Setting next_dagrun for dataset_produces_2 to None, run_after=None
[2024-02-24T15:24:10.638+0000] {processor.py:183} INFO - Processing /home/airflow/.local/lib/python3.8/site-packages/airflow/example_dags/example_datasets.py took 0.156 seconds
[2024-02-24T15:24:40.967+0000] {processor.py:161} INFO - Started process (PID=186) to work on /home/airflow/.local/lib/python3.8/site-packages/airflow/example_dags/example_datasets.py
[2024-02-24T15:24:40.968+0000] {processor.py:830} INFO - Processing file /home/airflow/.local/lib/python3.8/site-packages/airflow/example_dags/example_datasets.py for tasks to queue
[2024-02-24T15:24:40.969+0000] {logging_mixin.py:188} INFO - [2024-02-24T15:24:40.969+0000] {dagbag.py:538} INFO - Filling up the DagBag from /home/airflow/.local/lib/python3.8/site-packages/airflow/example_dags/example_datasets.py
[2024-02-24T15:24:40.976+0000] {processor.py:840} INFO - DAG(s) 'dataset_consumes_1_and_2', 'dataset_consumes_1_never_scheduled', 'dataset_consumes_unknown_never_scheduled', 'dataset_produces_1', 'dataset_produces_2', 'dataset_consumes_1' retrieved from /home/airflow/.local/lib/python3.8/site-packages/airflow/example_dags/example_datasets.py
[2024-02-24T15:24:41.003+0000] {logging_mixin.py:188} INFO - [2024-02-24T15:24:41.003+0000] {dag.py:3036} INFO - Sync 6 DAGs
[2024-02-24T15:24:41.019+0000] {logging_mixin.py:188} INFO - [2024-02-24T15:24:41.019+0000] {dag.py:3823} INFO - Setting next_dagrun for dataset_consumes_1 to None, run_after=None
[2024-02-24T15:24:41.023+0000] {logging_mixin.py:188} INFO - [2024-02-24T15:24:41.022+0000] {dag.py:3823} INFO - Setting next_dagrun for dataset_consumes_1_and_2 to None, run_after=None
[2024-02-24T15:24:41.024+0000] {logging_mixin.py:188} INFO - [2024-02-24T15:24:41.024+0000] {dag.py:3823} INFO - Setting next_dagrun for dataset_consumes_1_never_scheduled to None, run_after=None
[2024-02-24T15:24:41.025+0000] {logging_mixin.py:188} INFO - [2024-02-24T15:24:41.025+0000] {dag.py:3823} INFO - Setting next_dagrun for dataset_consumes_unknown_never_scheduled to None, run_after=None
[2024-02-24T15:24:41.028+0000] {logging_mixin.py:188} INFO - [2024-02-24T15:24:41.028+0000] {dag.py:3823} INFO - Setting next_dagrun for dataset_produces_1 to 2024-02-23 00:00:00+00:00, run_after=2024-02-24 00:00:00+00:00
[2024-02-24T15:24:41.030+0000] {logging_mixin.py:188} INFO - [2024-02-24T15:24:41.030+0000] {dag.py:3823} INFO - Setting next_dagrun for dataset_produces_2 to None, run_after=None
[2024-02-24T15:24:41.054+0000] {processor.py:183} INFO - Processing /home/airflow/.local/lib/python3.8/site-packages/airflow/example_dags/example_datasets.py took 0.089 seconds
[2024-02-24T15:25:11.303+0000] {processor.py:161} INFO - Started process (PID=241) to work on /home/airflow/.local/lib/python3.8/site-packages/airflow/example_dags/example_datasets.py
[2024-02-24T15:25:11.305+0000] {processor.py:830} INFO - Processing file /home/airflow/.local/lib/python3.8/site-packages/airflow/example_dags/example_datasets.py for tasks to queue
[2024-02-24T15:25:11.307+0000] {logging_mixin.py:188} INFO - [2024-02-24T15:25:11.306+0000] {dagbag.py:538} INFO - Filling up the DagBag from /home/airflow/.local/lib/python3.8/site-packages/airflow/example_dags/example_datasets.py
[2024-02-24T15:25:11.314+0000] {processor.py:840} INFO - DAG(s) 'dataset_consumes_1', 'dataset_produces_2', 'dataset_consumes_unknown_never_scheduled', 'dataset_consumes_1_and_2', 'dataset_consumes_1_never_scheduled', 'dataset_produces_1' retrieved from /home/airflow/.local/lib/python3.8/site-packages/airflow/example_dags/example_datasets.py
[2024-02-24T15:25:11.342+0000] {logging_mixin.py:188} INFO - [2024-02-24T15:25:11.342+0000] {dag.py:3036} INFO - Sync 6 DAGs
[2024-02-24T15:25:11.359+0000] {logging_mixin.py:188} INFO - [2024-02-24T15:25:11.359+0000] {dag.py:3823} INFO - Setting next_dagrun for dataset_consumes_1 to None, run_after=None
[2024-02-24T15:25:11.362+0000] {logging_mixin.py:188} INFO - [2024-02-24T15:25:11.362+0000] {dag.py:3823} INFO - Setting next_dagrun for dataset_consumes_1_and_2 to None, run_after=None
[2024-02-24T15:25:11.363+0000] {logging_mixin.py:188} INFO - [2024-02-24T15:25:11.363+0000] {dag.py:3823} INFO - Setting next_dagrun for dataset_consumes_1_never_scheduled to None, run_after=None
[2024-02-24T15:25:11.365+0000] {logging_mixin.py:188} INFO - [2024-02-24T15:25:11.365+0000] {dag.py:3823} INFO - Setting next_dagrun for dataset_consumes_unknown_never_scheduled to None, run_after=None
[2024-02-24T15:25:11.367+0000] {logging_mixin.py:188} INFO - [2024-02-24T15:25:11.367+0000] {dag.py:3823} INFO - Setting next_dagrun for dataset_produces_1 to 2024-02-23 00:00:00+00:00, run_after=2024-02-24 00:00:00+00:00
[2024-02-24T15:25:11.369+0000] {logging_mixin.py:188} INFO - [2024-02-24T15:25:11.369+0000] {dag.py:3823} INFO - Setting next_dagrun for dataset_produces_2 to None, run_after=None
[2024-02-24T15:25:11.395+0000] {processor.py:183} INFO - Processing /home/airflow/.local/lib/python3.8/site-packages/airflow/example_dags/example_datasets.py took 0.094 seconds
[2024-02-24T15:25:41.536+0000] {processor.py:161} INFO - Started process (PID=296) to work on /home/airflow/.local/lib/python3.8/site-packages/airflow/example_dags/example_datasets.py
[2024-02-24T15:25:41.537+0000] {processor.py:830} INFO - Processing file /home/airflow/.local/lib/python3.8/site-packages/airflow/example_dags/example_datasets.py for tasks to queue
[2024-02-24T15:25:41.539+0000] {logging_mixin.py:188} INFO - [2024-02-24T15:25:41.538+0000] {dagbag.py:538} INFO - Filling up the DagBag from /home/airflow/.local/lib/python3.8/site-packages/airflow/example_dags/example_datasets.py
[2024-02-24T15:25:41.545+0000] {processor.py:840} INFO - DAG(s) 'dataset_produces_2', 'dataset_consumes_1_and_2', 'dataset_produces_1', 'dataset_consumes_unknown_never_scheduled', 'dataset_consumes_1_never_scheduled', 'dataset_consumes_1' retrieved from /home/airflow/.local/lib/python3.8/site-packages/airflow/example_dags/example_datasets.py
[2024-02-24T15:25:41.570+0000] {logging_mixin.py:188} INFO - [2024-02-24T15:25:41.570+0000] {dag.py:3036} INFO - Sync 6 DAGs
[2024-02-24T15:25:41.587+0000] {logging_mixin.py:188} INFO - [2024-02-24T15:25:41.586+0000] {dag.py:3823} INFO - Setting next_dagrun for dataset_consumes_1 to None, run_after=None
[2024-02-24T15:25:41.590+0000] {logging_mixin.py:188} INFO - [2024-02-24T15:25:41.589+0000] {dag.py:3823} INFO - Setting next_dagrun for dataset_consumes_1_and_2 to None, run_after=None
[2024-02-24T15:25:41.591+0000] {logging_mixin.py:188} INFO - [2024-02-24T15:25:41.591+0000] {dag.py:3823} INFO - Setting next_dagrun for dataset_consumes_1_never_scheduled to None, run_after=None
[2024-02-24T15:25:41.592+0000] {logging_mixin.py:188} INFO - [2024-02-24T15:25:41.592+0000] {dag.py:3823} INFO - Setting next_dagrun for dataset_consumes_unknown_never_scheduled to None, run_after=None
[2024-02-24T15:25:41.594+0000] {logging_mixin.py:188} INFO - [2024-02-24T15:25:41.594+0000] {dag.py:3823} INFO - Setting next_dagrun for dataset_produces_1 to 2024-02-23 00:00:00+00:00, run_after=2024-02-24 00:00:00+00:00
[2024-02-24T15:25:41.595+0000] {logging_mixin.py:188} INFO - [2024-02-24T15:25:41.595+0000] {dag.py:3823} INFO - Setting next_dagrun for dataset_produces_2 to None, run_after=None
[2024-02-24T15:25:41.621+0000] {processor.py:183} INFO - Processing /home/airflow/.local/lib/python3.8/site-packages/airflow/example_dags/example_datasets.py took 0.087 seconds
[2024-02-24T15:26:12.820+0000] {processor.py:161} INFO - Started process (PID=351) to work on /home/airflow/.local/lib/python3.8/site-packages/airflow/example_dags/example_datasets.py
[2024-02-24T15:26:12.822+0000] {processor.py:830} INFO - Processing file /home/airflow/.local/lib/python3.8/site-packages/airflow/example_dags/example_datasets.py for tasks to queue
[2024-02-24T15:26:12.824+0000] {logging_mixin.py:188} INFO - [2024-02-24T15:26:12.824+0000] {dagbag.py:538} INFO - Filling up the DagBag from /home/airflow/.local/lib/python3.8/site-packages/airflow/example_dags/example_datasets.py
[2024-02-24T15:26:12.834+0000] {processor.py:840} INFO - DAG(s) 'dataset_consumes_1_never_scheduled', 'dataset_consumes_1_and_2', 'dataset_consumes_unknown_never_scheduled', 'dataset_consumes_1', 'dataset_produces_1', 'dataset_produces_2' retrieved from /home/airflow/.local/lib/python3.8/site-packages/airflow/example_dags/example_datasets.py
[2024-02-24T15:26:12.864+0000] {logging_mixin.py:188} INFO - [2024-02-24T15:26:12.864+0000] {dag.py:3036} INFO - Sync 6 DAGs
[2024-02-24T15:26:12.880+0000] {logging_mixin.py:188} INFO - [2024-02-24T15:26:12.880+0000] {dag.py:3823} INFO - Setting next_dagrun for dataset_consumes_1 to None, run_after=None
[2024-02-24T15:26:12.883+0000] {logging_mixin.py:188} INFO - [2024-02-24T15:26:12.882+0000] {dag.py:3823} INFO - Setting next_dagrun for dataset_consumes_1_and_2 to None, run_after=None
[2024-02-24T15:26:12.884+0000] {logging_mixin.py:188} INFO - [2024-02-24T15:26:12.884+0000] {dag.py:3823} INFO - Setting next_dagrun for dataset_consumes_1_never_scheduled to None, run_after=None
[2024-02-24T15:26:12.885+0000] {logging_mixin.py:188} INFO - [2024-02-24T15:26:12.885+0000] {dag.py:3823} INFO - Setting next_dagrun for dataset_consumes_unknown_never_scheduled to None, run_after=None
[2024-02-24T15:26:12.888+0000] {logging_mixin.py:188} INFO - [2024-02-24T15:26:12.888+0000] {dag.py:3823} INFO - Setting next_dagrun for dataset_produces_1 to 2024-02-23 00:00:00+00:00, run_after=2024-02-24 00:00:00+00:00
[2024-02-24T15:26:12.890+0000] {logging_mixin.py:188} INFO - [2024-02-24T15:26:12.889+0000] {dag.py:3823} INFO - Setting next_dagrun for dataset_produces_2 to None, run_after=None
[2024-02-24T15:26:12.912+0000] {processor.py:183} INFO - Processing /home/airflow/.local/lib/python3.8/site-packages/airflow/example_dags/example_datasets.py took 0.096 seconds
[2024-02-24T15:26:43.088+0000] {processor.py:161} INFO - Started process (PID=406) to work on /home/airflow/.local/lib/python3.8/site-packages/airflow/example_dags/example_datasets.py
[2024-02-24T15:26:43.089+0000] {processor.py:830} INFO - Processing file /home/airflow/.local/lib/python3.8/site-packages/airflow/example_dags/example_datasets.py for tasks to queue
[2024-02-24T15:26:43.091+0000] {logging_mixin.py:188} INFO - [2024-02-24T15:26:43.090+0000] {dagbag.py:538} INFO - Filling up the DagBag from /home/airflow/.local/lib/python3.8/site-packages/airflow/example_dags/example_datasets.py
[2024-02-24T15:26:43.098+0000] {processor.py:840} INFO - DAG(s) 'dataset_produces_2', 'dataset_consumes_1_and_2', 'dataset_consumes_unknown_never_scheduled', 'dataset_consumes_1_never_scheduled', 'dataset_produces_1', 'dataset_consumes_1' retrieved from /home/airflow/.local/lib/python3.8/site-packages/airflow/example_dags/example_datasets.py
[2024-02-24T15:26:43.127+0000] {logging_mixin.py:188} INFO - [2024-02-24T15:26:43.127+0000] {dag.py:3036} INFO - Sync 6 DAGs
[2024-02-24T15:26:43.144+0000] {logging_mixin.py:188} INFO - [2024-02-24T15:26:43.143+0000] {dag.py:3823} INFO - Setting next_dagrun for dataset_consumes_1 to None, run_after=None
[2024-02-24T15:26:43.148+0000] {logging_mixin.py:188} INFO - [2024-02-24T15:26:43.147+0000] {dag.py:3823} INFO - Setting next_dagrun for dataset_consumes_1_and_2 to None, run_after=None
[2024-02-24T15:26:43.149+0000] {logging_mixin.py:188} INFO - [2024-02-24T15:26:43.149+0000] {dag.py:3823} INFO - Setting next_dagrun for dataset_consumes_1_never_scheduled to None, run_after=None
[2024-02-24T15:26:43.150+0000] {logging_mixin.py:188} INFO - [2024-02-24T15:26:43.150+0000] {dag.py:3823} INFO - Setting next_dagrun for dataset_consumes_unknown_never_scheduled to None, run_after=None
[2024-02-24T15:26:43.152+0000] {logging_mixin.py:188} INFO - [2024-02-24T15:26:43.152+0000] {dag.py:3823} INFO - Setting next_dagrun for dataset_produces_1 to 2024-02-23 00:00:00+00:00, run_after=2024-02-24 00:00:00+00:00
[2024-02-24T15:26:43.154+0000] {logging_mixin.py:188} INFO - [2024-02-24T15:26:43.154+0000] {dag.py:3823} INFO - Setting next_dagrun for dataset_produces_2 to None, run_after=None
[2024-02-24T15:26:43.177+0000] {processor.py:183} INFO - Processing /home/airflow/.local/lib/python3.8/site-packages/airflow/example_dags/example_datasets.py took 0.092 seconds
[2024-02-24T15:27:13.384+0000] {processor.py:161} INFO - Started process (PID=461) to work on /home/airflow/.local/lib/python3.8/site-packages/airflow/example_dags/example_datasets.py
[2024-02-24T15:27:13.385+0000] {processor.py:830} INFO - Processing file /home/airflow/.local/lib/python3.8/site-packages/airflow/example_dags/example_datasets.py for tasks to queue
[2024-02-24T15:27:13.388+0000] {logging_mixin.py:188} INFO - [2024-02-24T15:27:13.387+0000] {dagbag.py:538} INFO - Filling up the DagBag from /home/airflow/.local/lib/python3.8/site-packages/airflow/example_dags/example_datasets.py
[2024-02-24T15:27:13.395+0000] {processor.py:840} INFO - DAG(s) 'dataset_consumes_unknown_never_scheduled', 'dataset_produces_1', 'dataset_consumes_1_never_scheduled', 'dataset_consumes_1', 'dataset_produces_2', 'dataset_consumes_1_and_2' retrieved from /home/airflow/.local/lib/python3.8/site-packages/airflow/example_dags/example_datasets.py
[2024-02-24T15:27:13.422+0000] {logging_mixin.py:188} INFO - [2024-02-24T15:27:13.422+0000] {dag.py:3036} INFO - Sync 6 DAGs
[2024-02-24T15:27:13.440+0000] {logging_mixin.py:188} INFO - [2024-02-24T15:27:13.439+0000] {dag.py:3823} INFO - Setting next_dagrun for dataset_consumes_1 to None, run_after=None
[2024-02-24T15:27:13.443+0000] {logging_mixin.py:188} INFO - [2024-02-24T15:27:13.443+0000] {dag.py:3823} INFO - Setting next_dagrun for dataset_consumes_1_and_2 to None, run_after=None
[2024-02-24T15:27:13.445+0000] {logging_mixin.py:188} INFO - [2024-02-24T15:27:13.445+0000] {dag.py:3823} INFO - Setting next_dagrun for dataset_consumes_1_never_scheduled to None, run_after=None
[2024-02-24T15:27:13.446+0000] {logging_mixin.py:188} INFO - [2024-02-24T15:27:13.446+0000] {dag.py:3823} INFO - Setting next_dagrun for dataset_consumes_unknown_never_scheduled to None, run_after=None
[2024-02-24T15:27:13.448+0000] {logging_mixin.py:188} INFO - [2024-02-24T15:27:13.448+0000] {dag.py:3823} INFO - Setting next_dagrun for dataset_produces_1 to 2024-02-23 00:00:00+00:00, run_after=2024-02-24 00:00:00+00:00
[2024-02-24T15:27:13.450+0000] {logging_mixin.py:188} INFO - [2024-02-24T15:27:13.450+0000] {dag.py:3823} INFO - Setting next_dagrun for dataset_produces_2 to None, run_after=None
[2024-02-24T15:27:13.476+0000] {processor.py:183} INFO - Processing /home/airflow/.local/lib/python3.8/site-packages/airflow/example_dags/example_datasets.py took 0.094 seconds
