[2024-02-24T15:23:38.649+0000] {processor.py:161} INFO - Started process (PID=62) to work on /home/airflow/.local/lib/python3.8/site-packages/airflow/example_dags/example_branch_labels.py
[2024-02-24T15:23:38.650+0000] {processor.py:830} INFO - Processing file /home/airflow/.local/lib/python3.8/site-packages/airflow/example_dags/example_branch_labels.py for tasks to queue
[2024-02-24T15:23:38.651+0000] {logging_mixin.py:188} INFO - [2024-02-24T15:23:38.651+0000] {dagbag.py:538} INFO - Filling up the DagBag from /home/airflow/.local/lib/python3.8/site-packages/airflow/example_dags/example_branch_labels.py
[2024-02-24T15:23:38.661+0000] {processor.py:840} INFO - DAG(s) 'example_branch_labels' retrieved from /home/airflow/.local/lib/python3.8/site-packages/airflow/example_dags/example_branch_labels.py
[2024-02-24T15:23:38.669+0000] {logging_mixin.py:188} INFO - [2024-02-24T15:23:38.669+0000] {dag.py:3036} INFO - Sync 1 DAGs
[2024-02-24T15:23:38.687+0000] {logging_mixin.py:188} INFO - [2024-02-24T15:23:38.687+0000] {dag.py:3823} INFO - Setting next_dagrun for example_branch_labels to 2024-02-23 00:00:00+00:00, run_after=2024-02-24 00:00:00+00:00
[2024-02-24T15:23:38.701+0000] {processor.py:183} INFO - Processing /home/airflow/.local/lib/python3.8/site-packages/airflow/example_dags/example_branch_labels.py took 0.055 seconds
[2024-02-24T15:24:09.521+0000] {processor.py:161} INFO - Started process (PID=117) to work on /home/airflow/.local/lib/python3.8/site-packages/airflow/example_dags/example_branch_labels.py
[2024-02-24T15:24:09.521+0000] {processor.py:830} INFO - Processing file /home/airflow/.local/lib/python3.8/site-packages/airflow/example_dags/example_branch_labels.py for tasks to queue
[2024-02-24T15:24:09.523+0000] {logging_mixin.py:188} INFO - [2024-02-24T15:24:09.523+0000] {dagbag.py:538} INFO - Filling up the DagBag from /home/airflow/.local/lib/python3.8/site-packages/airflow/example_dags/example_branch_labels.py
[2024-02-24T15:24:09.528+0000] {processor.py:840} INFO - DAG(s) 'example_branch_labels' retrieved from /home/airflow/.local/lib/python3.8/site-packages/airflow/example_dags/example_branch_labels.py
[2024-02-24T15:24:09.590+0000] {logging_mixin.py:188} INFO - [2024-02-24T15:24:09.590+0000] {dag.py:3036} INFO - Sync 1 DAGs
[2024-02-24T15:24:09.602+0000] {logging_mixin.py:188} INFO - [2024-02-24T15:24:09.602+0000] {dag.py:3823} INFO - Setting next_dagrun for example_branch_labels to 2024-02-23 00:00:00+00:00, run_after=2024-02-24 00:00:00+00:00
[2024-02-24T15:24:09.614+0000] {processor.py:183} INFO - Processing /home/airflow/.local/lib/python3.8/site-packages/airflow/example_dags/example_branch_labels.py took 0.096 seconds
[2024-02-24T15:24:40.311+0000] {processor.py:161} INFO - Started process (PID=172) to work on /home/airflow/.local/lib/python3.8/site-packages/airflow/example_dags/example_branch_labels.py
[2024-02-24T15:24:40.313+0000] {processor.py:830} INFO - Processing file /home/airflow/.local/lib/python3.8/site-packages/airflow/example_dags/example_branch_labels.py for tasks to queue
[2024-02-24T15:24:40.314+0000] {logging_mixin.py:188} INFO - [2024-02-24T15:24:40.314+0000] {dagbag.py:538} INFO - Filling up the DagBag from /home/airflow/.local/lib/python3.8/site-packages/airflow/example_dags/example_branch_labels.py
[2024-02-24T15:24:40.319+0000] {processor.py:840} INFO - DAG(s) 'example_branch_labels' retrieved from /home/airflow/.local/lib/python3.8/site-packages/airflow/example_dags/example_branch_labels.py
[2024-02-24T15:24:40.338+0000] {logging_mixin.py:188} INFO - [2024-02-24T15:24:40.337+0000] {dag.py:3036} INFO - Sync 1 DAGs
[2024-02-24T15:24:40.355+0000] {logging_mixin.py:188} INFO - [2024-02-24T15:24:40.355+0000] {dag.py:3823} INFO - Setting next_dagrun for example_branch_labels to 2024-02-23 00:00:00+00:00, run_after=2024-02-24 00:00:00+00:00
[2024-02-24T15:24:40.370+0000] {processor.py:183} INFO - Processing /home/airflow/.local/lib/python3.8/site-packages/airflow/example_dags/example_branch_labels.py took 0.061 seconds
[2024-02-24T15:25:10.687+0000] {processor.py:161} INFO - Started process (PID=227) to work on /home/airflow/.local/lib/python3.8/site-packages/airflow/example_dags/example_branch_labels.py
[2024-02-24T15:25:10.688+0000] {processor.py:830} INFO - Processing file /home/airflow/.local/lib/python3.8/site-packages/airflow/example_dags/example_branch_labels.py for tasks to queue
[2024-02-24T15:25:10.690+0000] {logging_mixin.py:188} INFO - [2024-02-24T15:25:10.689+0000] {dagbag.py:538} INFO - Filling up the DagBag from /home/airflow/.local/lib/python3.8/site-packages/airflow/example_dags/example_branch_labels.py
[2024-02-24T15:25:10.696+0000] {processor.py:840} INFO - DAG(s) 'example_branch_labels' retrieved from /home/airflow/.local/lib/python3.8/site-packages/airflow/example_dags/example_branch_labels.py
[2024-02-24T15:25:10.712+0000] {logging_mixin.py:188} INFO - [2024-02-24T15:25:10.712+0000] {dag.py:3036} INFO - Sync 1 DAGs
[2024-02-24T15:25:10.731+0000] {logging_mixin.py:188} INFO - [2024-02-24T15:25:10.731+0000] {dag.py:3823} INFO - Setting next_dagrun for example_branch_labels to 2024-02-23 00:00:00+00:00, run_after=2024-02-24 00:00:00+00:00
[2024-02-24T15:25:10.745+0000] {processor.py:183} INFO - Processing /home/airflow/.local/lib/python3.8/site-packages/airflow/example_dags/example_branch_labels.py took 0.061 seconds
[2024-02-24T15:25:40.990+0000] {processor.py:161} INFO - Started process (PID=282) to work on /home/airflow/.local/lib/python3.8/site-packages/airflow/example_dags/example_branch_labels.py
[2024-02-24T15:25:40.991+0000] {processor.py:830} INFO - Processing file /home/airflow/.local/lib/python3.8/site-packages/airflow/example_dags/example_branch_labels.py for tasks to queue
[2024-02-24T15:25:40.993+0000] {logging_mixin.py:188} INFO - [2024-02-24T15:25:40.992+0000] {dagbag.py:538} INFO - Filling up the DagBag from /home/airflow/.local/lib/python3.8/site-packages/airflow/example_dags/example_branch_labels.py
[2024-02-24T15:25:40.999+0000] {processor.py:840} INFO - DAG(s) 'example_branch_labels' retrieved from /home/airflow/.local/lib/python3.8/site-packages/airflow/example_dags/example_branch_labels.py
[2024-02-24T15:25:41.014+0000] {logging_mixin.py:188} INFO - [2024-02-24T15:25:41.013+0000] {dag.py:3036} INFO - Sync 1 DAGs
[2024-02-24T15:25:41.029+0000] {logging_mixin.py:188} INFO - [2024-02-24T15:25:41.029+0000] {dag.py:3823} INFO - Setting next_dagrun for example_branch_labels to 2024-02-23 00:00:00+00:00, run_after=2024-02-24 00:00:00+00:00
[2024-02-24T15:25:41.044+0000] {processor.py:183} INFO - Processing /home/airflow/.local/lib/python3.8/site-packages/airflow/example_dags/example_branch_labels.py took 0.056 seconds
[2024-02-24T15:26:12.181+0000] {processor.py:161} INFO - Started process (PID=337) to work on /home/airflow/.local/lib/python3.8/site-packages/airflow/example_dags/example_branch_labels.py
[2024-02-24T15:26:12.182+0000] {processor.py:830} INFO - Processing file /home/airflow/.local/lib/python3.8/site-packages/airflow/example_dags/example_branch_labels.py for tasks to queue
[2024-02-24T15:26:12.183+0000] {logging_mixin.py:188} INFO - [2024-02-24T15:26:12.183+0000] {dagbag.py:538} INFO - Filling up the DagBag from /home/airflow/.local/lib/python3.8/site-packages/airflow/example_dags/example_branch_labels.py
[2024-02-24T15:26:12.190+0000] {processor.py:840} INFO - DAG(s) 'example_branch_labels' retrieved from /home/airflow/.local/lib/python3.8/site-packages/airflow/example_dags/example_branch_labels.py
[2024-02-24T15:26:12.204+0000] {logging_mixin.py:188} INFO - [2024-02-24T15:26:12.204+0000] {dag.py:3036} INFO - Sync 1 DAGs
[2024-02-24T15:26:12.219+0000] {logging_mixin.py:188} INFO - [2024-02-24T15:26:12.219+0000] {dag.py:3823} INFO - Setting next_dagrun for example_branch_labels to 2024-02-23 00:00:00+00:00, run_after=2024-02-24 00:00:00+00:00
[2024-02-24T15:26:12.232+0000] {processor.py:183} INFO - Processing /home/airflow/.local/lib/python3.8/site-packages/airflow/example_dags/example_branch_labels.py took 0.054 seconds
[2024-02-24T15:26:42.517+0000] {processor.py:161} INFO - Started process (PID=392) to work on /home/airflow/.local/lib/python3.8/site-packages/airflow/example_dags/example_branch_labels.py
[2024-02-24T15:26:42.519+0000] {processor.py:830} INFO - Processing file /home/airflow/.local/lib/python3.8/site-packages/airflow/example_dags/example_branch_labels.py for tasks to queue
[2024-02-24T15:26:42.520+0000] {logging_mixin.py:188} INFO - [2024-02-24T15:26:42.520+0000] {dagbag.py:538} INFO - Filling up the DagBag from /home/airflow/.local/lib/python3.8/site-packages/airflow/example_dags/example_branch_labels.py
[2024-02-24T15:26:42.526+0000] {processor.py:840} INFO - DAG(s) 'example_branch_labels' retrieved from /home/airflow/.local/lib/python3.8/site-packages/airflow/example_dags/example_branch_labels.py
[2024-02-24T15:26:42.541+0000] {logging_mixin.py:188} INFO - [2024-02-24T15:26:42.541+0000] {dag.py:3036} INFO - Sync 1 DAGs
[2024-02-24T15:26:42.558+0000] {logging_mixin.py:188} INFO - [2024-02-24T15:26:42.558+0000] {dag.py:3823} INFO - Setting next_dagrun for example_branch_labels to 2024-02-23 00:00:00+00:00, run_after=2024-02-24 00:00:00+00:00
[2024-02-24T15:26:42.571+0000] {processor.py:183} INFO - Processing /home/airflow/.local/lib/python3.8/site-packages/airflow/example_dags/example_branch_labels.py took 0.056 seconds
[2024-02-24T15:27:12.746+0000] {processor.py:161} INFO - Started process (PID=447) to work on /home/airflow/.local/lib/python3.8/site-packages/airflow/example_dags/example_branch_labels.py
[2024-02-24T15:27:12.747+0000] {processor.py:830} INFO - Processing file /home/airflow/.local/lib/python3.8/site-packages/airflow/example_dags/example_branch_labels.py for tasks to queue
[2024-02-24T15:27:12.749+0000] {logging_mixin.py:188} INFO - [2024-02-24T15:27:12.748+0000] {dagbag.py:538} INFO - Filling up the DagBag from /home/airflow/.local/lib/python3.8/site-packages/airflow/example_dags/example_branch_labels.py
[2024-02-24T15:27:12.755+0000] {processor.py:840} INFO - DAG(s) 'example_branch_labels' retrieved from /home/airflow/.local/lib/python3.8/site-packages/airflow/example_dags/example_branch_labels.py
[2024-02-24T15:27:12.775+0000] {logging_mixin.py:188} INFO - [2024-02-24T15:27:12.774+0000] {dag.py:3036} INFO - Sync 1 DAGs
[2024-02-24T15:27:12.794+0000] {logging_mixin.py:188} INFO - [2024-02-24T15:27:12.794+0000] {dag.py:3823} INFO - Setting next_dagrun for example_branch_labels to 2024-02-23 00:00:00+00:00, run_after=2024-02-24 00:00:00+00:00
[2024-02-24T15:27:12.810+0000] {processor.py:183} INFO - Processing /home/airflow/.local/lib/python3.8/site-packages/airflow/example_dags/example_branch_labels.py took 0.066 seconds
