[2024-02-24T15:23:38.798+0000] {processor.py:161} INFO - Started process (PID=66) to work on /home/airflow/.local/lib/python3.8/site-packages/airflow/example_dags/example_python_operator.py
[2024-02-24T15:23:38.799+0000] {processor.py:830} INFO - Processing file /home/airflow/.local/lib/python3.8/site-packages/airflow/example_dags/example_python_operator.py for tasks to queue
[2024-02-24T15:23:38.801+0000] {logging_mixin.py:188} INFO - [2024-02-24T15:23:38.801+0000] {dagbag.py:538} INFO - Filling up the DagBag from /home/airflow/.local/lib/python3.8/site-packages/airflow/example_dags/example_python_operator.py
[2024-02-24T15:23:38.810+0000] {processor.py:840} INFO - DAG(s) 'example_python_operator' retrieved from /home/airflow/.local/lib/python3.8/site-packages/airflow/example_dags/example_python_operator.py
[2024-02-24T15:23:38.819+0000] {logging_mixin.py:188} INFO - [2024-02-24T15:23:38.819+0000] {dag.py:3036} INFO - Sync 1 DAGs
[2024-02-24T15:23:38.829+0000] {logging_mixin.py:188} INFO - [2024-02-24T15:23:38.829+0000] {dag.py:3823} INFO - Setting next_dagrun for example_python_operator to None, run_after=None
[2024-02-24T15:23:38.843+0000] {processor.py:183} INFO - Processing /home/airflow/.local/lib/python3.8/site-packages/airflow/example_dags/example_python_operator.py took 0.047 seconds
[2024-02-24T15:24:09.867+0000] {processor.py:161} INFO - Started process (PID=121) to work on /home/airflow/.local/lib/python3.8/site-packages/airflow/example_dags/example_python_operator.py
[2024-02-24T15:24:09.868+0000] {processor.py:830} INFO - Processing file /home/airflow/.local/lib/python3.8/site-packages/airflow/example_dags/example_python_operator.py for tasks to queue
[2024-02-24T15:24:09.870+0000] {logging_mixin.py:188} INFO - [2024-02-24T15:24:09.870+0000] {dagbag.py:538} INFO - Filling up the DagBag from /home/airflow/.local/lib/python3.8/site-packages/airflow/example_dags/example_python_operator.py
[2024-02-24T15:24:09.877+0000] {processor.py:840} INFO - DAG(s) 'example_python_operator' retrieved from /home/airflow/.local/lib/python3.8/site-packages/airflow/example_dags/example_python_operator.py
[2024-02-24T15:24:09.939+0000] {logging_mixin.py:188} INFO - [2024-02-24T15:24:09.939+0000] {dag.py:3036} INFO - Sync 1 DAGs
[2024-02-24T15:24:09.946+0000] {logging_mixin.py:188} INFO - [2024-02-24T15:24:09.946+0000] {dag.py:3823} INFO - Setting next_dagrun for example_python_operator to None, run_after=None
[2024-02-24T15:24:09.959+0000] {processor.py:183} INFO - Processing /home/airflow/.local/lib/python3.8/site-packages/airflow/example_dags/example_python_operator.py took 0.094 seconds
[2024-02-24T15:24:40.517+0000] {processor.py:161} INFO - Started process (PID=176) to work on /home/airflow/.local/lib/python3.8/site-packages/airflow/example_dags/example_python_operator.py
[2024-02-24T15:24:40.518+0000] {processor.py:830} INFO - Processing file /home/airflow/.local/lib/python3.8/site-packages/airflow/example_dags/example_python_operator.py for tasks to queue
[2024-02-24T15:24:40.520+0000] {logging_mixin.py:188} INFO - [2024-02-24T15:24:40.520+0000] {dagbag.py:538} INFO - Filling up the DagBag from /home/airflow/.local/lib/python3.8/site-packages/airflow/example_dags/example_python_operator.py
[2024-02-24T15:24:40.529+0000] {processor.py:840} INFO - DAG(s) 'example_python_operator' retrieved from /home/airflow/.local/lib/python3.8/site-packages/airflow/example_dags/example_python_operator.py
[2024-02-24T15:24:40.549+0000] {logging_mixin.py:188} INFO - [2024-02-24T15:24:40.548+0000] {dag.py:3036} INFO - Sync 1 DAGs
[2024-02-24T15:24:40.560+0000] {logging_mixin.py:188} INFO - [2024-02-24T15:24:40.560+0000] {dag.py:3823} INFO - Setting next_dagrun for example_python_operator to None, run_after=None
[2024-02-24T15:24:40.576+0000] {processor.py:183} INFO - Processing /home/airflow/.local/lib/python3.8/site-packages/airflow/example_dags/example_python_operator.py took 0.061 seconds
[2024-02-24T15:25:10.873+0000] {processor.py:161} INFO - Started process (PID=231) to work on /home/airflow/.local/lib/python3.8/site-packages/airflow/example_dags/example_python_operator.py
[2024-02-24T15:25:10.875+0000] {processor.py:830} INFO - Processing file /home/airflow/.local/lib/python3.8/site-packages/airflow/example_dags/example_python_operator.py for tasks to queue
[2024-02-24T15:25:10.876+0000] {logging_mixin.py:188} INFO - [2024-02-24T15:25:10.876+0000] {dagbag.py:538} INFO - Filling up the DagBag from /home/airflow/.local/lib/python3.8/site-packages/airflow/example_dags/example_python_operator.py
[2024-02-24T15:25:10.884+0000] {processor.py:840} INFO - DAG(s) 'example_python_operator' retrieved from /home/airflow/.local/lib/python3.8/site-packages/airflow/example_dags/example_python_operator.py
[2024-02-24T15:25:10.901+0000] {logging_mixin.py:188} INFO - [2024-02-24T15:25:10.900+0000] {dag.py:3036} INFO - Sync 1 DAGs
[2024-02-24T15:25:10.911+0000] {logging_mixin.py:188} INFO - [2024-02-24T15:25:10.911+0000] {dag.py:3823} INFO - Setting next_dagrun for example_python_operator to None, run_after=None
[2024-02-24T15:25:10.928+0000] {processor.py:183} INFO - Processing /home/airflow/.local/lib/python3.8/site-packages/airflow/example_dags/example_python_operator.py took 0.058 seconds
[2024-02-24T15:25:41.162+0000] {processor.py:161} INFO - Started process (PID=286) to work on /home/airflow/.local/lib/python3.8/site-packages/airflow/example_dags/example_python_operator.py
[2024-02-24T15:25:41.163+0000] {processor.py:830} INFO - Processing file /home/airflow/.local/lib/python3.8/site-packages/airflow/example_dags/example_python_operator.py for tasks to queue
[2024-02-24T15:25:41.164+0000] {logging_mixin.py:188} INFO - [2024-02-24T15:25:41.164+0000] {dagbag.py:538} INFO - Filling up the DagBag from /home/airflow/.local/lib/python3.8/site-packages/airflow/example_dags/example_python_operator.py
[2024-02-24T15:25:41.172+0000] {processor.py:840} INFO - DAG(s) 'example_python_operator' retrieved from /home/airflow/.local/lib/python3.8/site-packages/airflow/example_dags/example_python_operator.py
[2024-02-24T15:25:41.190+0000] {logging_mixin.py:188} INFO - [2024-02-24T15:25:41.190+0000] {dag.py:3036} INFO - Sync 1 DAGs
[2024-02-24T15:25:41.198+0000] {logging_mixin.py:188} INFO - [2024-02-24T15:25:41.198+0000] {dag.py:3823} INFO - Setting next_dagrun for example_python_operator to None, run_after=None
[2024-02-24T15:25:41.211+0000] {processor.py:183} INFO - Processing /home/airflow/.local/lib/python3.8/site-packages/airflow/example_dags/example_python_operator.py took 0.051 seconds
[2024-02-24T15:26:12.353+0000] {processor.py:161} INFO - Started process (PID=341) to work on /home/airflow/.local/lib/python3.8/site-packages/airflow/example_dags/example_python_operator.py
[2024-02-24T15:26:12.354+0000] {processor.py:830} INFO - Processing file /home/airflow/.local/lib/python3.8/site-packages/airflow/example_dags/example_python_operator.py for tasks to queue
[2024-02-24T15:26:12.355+0000] {logging_mixin.py:188} INFO - [2024-02-24T15:26:12.355+0000] {dagbag.py:538} INFO - Filling up the DagBag from /home/airflow/.local/lib/python3.8/site-packages/airflow/example_dags/example_python_operator.py
[2024-02-24T15:26:12.363+0000] {processor.py:840} INFO - DAG(s) 'example_python_operator' retrieved from /home/airflow/.local/lib/python3.8/site-packages/airflow/example_dags/example_python_operator.py
[2024-02-24T15:26:12.379+0000] {logging_mixin.py:188} INFO - [2024-02-24T15:26:12.379+0000] {dag.py:3036} INFO - Sync 1 DAGs
[2024-02-24T15:26:12.389+0000] {logging_mixin.py:188} INFO - [2024-02-24T15:26:12.389+0000] {dag.py:3823} INFO - Setting next_dagrun for example_python_operator to None, run_after=None
[2024-02-24T15:26:12.404+0000] {processor.py:183} INFO - Processing /home/airflow/.local/lib/python3.8/site-packages/airflow/example_dags/example_python_operator.py took 0.054 seconds
[2024-02-24T15:26:42.692+0000] {processor.py:161} INFO - Started process (PID=396) to work on /home/airflow/.local/lib/python3.8/site-packages/airflow/example_dags/example_python_operator.py
[2024-02-24T15:26:42.693+0000] {processor.py:830} INFO - Processing file /home/airflow/.local/lib/python3.8/site-packages/airflow/example_dags/example_python_operator.py for tasks to queue
[2024-02-24T15:26:42.695+0000] {logging_mixin.py:188} INFO - [2024-02-24T15:26:42.694+0000] {dagbag.py:538} INFO - Filling up the DagBag from /home/airflow/.local/lib/python3.8/site-packages/airflow/example_dags/example_python_operator.py
[2024-02-24T15:26:42.702+0000] {processor.py:840} INFO - DAG(s) 'example_python_operator' retrieved from /home/airflow/.local/lib/python3.8/site-packages/airflow/example_dags/example_python_operator.py
[2024-02-24T15:26:42.718+0000] {logging_mixin.py:188} INFO - [2024-02-24T15:26:42.718+0000] {dag.py:3036} INFO - Sync 1 DAGs
[2024-02-24T15:26:42.726+0000] {logging_mixin.py:188} INFO - [2024-02-24T15:26:42.726+0000] {dag.py:3823} INFO - Setting next_dagrun for example_python_operator to None, run_after=None
[2024-02-24T15:26:42.741+0000] {processor.py:183} INFO - Processing /home/airflow/.local/lib/python3.8/site-packages/airflow/example_dags/example_python_operator.py took 0.052 seconds
[2024-02-24T15:27:12.946+0000] {processor.py:161} INFO - Started process (PID=451) to work on /home/airflow/.local/lib/python3.8/site-packages/airflow/example_dags/example_python_operator.py
[2024-02-24T15:27:12.947+0000] {processor.py:830} INFO - Processing file /home/airflow/.local/lib/python3.8/site-packages/airflow/example_dags/example_python_operator.py for tasks to queue
[2024-02-24T15:27:12.949+0000] {logging_mixin.py:188} INFO - [2024-02-24T15:27:12.948+0000] {dagbag.py:538} INFO - Filling up the DagBag from /home/airflow/.local/lib/python3.8/site-packages/airflow/example_dags/example_python_operator.py
[2024-02-24T15:27:12.958+0000] {processor.py:840} INFO - DAG(s) 'example_python_operator' retrieved from /home/airflow/.local/lib/python3.8/site-packages/airflow/example_dags/example_python_operator.py
[2024-02-24T15:27:12.974+0000] {logging_mixin.py:188} INFO - [2024-02-24T15:27:12.974+0000] {dag.py:3036} INFO - Sync 1 DAGs
[2024-02-24T15:27:12.982+0000] {logging_mixin.py:188} INFO - [2024-02-24T15:27:12.982+0000] {dag.py:3823} INFO - Setting next_dagrun for example_python_operator to None, run_after=None
[2024-02-24T15:27:12.997+0000] {processor.py:183} INFO - Processing /home/airflow/.local/lib/python3.8/site-packages/airflow/example_dags/example_python_operator.py took 0.053 seconds
