[2024-02-24T15:23:38.300+0000] {processor.py:161} INFO - Started process (PID=56) to work on /home/airflow/.local/lib/python3.8/site-packages/airflow/example_dags/example_branch_python_dop_operator_3.py
[2024-02-24T15:23:38.301+0000] {processor.py:830} INFO - Processing file /home/airflow/.local/lib/python3.8/site-packages/airflow/example_dags/example_branch_python_dop_operator_3.py for tasks to queue
[2024-02-24T15:23:38.302+0000] {logging_mixin.py:188} INFO - [2024-02-24T15:23:38.302+0000] {dagbag.py:538} INFO - Filling up the DagBag from /home/airflow/.local/lib/python3.8/site-packages/airflow/example_dags/example_branch_python_dop_operator_3.py
[2024-02-24T15:23:38.310+0000] {processor.py:840} INFO - DAG(s) 'example_branch_dop_operator_v3' retrieved from /home/airflow/.local/lib/python3.8/site-packages/airflow/example_dags/example_branch_python_dop_operator_3.py
[2024-02-24T15:23:38.320+0000] {logging_mixin.py:188} INFO - [2024-02-24T15:23:38.320+0000] {dag.py:3036} INFO - Sync 1 DAGs
[2024-02-24T15:23:38.340+0000] {logging_mixin.py:188} INFO - [2024-02-24T15:23:38.340+0000] {dag.py:3823} INFO - Setting next_dagrun for example_branch_dop_operator_v3 to 2024-02-24 15:22:00+00:00, run_after=2024-02-24 15:23:00+00:00
[2024-02-24T15:23:38.355+0000] {processor.py:183} INFO - Processing /home/airflow/.local/lib/python3.8/site-packages/airflow/example_dags/example_branch_python_dop_operator_3.py took 0.057 seconds
[2024-02-24T15:24:09.159+0000] {processor.py:161} INFO - Started process (PID=111) to work on /home/airflow/.local/lib/python3.8/site-packages/airflow/example_dags/example_branch_python_dop_operator_3.py
[2024-02-24T15:24:09.160+0000] {processor.py:830} INFO - Processing file /home/airflow/.local/lib/python3.8/site-packages/airflow/example_dags/example_branch_python_dop_operator_3.py for tasks to queue
[2024-02-24T15:24:09.161+0000] {logging_mixin.py:188} INFO - [2024-02-24T15:24:09.161+0000] {dagbag.py:538} INFO - Filling up the DagBag from /home/airflow/.local/lib/python3.8/site-packages/airflow/example_dags/example_branch_python_dop_operator_3.py
[2024-02-24T15:24:09.167+0000] {processor.py:840} INFO - DAG(s) 'example_branch_dop_operator_v3' retrieved from /home/airflow/.local/lib/python3.8/site-packages/airflow/example_dags/example_branch_python_dop_operator_3.py
[2024-02-24T15:24:09.233+0000] {logging_mixin.py:188} INFO - [2024-02-24T15:24:09.233+0000] {dag.py:3036} INFO - Sync 1 DAGs
[2024-02-24T15:24:09.249+0000] {logging_mixin.py:188} INFO - [2024-02-24T15:24:09.249+0000] {dag.py:3823} INFO - Setting next_dagrun for example_branch_dop_operator_v3 to 2024-02-24 15:23:00+00:00, run_after=2024-02-24 15:24:00+00:00
[2024-02-24T15:24:09.262+0000] {processor.py:183} INFO - Processing /home/airflow/.local/lib/python3.8/site-packages/airflow/example_dags/example_branch_python_dop_operator_3.py took 0.105 seconds
[2024-02-24T15:24:40.032+0000] {processor.py:161} INFO - Started process (PID=166) to work on /home/airflow/.local/lib/python3.8/site-packages/airflow/example_dags/example_branch_python_dop_operator_3.py
[2024-02-24T15:24:40.033+0000] {processor.py:830} INFO - Processing file /home/airflow/.local/lib/python3.8/site-packages/airflow/example_dags/example_branch_python_dop_operator_3.py for tasks to queue
[2024-02-24T15:24:40.035+0000] {logging_mixin.py:188} INFO - [2024-02-24T15:24:40.034+0000] {dagbag.py:538} INFO - Filling up the DagBag from /home/airflow/.local/lib/python3.8/site-packages/airflow/example_dags/example_branch_python_dop_operator_3.py
[2024-02-24T15:24:40.041+0000] {processor.py:840} INFO - DAG(s) 'example_branch_dop_operator_v3' retrieved from /home/airflow/.local/lib/python3.8/site-packages/airflow/example_dags/example_branch_python_dop_operator_3.py
[2024-02-24T15:24:40.055+0000] {logging_mixin.py:188} INFO - [2024-02-24T15:24:40.055+0000] {dag.py:3036} INFO - Sync 1 DAGs
[2024-02-24T15:24:40.073+0000] {logging_mixin.py:188} INFO - [2024-02-24T15:24:40.073+0000] {dag.py:3823} INFO - Setting next_dagrun for example_branch_dop_operator_v3 to 2024-02-24 15:23:00+00:00, run_after=2024-02-24 15:24:00+00:00
[2024-02-24T15:24:40.090+0000] {processor.py:183} INFO - Processing /home/airflow/.local/lib/python3.8/site-packages/airflow/example_dags/example_branch_python_dop_operator_3.py took 0.060 seconds
[2024-02-24T15:25:10.425+0000] {processor.py:161} INFO - Started process (PID=221) to work on /home/airflow/.local/lib/python3.8/site-packages/airflow/example_dags/example_branch_python_dop_operator_3.py
[2024-02-24T15:25:10.426+0000] {processor.py:830} INFO - Processing file /home/airflow/.local/lib/python3.8/site-packages/airflow/example_dags/example_branch_python_dop_operator_3.py for tasks to queue
[2024-02-24T15:25:10.428+0000] {logging_mixin.py:188} INFO - [2024-02-24T15:25:10.428+0000] {dagbag.py:538} INFO - Filling up the DagBag from /home/airflow/.local/lib/python3.8/site-packages/airflow/example_dags/example_branch_python_dop_operator_3.py
[2024-02-24T15:25:10.435+0000] {processor.py:840} INFO - DAG(s) 'example_branch_dop_operator_v3' retrieved from /home/airflow/.local/lib/python3.8/site-packages/airflow/example_dags/example_branch_python_dop_operator_3.py
[2024-02-24T15:25:10.450+0000] {logging_mixin.py:188} INFO - [2024-02-24T15:25:10.450+0000] {dag.py:3036} INFO - Sync 1 DAGs
[2024-02-24T15:25:10.469+0000] {logging_mixin.py:188} INFO - [2024-02-24T15:25:10.469+0000] {dag.py:3823} INFO - Setting next_dagrun for example_branch_dop_operator_v3 to 2024-02-24 15:24:00+00:00, run_after=2024-02-24 15:25:00+00:00
[2024-02-24T15:25:10.486+0000] {processor.py:183} INFO - Processing /home/airflow/.local/lib/python3.8/site-packages/airflow/example_dags/example_branch_python_dop_operator_3.py took 0.064 seconds
[2024-02-24T15:25:40.747+0000] {processor.py:161} INFO - Started process (PID=276) to work on /home/airflow/.local/lib/python3.8/site-packages/airflow/example_dags/example_branch_python_dop_operator_3.py
[2024-02-24T15:25:40.748+0000] {processor.py:830} INFO - Processing file /home/airflow/.local/lib/python3.8/site-packages/airflow/example_dags/example_branch_python_dop_operator_3.py for tasks to queue
[2024-02-24T15:25:40.749+0000] {logging_mixin.py:188} INFO - [2024-02-24T15:25:40.749+0000] {dagbag.py:538} INFO - Filling up the DagBag from /home/airflow/.local/lib/python3.8/site-packages/airflow/example_dags/example_branch_python_dop_operator_3.py
[2024-02-24T15:25:40.757+0000] {processor.py:840} INFO - DAG(s) 'example_branch_dop_operator_v3' retrieved from /home/airflow/.local/lib/python3.8/site-packages/airflow/example_dags/example_branch_python_dop_operator_3.py
[2024-02-24T15:25:40.772+0000] {logging_mixin.py:188} INFO - [2024-02-24T15:25:40.772+0000] {dag.py:3036} INFO - Sync 1 DAGs
[2024-02-24T15:25:40.792+0000] {logging_mixin.py:188} INFO - [2024-02-24T15:25:40.792+0000] {dag.py:3823} INFO - Setting next_dagrun for example_branch_dop_operator_v3 to 2024-02-24 15:24:00+00:00, run_after=2024-02-24 15:25:00+00:00
[2024-02-24T15:25:40.806+0000] {processor.py:183} INFO - Processing /home/airflow/.local/lib/python3.8/site-packages/airflow/example_dags/example_branch_python_dop_operator_3.py took 0.061 seconds
[2024-02-24T15:26:11.898+0000] {processor.py:161} INFO - Started process (PID=331) to work on /home/airflow/.local/lib/python3.8/site-packages/airflow/example_dags/example_branch_python_dop_operator_3.py
[2024-02-24T15:26:11.899+0000] {processor.py:830} INFO - Processing file /home/airflow/.local/lib/python3.8/site-packages/airflow/example_dags/example_branch_python_dop_operator_3.py for tasks to queue
[2024-02-24T15:26:11.902+0000] {logging_mixin.py:188} INFO - [2024-02-24T15:26:11.901+0000] {dagbag.py:538} INFO - Filling up the DagBag from /home/airflow/.local/lib/python3.8/site-packages/airflow/example_dags/example_branch_python_dop_operator_3.py
[2024-02-24T15:26:11.910+0000] {processor.py:840} INFO - DAG(s) 'example_branch_dop_operator_v3' retrieved from /home/airflow/.local/lib/python3.8/site-packages/airflow/example_dags/example_branch_python_dop_operator_3.py
[2024-02-24T15:26:11.926+0000] {logging_mixin.py:188} INFO - [2024-02-24T15:26:11.926+0000] {dag.py:3036} INFO - Sync 1 DAGs
[2024-02-24T15:26:11.955+0000] {logging_mixin.py:188} INFO - [2024-02-24T15:26:11.955+0000] {dag.py:3823} INFO - Setting next_dagrun for example_branch_dop_operator_v3 to 2024-02-24 15:25:00+00:00, run_after=2024-02-24 15:26:00+00:00
[2024-02-24T15:26:11.971+0000] {processor.py:183} INFO - Processing /home/airflow/.local/lib/python3.8/site-packages/airflow/example_dags/example_branch_python_dop_operator_3.py took 0.075 seconds
[2024-02-24T15:26:42.270+0000] {processor.py:161} INFO - Started process (PID=386) to work on /home/airflow/.local/lib/python3.8/site-packages/airflow/example_dags/example_branch_python_dop_operator_3.py
[2024-02-24T15:26:42.271+0000] {processor.py:830} INFO - Processing file /home/airflow/.local/lib/python3.8/site-packages/airflow/example_dags/example_branch_python_dop_operator_3.py for tasks to queue
[2024-02-24T15:26:42.272+0000] {logging_mixin.py:188} INFO - [2024-02-24T15:26:42.272+0000] {dagbag.py:538} INFO - Filling up the DagBag from /home/airflow/.local/lib/python3.8/site-packages/airflow/example_dags/example_branch_python_dop_operator_3.py
[2024-02-24T15:26:42.279+0000] {processor.py:840} INFO - DAG(s) 'example_branch_dop_operator_v3' retrieved from /home/airflow/.local/lib/python3.8/site-packages/airflow/example_dags/example_branch_python_dop_operator_3.py
[2024-02-24T15:26:42.293+0000] {logging_mixin.py:188} INFO - [2024-02-24T15:26:42.293+0000] {dag.py:3036} INFO - Sync 1 DAGs
[2024-02-24T15:26:42.311+0000] {logging_mixin.py:188} INFO - [2024-02-24T15:26:42.311+0000] {dag.py:3823} INFO - Setting next_dagrun for example_branch_dop_operator_v3 to 2024-02-24 15:25:00+00:00, run_after=2024-02-24 15:26:00+00:00
[2024-02-24T15:26:42.325+0000] {processor.py:183} INFO - Processing /home/airflow/.local/lib/python3.8/site-packages/airflow/example_dags/example_branch_python_dop_operator_3.py took 0.058 seconds
[2024-02-24T15:27:12.429+0000] {processor.py:161} INFO - Started process (PID=441) to work on /home/airflow/.local/lib/python3.8/site-packages/airflow/example_dags/example_branch_python_dop_operator_3.py
[2024-02-24T15:27:12.430+0000] {processor.py:830} INFO - Processing file /home/airflow/.local/lib/python3.8/site-packages/airflow/example_dags/example_branch_python_dop_operator_3.py for tasks to queue
[2024-02-24T15:27:12.431+0000] {logging_mixin.py:188} INFO - [2024-02-24T15:27:12.431+0000] {dagbag.py:538} INFO - Filling up the DagBag from /home/airflow/.local/lib/python3.8/site-packages/airflow/example_dags/example_branch_python_dop_operator_3.py
[2024-02-24T15:27:12.438+0000] {processor.py:840} INFO - DAG(s) 'example_branch_dop_operator_v3' retrieved from /home/airflow/.local/lib/python3.8/site-packages/airflow/example_dags/example_branch_python_dop_operator_3.py
[2024-02-24T15:27:12.451+0000] {logging_mixin.py:188} INFO - [2024-02-24T15:27:12.451+0000] {dag.py:3036} INFO - Sync 1 DAGs
[2024-02-24T15:27:12.468+0000] {logging_mixin.py:188} INFO - [2024-02-24T15:27:12.467+0000] {dag.py:3823} INFO - Setting next_dagrun for example_branch_dop_operator_v3 to 2024-02-24 15:26:00+00:00, run_after=2024-02-24 15:27:00+00:00
[2024-02-24T15:27:12.480+0000] {processor.py:183} INFO - Processing /home/airflow/.local/lib/python3.8/site-packages/airflow/example_dags/example_branch_python_dop_operator_3.py took 0.054 seconds
