[2024-02-24T15:23:39.389+0000] {processor.py:161} INFO - Started process (PID=75) to work on /home/airflow/.local/lib/python3.8/site-packages/airflow/example_dags/example_subdag_operator.py
[2024-02-24T15:23:39.392+0000] {processor.py:830} INFO - Processing file /home/airflow/.local/lib/python3.8/site-packages/airflow/example_dags/example_subdag_operator.py for tasks to queue
[2024-02-24T15:23:39.395+0000] {logging_mixin.py:188} INFO - [2024-02-24T15:23:39.394+0000] {dagbag.py:538} INFO - Filling up the DagBag from /home/airflow/.local/lib/python3.8/site-packages/airflow/example_dags/example_subdag_operator.py
[2024-02-24T15:23:39.421+0000] {processor.py:840} INFO - DAG(s) 'example_subdag_operator.section-1', 'example_subdag_operator.section-2', 'example_subdag_operator' retrieved from /home/airflow/.local/lib/python3.8/site-packages/airflow/example_dags/example_subdag_operator.py
[2024-02-24T15:23:39.424+0000] {logging_mixin.py:188} INFO - [2024-02-24T15:23:39.424+0000] {dag.py:3036} INFO - Sync 3 DAGs
[2024-02-24T15:23:39.453+0000] {logging_mixin.py:188} INFO - [2024-02-24T15:23:39.452+0000] {dag.py:3823} INFO - Setting next_dagrun for example_subdag_operator to 2022-01-01 00:00:00+00:00, run_after=2022-01-01 00:00:00+00:00
[2024-02-24T15:23:39.458+0000] {logging_mixin.py:188} INFO - [2024-02-24T15:23:39.458+0000] {dag.py:3823} INFO - Setting next_dagrun for example_subdag_operator.section-1 to None, run_after=None
[2024-02-24T15:23:39.463+0000] {logging_mixin.py:188} INFO - [2024-02-24T15:23:39.463+0000] {dag.py:3823} INFO - Setting next_dagrun for example_subdag_operator.section-2 to None, run_after=None
[2024-02-24T15:23:39.476+0000] {logging_mixin.py:188} INFO - [2024-02-24T15:23:39.476+0000] {dag.py:3036} INFO - Sync 2 DAGs
[2024-02-24T15:23:39.481+0000] {logging_mixin.py:188} INFO - [2024-02-24T15:23:39.481+0000] {dag.py:3823} INFO - Setting next_dagrun for example_subdag_operator.section-1 to None, run_after=None
[2024-02-24T15:23:39.481+0000] {logging_mixin.py:188} INFO - [2024-02-24T15:23:39.481+0000] {dag.py:3823} INFO - Setting next_dagrun for example_subdag_operator.section-2 to None, run_after=None
[2024-02-24T15:23:39.496+0000] {processor.py:183} INFO - Processing /home/airflow/.local/lib/python3.8/site-packages/airflow/example_dags/example_subdag_operator.py took 0.110 seconds
[2024-02-24T15:24:10.484+0000] {processor.py:161} INFO - Started process (PID=130) to work on /home/airflow/.local/lib/python3.8/site-packages/airflow/example_dags/example_subdag_operator.py
[2024-02-24T15:24:10.485+0000] {processor.py:830} INFO - Processing file /home/airflow/.local/lib/python3.8/site-packages/airflow/example_dags/example_subdag_operator.py for tasks to queue
[2024-02-24T15:24:10.486+0000] {logging_mixin.py:188} INFO - [2024-02-24T15:24:10.486+0000] {dagbag.py:538} INFO - Filling up the DagBag from /home/airflow/.local/lib/python3.8/site-packages/airflow/example_dags/example_subdag_operator.py
[2024-02-24T15:24:10.503+0000] {processor.py:840} INFO - DAG(s) 'example_subdag_operator.section-1', 'example_subdag_operator.section-2', 'example_subdag_operator' retrieved from /home/airflow/.local/lib/python3.8/site-packages/airflow/example_dags/example_subdag_operator.py
[2024-02-24T15:24:10.560+0000] {logging_mixin.py:188} INFO - [2024-02-24T15:24:10.559+0000] {dag.py:3036} INFO - Sync 3 DAGs
[2024-02-24T15:24:10.572+0000] {logging_mixin.py:188} INFO - [2024-02-24T15:24:10.572+0000] {dag.py:3823} INFO - Setting next_dagrun for example_subdag_operator to 2022-01-01 00:00:00+00:00, run_after=2022-01-01 00:00:00+00:00
[2024-02-24T15:24:10.575+0000] {logging_mixin.py:188} INFO - [2024-02-24T15:24:10.575+0000] {dag.py:3823} INFO - Setting next_dagrun for example_subdag_operator.section-1 to None, run_after=None
[2024-02-24T15:24:10.576+0000] {logging_mixin.py:188} INFO - [2024-02-24T15:24:10.576+0000] {dag.py:3823} INFO - Setting next_dagrun for example_subdag_operator.section-2 to None, run_after=None
[2024-02-24T15:24:10.582+0000] {logging_mixin.py:188} INFO - [2024-02-24T15:24:10.582+0000] {dag.py:3036} INFO - Sync 2 DAGs
[2024-02-24T15:24:10.585+0000] {logging_mixin.py:188} INFO - [2024-02-24T15:24:10.585+0000] {dag.py:3823} INFO - Setting next_dagrun for example_subdag_operator.section-1 to None, run_after=None
[2024-02-24T15:24:10.586+0000] {logging_mixin.py:188} INFO - [2024-02-24T15:24:10.586+0000] {dag.py:3823} INFO - Setting next_dagrun for example_subdag_operator.section-2 to None, run_after=None
[2024-02-24T15:24:10.595+0000] {processor.py:183} INFO - Processing /home/airflow/.local/lib/python3.8/site-packages/airflow/example_dags/example_subdag_operator.py took 0.113 seconds
[2024-02-24T15:24:40.950+0000] {processor.py:161} INFO - Started process (PID=185) to work on /home/airflow/.local/lib/python3.8/site-packages/airflow/example_dags/example_subdag_operator.py
[2024-02-24T15:24:40.951+0000] {processor.py:830} INFO - Processing file /home/airflow/.local/lib/python3.8/site-packages/airflow/example_dags/example_subdag_operator.py for tasks to queue
[2024-02-24T15:24:40.953+0000] {logging_mixin.py:188} INFO - [2024-02-24T15:24:40.952+0000] {dagbag.py:538} INFO - Filling up the DagBag from /home/airflow/.local/lib/python3.8/site-packages/airflow/example_dags/example_subdag_operator.py
[2024-02-24T15:24:40.969+0000] {processor.py:840} INFO - DAG(s) 'example_subdag_operator.section-1', 'example_subdag_operator.section-2', 'example_subdag_operator' retrieved from /home/airflow/.local/lib/python3.8/site-packages/airflow/example_dags/example_subdag_operator.py
[2024-02-24T15:24:40.981+0000] {logging_mixin.py:188} INFO - [2024-02-24T15:24:40.981+0000] {dag.py:3036} INFO - Sync 3 DAGs
[2024-02-24T15:24:40.997+0000] {logging_mixin.py:188} INFO - [2024-02-24T15:24:40.997+0000] {dag.py:3823} INFO - Setting next_dagrun for example_subdag_operator to 2022-01-01 00:00:00+00:00, run_after=2022-01-01 00:00:00+00:00
[2024-02-24T15:24:41.000+0000] {logging_mixin.py:188} INFO - [2024-02-24T15:24:41.000+0000] {dag.py:3823} INFO - Setting next_dagrun for example_subdag_operator.section-1 to None, run_after=None
[2024-02-24T15:24:41.002+0000] {logging_mixin.py:188} INFO - [2024-02-24T15:24:41.001+0000] {dag.py:3823} INFO - Setting next_dagrun for example_subdag_operator.section-2 to None, run_after=None
[2024-02-24T15:24:41.007+0000] {logging_mixin.py:188} INFO - [2024-02-24T15:24:41.007+0000] {dag.py:3036} INFO - Sync 2 DAGs
[2024-02-24T15:24:41.012+0000] {logging_mixin.py:188} INFO - [2024-02-24T15:24:41.012+0000] {dag.py:3823} INFO - Setting next_dagrun for example_subdag_operator.section-1 to None, run_after=None
[2024-02-24T15:24:41.012+0000] {logging_mixin.py:188} INFO - [2024-02-24T15:24:41.012+0000] {dag.py:3823} INFO - Setting next_dagrun for example_subdag_operator.section-2 to None, run_after=None
[2024-02-24T15:24:41.022+0000] {processor.py:183} INFO - Processing /home/airflow/.local/lib/python3.8/site-packages/airflow/example_dags/example_subdag_operator.py took 0.074 seconds
[2024-02-24T15:25:11.246+0000] {processor.py:161} INFO - Started process (PID=240) to work on /home/airflow/.local/lib/python3.8/site-packages/airflow/example_dags/example_subdag_operator.py
[2024-02-24T15:25:11.247+0000] {processor.py:830} INFO - Processing file /home/airflow/.local/lib/python3.8/site-packages/airflow/example_dags/example_subdag_operator.py for tasks to queue
[2024-02-24T15:25:11.249+0000] {logging_mixin.py:188} INFO - [2024-02-24T15:25:11.248+0000] {dagbag.py:538} INFO - Filling up the DagBag from /home/airflow/.local/lib/python3.8/site-packages/airflow/example_dags/example_subdag_operator.py
[2024-02-24T15:25:11.266+0000] {processor.py:840} INFO - DAG(s) 'example_subdag_operator.section-1', 'example_subdag_operator.section-2', 'example_subdag_operator' retrieved from /home/airflow/.local/lib/python3.8/site-packages/airflow/example_dags/example_subdag_operator.py
[2024-02-24T15:25:11.277+0000] {logging_mixin.py:188} INFO - [2024-02-24T15:25:11.277+0000] {dag.py:3036} INFO - Sync 3 DAGs
[2024-02-24T15:25:11.293+0000] {logging_mixin.py:188} INFO - [2024-02-24T15:25:11.293+0000] {dag.py:3823} INFO - Setting next_dagrun for example_subdag_operator to 2022-01-01 00:00:00+00:00, run_after=2022-01-01 00:00:00+00:00
[2024-02-24T15:25:11.296+0000] {logging_mixin.py:188} INFO - [2024-02-24T15:25:11.296+0000] {dag.py:3823} INFO - Setting next_dagrun for example_subdag_operator.section-1 to None, run_after=None
[2024-02-24T15:25:11.298+0000] {logging_mixin.py:188} INFO - [2024-02-24T15:25:11.297+0000] {dag.py:3823} INFO - Setting next_dagrun for example_subdag_operator.section-2 to None, run_after=None
[2024-02-24T15:25:11.303+0000] {logging_mixin.py:188} INFO - [2024-02-24T15:25:11.303+0000] {dag.py:3036} INFO - Sync 2 DAGs
[2024-02-24T15:25:11.308+0000] {logging_mixin.py:188} INFO - [2024-02-24T15:25:11.308+0000] {dag.py:3823} INFO - Setting next_dagrun for example_subdag_operator.section-1 to None, run_after=None
[2024-02-24T15:25:11.308+0000] {logging_mixin.py:188} INFO - [2024-02-24T15:25:11.308+0000] {dag.py:3823} INFO - Setting next_dagrun for example_subdag_operator.section-2 to None, run_after=None
[2024-02-24T15:25:11.317+0000] {processor.py:183} INFO - Processing /home/airflow/.local/lib/python3.8/site-packages/airflow/example_dags/example_subdag_operator.py took 0.073 seconds
[2024-02-24T15:25:41.499+0000] {processor.py:161} INFO - Started process (PID=295) to work on /home/airflow/.local/lib/python3.8/site-packages/airflow/example_dags/example_subdag_operator.py
[2024-02-24T15:25:41.500+0000] {processor.py:830} INFO - Processing file /home/airflow/.local/lib/python3.8/site-packages/airflow/example_dags/example_subdag_operator.py for tasks to queue
[2024-02-24T15:25:41.502+0000] {logging_mixin.py:188} INFO - [2024-02-24T15:25:41.502+0000] {dagbag.py:538} INFO - Filling up the DagBag from /home/airflow/.local/lib/python3.8/site-packages/airflow/example_dags/example_subdag_operator.py
[2024-02-24T15:25:41.518+0000] {processor.py:840} INFO - DAG(s) 'example_subdag_operator.section-1', 'example_subdag_operator.section-2', 'example_subdag_operator' retrieved from /home/airflow/.local/lib/python3.8/site-packages/airflow/example_dags/example_subdag_operator.py
[2024-02-24T15:25:41.530+0000] {logging_mixin.py:188} INFO - [2024-02-24T15:25:41.530+0000] {dag.py:3036} INFO - Sync 3 DAGs
[2024-02-24T15:25:41.545+0000] {logging_mixin.py:188} INFO - [2024-02-24T15:25:41.545+0000] {dag.py:3823} INFO - Setting next_dagrun for example_subdag_operator to 2022-01-01 00:00:00+00:00, run_after=2022-01-01 00:00:00+00:00
[2024-02-24T15:25:41.547+0000] {logging_mixin.py:188} INFO - [2024-02-24T15:25:41.547+0000] {dag.py:3823} INFO - Setting next_dagrun for example_subdag_operator.section-1 to None, run_after=None
[2024-02-24T15:25:41.549+0000] {logging_mixin.py:188} INFO - [2024-02-24T15:25:41.549+0000] {dag.py:3823} INFO - Setting next_dagrun for example_subdag_operator.section-2 to None, run_after=None
[2024-02-24T15:25:41.554+0000] {logging_mixin.py:188} INFO - [2024-02-24T15:25:41.554+0000] {dag.py:3036} INFO - Sync 2 DAGs
[2024-02-24T15:25:41.558+0000] {logging_mixin.py:188} INFO - [2024-02-24T15:25:41.558+0000] {dag.py:3823} INFO - Setting next_dagrun for example_subdag_operator.section-1 to None, run_after=None
[2024-02-24T15:25:41.558+0000] {logging_mixin.py:188} INFO - [2024-02-24T15:25:41.558+0000] {dag.py:3823} INFO - Setting next_dagrun for example_subdag_operator.section-2 to None, run_after=None
[2024-02-24T15:25:41.566+0000] {processor.py:183} INFO - Processing /home/airflow/.local/lib/python3.8/site-packages/airflow/example_dags/example_subdag_operator.py took 0.069 seconds
[2024-02-24T15:26:12.742+0000] {processor.py:161} INFO - Started process (PID=350) to work on /home/airflow/.local/lib/python3.8/site-packages/airflow/example_dags/example_subdag_operator.py
[2024-02-24T15:26:12.743+0000] {processor.py:830} INFO - Processing file /home/airflow/.local/lib/python3.8/site-packages/airflow/example_dags/example_subdag_operator.py for tasks to queue
[2024-02-24T15:26:12.745+0000] {logging_mixin.py:188} INFO - [2024-02-24T15:26:12.744+0000] {dagbag.py:538} INFO - Filling up the DagBag from /home/airflow/.local/lib/python3.8/site-packages/airflow/example_dags/example_subdag_operator.py
[2024-02-24T15:26:12.765+0000] {processor.py:840} INFO - DAG(s) 'example_subdag_operator.section-1', 'example_subdag_operator.section-2', 'example_subdag_operator' retrieved from /home/airflow/.local/lib/python3.8/site-packages/airflow/example_dags/example_subdag_operator.py
[2024-02-24T15:26:12.778+0000] {logging_mixin.py:188} INFO - [2024-02-24T15:26:12.778+0000] {dag.py:3036} INFO - Sync 3 DAGs
[2024-02-24T15:26:12.798+0000] {logging_mixin.py:188} INFO - [2024-02-24T15:26:12.798+0000] {dag.py:3823} INFO - Setting next_dagrun for example_subdag_operator to 2022-01-01 00:00:00+00:00, run_after=2022-01-01 00:00:00+00:00
[2024-02-24T15:26:12.803+0000] {logging_mixin.py:188} INFO - [2024-02-24T15:26:12.803+0000] {dag.py:3823} INFO - Setting next_dagrun for example_subdag_operator.section-1 to None, run_after=None
[2024-02-24T15:26:12.805+0000] {logging_mixin.py:188} INFO - [2024-02-24T15:26:12.805+0000] {dag.py:3823} INFO - Setting next_dagrun for example_subdag_operator.section-2 to None, run_after=None
[2024-02-24T15:26:12.813+0000] {logging_mixin.py:188} INFO - [2024-02-24T15:26:12.813+0000] {dag.py:3036} INFO - Sync 2 DAGs
[2024-02-24T15:26:12.820+0000] {logging_mixin.py:188} INFO - [2024-02-24T15:26:12.820+0000] {dag.py:3823} INFO - Setting next_dagrun for example_subdag_operator.section-1 to None, run_after=None
[2024-02-24T15:26:12.821+0000] {logging_mixin.py:188} INFO - [2024-02-24T15:26:12.821+0000] {dag.py:3823} INFO - Setting next_dagrun for example_subdag_operator.section-2 to None, run_after=None
[2024-02-24T15:26:12.833+0000] {processor.py:183} INFO - Processing /home/airflow/.local/lib/python3.8/site-packages/airflow/example_dags/example_subdag_operator.py took 0.094 seconds
[2024-02-24T15:26:43.030+0000] {processor.py:161} INFO - Started process (PID=405) to work on /home/airflow/.local/lib/python3.8/site-packages/airflow/example_dags/example_subdag_operator.py
[2024-02-24T15:26:43.031+0000] {processor.py:830} INFO - Processing file /home/airflow/.local/lib/python3.8/site-packages/airflow/example_dags/example_subdag_operator.py for tasks to queue
[2024-02-24T15:26:43.032+0000] {logging_mixin.py:188} INFO - [2024-02-24T15:26:43.032+0000] {dagbag.py:538} INFO - Filling up the DagBag from /home/airflow/.local/lib/python3.8/site-packages/airflow/example_dags/example_subdag_operator.py
[2024-02-24T15:26:43.050+0000] {processor.py:840} INFO - DAG(s) 'example_subdag_operator.section-1', 'example_subdag_operator.section-2', 'example_subdag_operator' retrieved from /home/airflow/.local/lib/python3.8/site-packages/airflow/example_dags/example_subdag_operator.py
[2024-02-24T15:26:43.061+0000] {logging_mixin.py:188} INFO - [2024-02-24T15:26:43.061+0000] {dag.py:3036} INFO - Sync 3 DAGs
[2024-02-24T15:26:43.076+0000] {logging_mixin.py:188} INFO - [2024-02-24T15:26:43.076+0000] {dag.py:3823} INFO - Setting next_dagrun for example_subdag_operator to 2022-01-01 00:00:00+00:00, run_after=2022-01-01 00:00:00+00:00
[2024-02-24T15:26:43.079+0000] {logging_mixin.py:188} INFO - [2024-02-24T15:26:43.079+0000] {dag.py:3823} INFO - Setting next_dagrun for example_subdag_operator.section-1 to None, run_after=None
[2024-02-24T15:26:43.080+0000] {logging_mixin.py:188} INFO - [2024-02-24T15:26:43.080+0000] {dag.py:3823} INFO - Setting next_dagrun for example_subdag_operator.section-2 to None, run_after=None
[2024-02-24T15:26:43.085+0000] {logging_mixin.py:188} INFO - [2024-02-24T15:26:43.085+0000] {dag.py:3036} INFO - Sync 2 DAGs
[2024-02-24T15:26:43.090+0000] {logging_mixin.py:188} INFO - [2024-02-24T15:26:43.090+0000] {dag.py:3823} INFO - Setting next_dagrun for example_subdag_operator.section-1 to None, run_after=None
[2024-02-24T15:26:43.091+0000] {logging_mixin.py:188} INFO - [2024-02-24T15:26:43.090+0000] {dag.py:3823} INFO - Setting next_dagrun for example_subdag_operator.section-2 to None, run_after=None
[2024-02-24T15:26:43.100+0000] {processor.py:183} INFO - Processing /home/airflow/.local/lib/python3.8/site-packages/airflow/example_dags/example_subdag_operator.py took 0.073 seconds
[2024-02-24T15:27:13.353+0000] {processor.py:161} INFO - Started process (PID=460) to work on /home/airflow/.local/lib/python3.8/site-packages/airflow/example_dags/example_subdag_operator.py
[2024-02-24T15:27:13.355+0000] {processor.py:830} INFO - Processing file /home/airflow/.local/lib/python3.8/site-packages/airflow/example_dags/example_subdag_operator.py for tasks to queue
[2024-02-24T15:27:13.357+0000] {logging_mixin.py:188} INFO - [2024-02-24T15:27:13.357+0000] {dagbag.py:538} INFO - Filling up the DagBag from /home/airflow/.local/lib/python3.8/site-packages/airflow/example_dags/example_subdag_operator.py
[2024-02-24T15:27:13.376+0000] {processor.py:840} INFO - DAG(s) 'example_subdag_operator.section-1', 'example_subdag_operator.section-2', 'example_subdag_operator' retrieved from /home/airflow/.local/lib/python3.8/site-packages/airflow/example_dags/example_subdag_operator.py
[2024-02-24T15:27:13.388+0000] {logging_mixin.py:188} INFO - [2024-02-24T15:27:13.388+0000] {dag.py:3036} INFO - Sync 3 DAGs
[2024-02-24T15:27:13.404+0000] {logging_mixin.py:188} INFO - [2024-02-24T15:27:13.404+0000] {dag.py:3823} INFO - Setting next_dagrun for example_subdag_operator to 2022-01-01 00:00:00+00:00, run_after=2022-01-01 00:00:00+00:00
[2024-02-24T15:27:13.408+0000] {logging_mixin.py:188} INFO - [2024-02-24T15:27:13.408+0000] {dag.py:3823} INFO - Setting next_dagrun for example_subdag_operator.section-1 to None, run_after=None
[2024-02-24T15:27:13.410+0000] {logging_mixin.py:188} INFO - [2024-02-24T15:27:13.409+0000] {dag.py:3823} INFO - Setting next_dagrun for example_subdag_operator.section-2 to None, run_after=None
[2024-02-24T15:27:13.415+0000] {logging_mixin.py:188} INFO - [2024-02-24T15:27:13.415+0000] {dag.py:3036} INFO - Sync 2 DAGs
[2024-02-24T15:27:13.419+0000] {logging_mixin.py:188} INFO - [2024-02-24T15:27:13.419+0000] {dag.py:3823} INFO - Setting next_dagrun for example_subdag_operator.section-1 to None, run_after=None
[2024-02-24T15:27:13.420+0000] {logging_mixin.py:188} INFO - [2024-02-24T15:27:13.420+0000] {dag.py:3823} INFO - Setting next_dagrun for example_subdag_operator.section-2 to None, run_after=None
[2024-02-24T15:27:13.430+0000] {processor.py:183} INFO - Processing /home/airflow/.local/lib/python3.8/site-packages/airflow/example_dags/example_subdag_operator.py took 0.079 seconds
