[2024-02-24T15:23:39.547+0000] {processor.py:161} INFO - Started process (PID=77) to work on /home/airflow/.local/lib/python3.8/site-packages/airflow/example_dags/example_external_task_marker_dag.py
[2024-02-24T15:23:39.548+0000] {processor.py:830} INFO - Processing file /home/airflow/.local/lib/python3.8/site-packages/airflow/example_dags/example_external_task_marker_dag.py for tasks to queue
[2024-02-24T15:23:39.551+0000] {logging_mixin.py:188} INFO - [2024-02-24T15:23:39.551+0000] {dagbag.py:538} INFO - Filling up the DagBag from /home/airflow/.local/lib/python3.8/site-packages/airflow/example_dags/example_external_task_marker_dag.py
[2024-02-24T15:23:39.562+0000] {processor.py:840} INFO - DAG(s) 'example_external_task_marker_parent', 'example_external_task_marker_child' retrieved from /home/airflow/.local/lib/python3.8/site-packages/airflow/example_dags/example_external_task_marker_dag.py
[2024-02-24T15:23:39.574+0000] {logging_mixin.py:188} INFO - [2024-02-24T15:23:39.574+0000] {dag.py:3036} INFO - Sync 2 DAGs
[2024-02-24T15:23:39.599+0000] {logging_mixin.py:188} INFO - [2024-02-24T15:23:39.598+0000] {dag.py:3823} INFO - Setting next_dagrun for example_external_task_marker_child to None, run_after=None
[2024-02-24T15:23:39.604+0000] {logging_mixin.py:188} INFO - [2024-02-24T15:23:39.604+0000] {dag.py:3823} INFO - Setting next_dagrun for example_external_task_marker_parent to None, run_after=None
[2024-02-24T15:23:39.634+0000] {processor.py:183} INFO - Processing /home/airflow/.local/lib/python3.8/site-packages/airflow/example_dags/example_external_task_marker_dag.py took 0.105 seconds
[2024-02-24T15:24:10.618+0000] {processor.py:161} INFO - Started process (PID=132) to work on /home/airflow/.local/lib/python3.8/site-packages/airflow/example_dags/example_external_task_marker_dag.py
[2024-02-24T15:24:10.619+0000] {processor.py:830} INFO - Processing file /home/airflow/.local/lib/python3.8/site-packages/airflow/example_dags/example_external_task_marker_dag.py for tasks to queue
[2024-02-24T15:24:10.621+0000] {logging_mixin.py:188} INFO - [2024-02-24T15:24:10.620+0000] {dagbag.py:538} INFO - Filling up the DagBag from /home/airflow/.local/lib/python3.8/site-packages/airflow/example_dags/example_external_task_marker_dag.py
[2024-02-24T15:24:10.625+0000] {processor.py:840} INFO - DAG(s) 'example_external_task_marker_child', 'example_external_task_marker_parent' retrieved from /home/airflow/.local/lib/python3.8/site-packages/airflow/example_dags/example_external_task_marker_dag.py
[2024-02-24T15:24:10.697+0000] {logging_mixin.py:188} INFO - [2024-02-24T15:24:10.696+0000] {dag.py:3036} INFO - Sync 2 DAGs
[2024-02-24T15:24:10.704+0000] {logging_mixin.py:188} INFO - [2024-02-24T15:24:10.704+0000] {dag.py:3823} INFO - Setting next_dagrun for example_external_task_marker_child to None, run_after=None
[2024-02-24T15:24:10.707+0000] {logging_mixin.py:188} INFO - [2024-02-24T15:24:10.706+0000] {dag.py:3823} INFO - Setting next_dagrun for example_external_task_marker_parent to None, run_after=None
[2024-02-24T15:24:10.720+0000] {processor.py:183} INFO - Processing /home/airflow/.local/lib/python3.8/site-packages/airflow/example_dags/example_external_task_marker_dag.py took 0.104 seconds
[2024-02-24T15:24:41.046+0000] {processor.py:161} INFO - Started process (PID=187) to work on /home/airflow/.local/lib/python3.8/site-packages/airflow/example_dags/example_external_task_marker_dag.py
[2024-02-24T15:24:41.047+0000] {processor.py:830} INFO - Processing file /home/airflow/.local/lib/python3.8/site-packages/airflow/example_dags/example_external_task_marker_dag.py for tasks to queue
[2024-02-24T15:24:41.049+0000] {logging_mixin.py:188} INFO - [2024-02-24T15:24:41.049+0000] {dagbag.py:538} INFO - Filling up the DagBag from /home/airflow/.local/lib/python3.8/site-packages/airflow/example_dags/example_external_task_marker_dag.py
[2024-02-24T15:24:41.053+0000] {processor.py:840} INFO - DAG(s) 'example_external_task_marker_child', 'example_external_task_marker_parent' retrieved from /home/airflow/.local/lib/python3.8/site-packages/airflow/example_dags/example_external_task_marker_dag.py
[2024-02-24T15:24:41.071+0000] {logging_mixin.py:188} INFO - [2024-02-24T15:24:41.071+0000] {dag.py:3036} INFO - Sync 2 DAGs
[2024-02-24T15:24:41.080+0000] {logging_mixin.py:188} INFO - [2024-02-24T15:24:41.080+0000] {dag.py:3823} INFO - Setting next_dagrun for example_external_task_marker_child to None, run_after=None
[2024-02-24T15:24:41.083+0000] {logging_mixin.py:188} INFO - [2024-02-24T15:24:41.083+0000] {dag.py:3823} INFO - Setting next_dagrun for example_external_task_marker_parent to None, run_after=None
[2024-02-24T15:24:41.095+0000] {processor.py:183} INFO - Processing /home/airflow/.local/lib/python3.8/site-packages/airflow/example_dags/example_external_task_marker_dag.py took 0.051 seconds
[2024-02-24T15:25:11.341+0000] {processor.py:161} INFO - Started process (PID=242) to work on /home/airflow/.local/lib/python3.8/site-packages/airflow/example_dags/example_external_task_marker_dag.py
[2024-02-24T15:25:11.342+0000] {processor.py:830} INFO - Processing file /home/airflow/.local/lib/python3.8/site-packages/airflow/example_dags/example_external_task_marker_dag.py for tasks to queue
[2024-02-24T15:25:11.344+0000] {logging_mixin.py:188} INFO - [2024-02-24T15:25:11.343+0000] {dagbag.py:538} INFO - Filling up the DagBag from /home/airflow/.local/lib/python3.8/site-packages/airflow/example_dags/example_external_task_marker_dag.py
[2024-02-24T15:25:11.348+0000] {processor.py:840} INFO - DAG(s) 'example_external_task_marker_child', 'example_external_task_marker_parent' retrieved from /home/airflow/.local/lib/python3.8/site-packages/airflow/example_dags/example_external_task_marker_dag.py
[2024-02-24T15:25:11.367+0000] {logging_mixin.py:188} INFO - [2024-02-24T15:25:11.366+0000] {dag.py:3036} INFO - Sync 2 DAGs
[2024-02-24T15:25:11.378+0000] {logging_mixin.py:188} INFO - [2024-02-24T15:25:11.378+0000] {dag.py:3823} INFO - Setting next_dagrun for example_external_task_marker_child to None, run_after=None
[2024-02-24T15:25:11.381+0000] {logging_mixin.py:188} INFO - [2024-02-24T15:25:11.381+0000] {dag.py:3823} INFO - Setting next_dagrun for example_external_task_marker_parent to None, run_after=None
[2024-02-24T15:25:11.394+0000] {processor.py:183} INFO - Processing /home/airflow/.local/lib/python3.8/site-packages/airflow/example_dags/example_external_task_marker_dag.py took 0.056 seconds
[2024-02-24T15:25:41.590+0000] {processor.py:161} INFO - Started process (PID=297) to work on /home/airflow/.local/lib/python3.8/site-packages/airflow/example_dags/example_external_task_marker_dag.py
[2024-02-24T15:25:41.591+0000] {processor.py:830} INFO - Processing file /home/airflow/.local/lib/python3.8/site-packages/airflow/example_dags/example_external_task_marker_dag.py for tasks to queue
[2024-02-24T15:25:41.592+0000] {logging_mixin.py:188} INFO - [2024-02-24T15:25:41.592+0000] {dagbag.py:538} INFO - Filling up the DagBag from /home/airflow/.local/lib/python3.8/site-packages/airflow/example_dags/example_external_task_marker_dag.py
[2024-02-24T15:25:41.597+0000] {processor.py:840} INFO - DAG(s) 'example_external_task_marker_parent', 'example_external_task_marker_child' retrieved from /home/airflow/.local/lib/python3.8/site-packages/airflow/example_dags/example_external_task_marker_dag.py
[2024-02-24T15:25:41.617+0000] {logging_mixin.py:188} INFO - [2024-02-24T15:25:41.617+0000] {dag.py:3036} INFO - Sync 2 DAGs
[2024-02-24T15:25:41.626+0000] {logging_mixin.py:188} INFO - [2024-02-24T15:25:41.626+0000] {dag.py:3823} INFO - Setting next_dagrun for example_external_task_marker_child to None, run_after=None
[2024-02-24T15:25:41.629+0000] {logging_mixin.py:188} INFO - [2024-02-24T15:25:41.629+0000] {dag.py:3823} INFO - Setting next_dagrun for example_external_task_marker_parent to None, run_after=None
[2024-02-24T15:25:41.642+0000] {processor.py:183} INFO - Processing /home/airflow/.local/lib/python3.8/site-packages/airflow/example_dags/example_external_task_marker_dag.py took 0.055 seconds
[2024-02-24T15:26:12.859+0000] {processor.py:161} INFO - Started process (PID=352) to work on /home/airflow/.local/lib/python3.8/site-packages/airflow/example_dags/example_external_task_marker_dag.py
[2024-02-24T15:26:12.860+0000] {processor.py:830} INFO - Processing file /home/airflow/.local/lib/python3.8/site-packages/airflow/example_dags/example_external_task_marker_dag.py for tasks to queue
[2024-02-24T15:26:12.861+0000] {logging_mixin.py:188} INFO - [2024-02-24T15:26:12.861+0000] {dagbag.py:538} INFO - Filling up the DagBag from /home/airflow/.local/lib/python3.8/site-packages/airflow/example_dags/example_external_task_marker_dag.py
[2024-02-24T15:26:12.866+0000] {processor.py:840} INFO - DAG(s) 'example_external_task_marker_parent', 'example_external_task_marker_child' retrieved from /home/airflow/.local/lib/python3.8/site-packages/airflow/example_dags/example_external_task_marker_dag.py
[2024-02-24T15:26:12.883+0000] {logging_mixin.py:188} INFO - [2024-02-24T15:26:12.883+0000] {dag.py:3036} INFO - Sync 2 DAGs
[2024-02-24T15:26:12.893+0000] {logging_mixin.py:188} INFO - [2024-02-24T15:26:12.893+0000] {dag.py:3823} INFO - Setting next_dagrun for example_external_task_marker_child to None, run_after=None
[2024-02-24T15:26:12.896+0000] {logging_mixin.py:188} INFO - [2024-02-24T15:26:12.896+0000] {dag.py:3823} INFO - Setting next_dagrun for example_external_task_marker_parent to None, run_after=None
[2024-02-24T15:26:12.909+0000] {processor.py:183} INFO - Processing /home/airflow/.local/lib/python3.8/site-packages/airflow/example_dags/example_external_task_marker_dag.py took 0.053 seconds
[2024-02-24T15:26:43.122+0000] {processor.py:161} INFO - Started process (PID=407) to work on /home/airflow/.local/lib/python3.8/site-packages/airflow/example_dags/example_external_task_marker_dag.py
[2024-02-24T15:26:43.123+0000] {processor.py:830} INFO - Processing file /home/airflow/.local/lib/python3.8/site-packages/airflow/example_dags/example_external_task_marker_dag.py for tasks to queue
[2024-02-24T15:26:43.125+0000] {logging_mixin.py:188} INFO - [2024-02-24T15:26:43.124+0000] {dagbag.py:538} INFO - Filling up the DagBag from /home/airflow/.local/lib/python3.8/site-packages/airflow/example_dags/example_external_task_marker_dag.py
[2024-02-24T15:26:43.129+0000] {processor.py:840} INFO - DAG(s) 'example_external_task_marker_parent', 'example_external_task_marker_child' retrieved from /home/airflow/.local/lib/python3.8/site-packages/airflow/example_dags/example_external_task_marker_dag.py
[2024-02-24T15:26:43.147+0000] {logging_mixin.py:188} INFO - [2024-02-24T15:26:43.147+0000] {dag.py:3036} INFO - Sync 2 DAGs
[2024-02-24T15:26:43.157+0000] {logging_mixin.py:188} INFO - [2024-02-24T15:26:43.156+0000] {dag.py:3823} INFO - Setting next_dagrun for example_external_task_marker_child to None, run_after=None
[2024-02-24T15:26:43.160+0000] {logging_mixin.py:188} INFO - [2024-02-24T15:26:43.160+0000] {dag.py:3823} INFO - Setting next_dagrun for example_external_task_marker_parent to None, run_after=None
[2024-02-24T15:26:43.173+0000] {processor.py:183} INFO - Processing /home/airflow/.local/lib/python3.8/site-packages/airflow/example_dags/example_external_task_marker_dag.py took 0.054 seconds
[2024-02-24T15:27:13.458+0000] {processor.py:161} INFO - Started process (PID=462) to work on /home/airflow/.local/lib/python3.8/site-packages/airflow/example_dags/example_external_task_marker_dag.py
[2024-02-24T15:27:13.459+0000] {processor.py:830} INFO - Processing file /home/airflow/.local/lib/python3.8/site-packages/airflow/example_dags/example_external_task_marker_dag.py for tasks to queue
[2024-02-24T15:27:13.461+0000] {logging_mixin.py:188} INFO - [2024-02-24T15:27:13.461+0000] {dagbag.py:538} INFO - Filling up the DagBag from /home/airflow/.local/lib/python3.8/site-packages/airflow/example_dags/example_external_task_marker_dag.py
[2024-02-24T15:27:13.466+0000] {processor.py:840} INFO - DAG(s) 'example_external_task_marker_parent', 'example_external_task_marker_child' retrieved from /home/airflow/.local/lib/python3.8/site-packages/airflow/example_dags/example_external_task_marker_dag.py
[2024-02-24T15:27:13.485+0000] {logging_mixin.py:188} INFO - [2024-02-24T15:27:13.485+0000] {dag.py:3036} INFO - Sync 2 DAGs
[2024-02-24T15:27:13.496+0000] {logging_mixin.py:188} INFO - [2024-02-24T15:27:13.496+0000] {dag.py:3823} INFO - Setting next_dagrun for example_external_task_marker_child to None, run_after=None
[2024-02-24T15:27:13.500+0000] {logging_mixin.py:188} INFO - [2024-02-24T15:27:13.500+0000] {dag.py:3823} INFO - Setting next_dagrun for example_external_task_marker_parent to None, run_after=None
[2024-02-24T15:27:13.516+0000] {processor.py:183} INFO - Processing /home/airflow/.local/lib/python3.8/site-packages/airflow/example_dags/example_external_task_marker_dag.py took 0.060 seconds
