[2024-02-24T15:23:37.975+0000] {processor.py:161} INFO - Started process (PID=50) to work on /home/airflow/.local/lib/python3.8/site-packages/airflow/example_dags/example_skip_dag.py
[2024-02-24T15:23:37.976+0000] {processor.py:830} INFO - Processing file /home/airflow/.local/lib/python3.8/site-packages/airflow/example_dags/example_skip_dag.py for tasks to queue
[2024-02-24T15:23:37.978+0000] {logging_mixin.py:188} INFO - [2024-02-24T15:23:37.977+0000] {dagbag.py:538} INFO - Filling up the DagBag from /home/airflow/.local/lib/python3.8/site-packages/airflow/example_dags/example_skip_dag.py
[2024-02-24T15:23:37.986+0000] {processor.py:840} INFO - DAG(s) 'example_skip_dag' retrieved from /home/airflow/.local/lib/python3.8/site-packages/airflow/example_dags/example_skip_dag.py
[2024-02-24T15:23:37.995+0000] {logging_mixin.py:188} INFO - [2024-02-24T15:23:37.995+0000] {dag.py:3036} INFO - Sync 1 DAGs
[2024-02-24T15:23:38.012+0000] {logging_mixin.py:188} INFO - [2024-02-24T15:23:38.012+0000] {dag.py:3823} INFO - Setting next_dagrun for example_skip_dag to 2024-02-23 00:00:00+00:00, run_after=2024-02-24 00:00:00+00:00
[2024-02-24T15:23:38.027+0000] {processor.py:183} INFO - Processing /home/airflow/.local/lib/python3.8/site-packages/airflow/example_dags/example_skip_dag.py took 0.055 seconds
[2024-02-24T15:24:08.782+0000] {processor.py:161} INFO - Started process (PID=105) to work on /home/airflow/.local/lib/python3.8/site-packages/airflow/example_dags/example_skip_dag.py
[2024-02-24T15:24:08.783+0000] {processor.py:830} INFO - Processing file /home/airflow/.local/lib/python3.8/site-packages/airflow/example_dags/example_skip_dag.py for tasks to queue
[2024-02-24T15:24:08.784+0000] {logging_mixin.py:188} INFO - [2024-02-24T15:24:08.784+0000] {dagbag.py:538} INFO - Filling up the DagBag from /home/airflow/.local/lib/python3.8/site-packages/airflow/example_dags/example_skip_dag.py
[2024-02-24T15:24:08.789+0000] {processor.py:840} INFO - DAG(s) 'example_skip_dag' retrieved from /home/airflow/.local/lib/python3.8/site-packages/airflow/example_dags/example_skip_dag.py
[2024-02-24T15:24:08.849+0000] {logging_mixin.py:188} INFO - [2024-02-24T15:24:08.849+0000] {dag.py:3036} INFO - Sync 1 DAGs
[2024-02-24T15:24:08.861+0000] {logging_mixin.py:188} INFO - [2024-02-24T15:24:08.861+0000] {dag.py:3823} INFO - Setting next_dagrun for example_skip_dag to 2024-02-23 00:00:00+00:00, run_after=2024-02-24 00:00:00+00:00
[2024-02-24T15:24:08.873+0000] {processor.py:183} INFO - Processing /home/airflow/.local/lib/python3.8/site-packages/airflow/example_dags/example_skip_dag.py took 0.093 seconds
[2024-02-24T15:24:39.791+0000] {processor.py:161} INFO - Started process (PID=160) to work on /home/airflow/.local/lib/python3.8/site-packages/airflow/example_dags/example_skip_dag.py
[2024-02-24T15:24:39.792+0000] {processor.py:830} INFO - Processing file /home/airflow/.local/lib/python3.8/site-packages/airflow/example_dags/example_skip_dag.py for tasks to queue
[2024-02-24T15:24:39.794+0000] {logging_mixin.py:188} INFO - [2024-02-24T15:24:39.793+0000] {dagbag.py:538} INFO - Filling up the DagBag from /home/airflow/.local/lib/python3.8/site-packages/airflow/example_dags/example_skip_dag.py
[2024-02-24T15:24:39.799+0000] {processor.py:840} INFO - DAG(s) 'example_skip_dag' retrieved from /home/airflow/.local/lib/python3.8/site-packages/airflow/example_dags/example_skip_dag.py
[2024-02-24T15:24:39.815+0000] {logging_mixin.py:188} INFO - [2024-02-24T15:24:39.815+0000] {dag.py:3036} INFO - Sync 1 DAGs
[2024-02-24T15:24:39.833+0000] {logging_mixin.py:188} INFO - [2024-02-24T15:24:39.833+0000] {dag.py:3823} INFO - Setting next_dagrun for example_skip_dag to 2024-02-23 00:00:00+00:00, run_after=2024-02-24 00:00:00+00:00
[2024-02-24T15:24:39.848+0000] {processor.py:183} INFO - Processing /home/airflow/.local/lib/python3.8/site-packages/airflow/example_dags/example_skip_dag.py took 0.060 seconds
[2024-02-24T15:25:10.051+0000] {processor.py:161} INFO - Started process (PID=215) to work on /home/airflow/.local/lib/python3.8/site-packages/airflow/example_dags/example_skip_dag.py
[2024-02-24T15:25:10.053+0000] {processor.py:830} INFO - Processing file /home/airflow/.local/lib/python3.8/site-packages/airflow/example_dags/example_skip_dag.py for tasks to queue
[2024-02-24T15:25:10.055+0000] {logging_mixin.py:188} INFO - [2024-02-24T15:25:10.055+0000] {dagbag.py:538} INFO - Filling up the DagBag from /home/airflow/.local/lib/python3.8/site-packages/airflow/example_dags/example_skip_dag.py
[2024-02-24T15:25:10.063+0000] {processor.py:840} INFO - DAG(s) 'example_skip_dag' retrieved from /home/airflow/.local/lib/python3.8/site-packages/airflow/example_dags/example_skip_dag.py
[2024-02-24T15:25:10.085+0000] {logging_mixin.py:188} INFO - [2024-02-24T15:25:10.085+0000] {dag.py:3036} INFO - Sync 1 DAGs
[2024-02-24T15:25:10.104+0000] {logging_mixin.py:188} INFO - [2024-02-24T15:25:10.103+0000] {dag.py:3823} INFO - Setting next_dagrun for example_skip_dag to 2024-02-23 00:00:00+00:00, run_after=2024-02-24 00:00:00+00:00
[2024-02-24T15:25:10.121+0000] {processor.py:183} INFO - Processing /home/airflow/.local/lib/python3.8/site-packages/airflow/example_dags/example_skip_dag.py took 0.074 seconds
[2024-02-24T15:25:40.492+0000] {processor.py:161} INFO - Started process (PID=270) to work on /home/airflow/.local/lib/python3.8/site-packages/airflow/example_dags/example_skip_dag.py
[2024-02-24T15:25:40.493+0000] {processor.py:830} INFO - Processing file /home/airflow/.local/lib/python3.8/site-packages/airflow/example_dags/example_skip_dag.py for tasks to queue
[2024-02-24T15:25:40.494+0000] {logging_mixin.py:188} INFO - [2024-02-24T15:25:40.494+0000] {dagbag.py:538} INFO - Filling up the DagBag from /home/airflow/.local/lib/python3.8/site-packages/airflow/example_dags/example_skip_dag.py
[2024-02-24T15:25:40.499+0000] {processor.py:840} INFO - DAG(s) 'example_skip_dag' retrieved from /home/airflow/.local/lib/python3.8/site-packages/airflow/example_dags/example_skip_dag.py
[2024-02-24T15:25:40.513+0000] {logging_mixin.py:188} INFO - [2024-02-24T15:25:40.513+0000] {dag.py:3036} INFO - Sync 1 DAGs
[2024-02-24T15:25:40.529+0000] {logging_mixin.py:188} INFO - [2024-02-24T15:25:40.529+0000] {dag.py:3823} INFO - Setting next_dagrun for example_skip_dag to 2024-02-23 00:00:00+00:00, run_after=2024-02-24 00:00:00+00:00
[2024-02-24T15:25:40.543+0000] {processor.py:183} INFO - Processing /home/airflow/.local/lib/python3.8/site-packages/airflow/example_dags/example_skip_dag.py took 0.053 seconds
[2024-02-24T15:26:11.573+0000] {processor.py:161} INFO - Started process (PID=325) to work on /home/airflow/.local/lib/python3.8/site-packages/airflow/example_dags/example_skip_dag.py
[2024-02-24T15:26:11.574+0000] {processor.py:830} INFO - Processing file /home/airflow/.local/lib/python3.8/site-packages/airflow/example_dags/example_skip_dag.py for tasks to queue
[2024-02-24T15:26:11.576+0000] {logging_mixin.py:188} INFO - [2024-02-24T15:26:11.576+0000] {dagbag.py:538} INFO - Filling up the DagBag from /home/airflow/.local/lib/python3.8/site-packages/airflow/example_dags/example_skip_dag.py
[2024-02-24T15:26:11.580+0000] {processor.py:840} INFO - DAG(s) 'example_skip_dag' retrieved from /home/airflow/.local/lib/python3.8/site-packages/airflow/example_dags/example_skip_dag.py
[2024-02-24T15:26:11.595+0000] {logging_mixin.py:188} INFO - [2024-02-24T15:26:11.594+0000] {dag.py:3036} INFO - Sync 1 DAGs
[2024-02-24T15:26:11.609+0000] {logging_mixin.py:188} INFO - [2024-02-24T15:26:11.609+0000] {dag.py:3823} INFO - Setting next_dagrun for example_skip_dag to 2024-02-23 00:00:00+00:00, run_after=2024-02-24 00:00:00+00:00
[2024-02-24T15:26:11.629+0000] {processor.py:183} INFO - Processing /home/airflow/.local/lib/python3.8/site-packages/airflow/example_dags/example_skip_dag.py took 0.058 seconds
[2024-02-24T15:26:42.040+0000] {processor.py:161} INFO - Started process (PID=380) to work on /home/airflow/.local/lib/python3.8/site-packages/airflow/example_dags/example_skip_dag.py
[2024-02-24T15:26:42.041+0000] {processor.py:830} INFO - Processing file /home/airflow/.local/lib/python3.8/site-packages/airflow/example_dags/example_skip_dag.py for tasks to queue
[2024-02-24T15:26:42.042+0000] {logging_mixin.py:188} INFO - [2024-02-24T15:26:42.042+0000] {dagbag.py:538} INFO - Filling up the DagBag from /home/airflow/.local/lib/python3.8/site-packages/airflow/example_dags/example_skip_dag.py
[2024-02-24T15:26:42.047+0000] {processor.py:840} INFO - DAG(s) 'example_skip_dag' retrieved from /home/airflow/.local/lib/python3.8/site-packages/airflow/example_dags/example_skip_dag.py
[2024-02-24T15:26:42.064+0000] {logging_mixin.py:188} INFO - [2024-02-24T15:26:42.064+0000] {dag.py:3036} INFO - Sync 1 DAGs
[2024-02-24T15:26:42.079+0000] {logging_mixin.py:188} INFO - [2024-02-24T15:26:42.079+0000] {dag.py:3823} INFO - Setting next_dagrun for example_skip_dag to 2024-02-23 00:00:00+00:00, run_after=2024-02-24 00:00:00+00:00
[2024-02-24T15:26:42.093+0000] {processor.py:183} INFO - Processing /home/airflow/.local/lib/python3.8/site-packages/airflow/example_dags/example_skip_dag.py took 0.056 seconds
[2024-02-24T15:27:12.192+0000] {processor.py:161} INFO - Started process (PID=435) to work on /home/airflow/.local/lib/python3.8/site-packages/airflow/example_dags/example_skip_dag.py
[2024-02-24T15:27:12.193+0000] {processor.py:830} INFO - Processing file /home/airflow/.local/lib/python3.8/site-packages/airflow/example_dags/example_skip_dag.py for tasks to queue
[2024-02-24T15:27:12.194+0000] {logging_mixin.py:188} INFO - [2024-02-24T15:27:12.194+0000] {dagbag.py:538} INFO - Filling up the DagBag from /home/airflow/.local/lib/python3.8/site-packages/airflow/example_dags/example_skip_dag.py
[2024-02-24T15:27:12.199+0000] {processor.py:840} INFO - DAG(s) 'example_skip_dag' retrieved from /home/airflow/.local/lib/python3.8/site-packages/airflow/example_dags/example_skip_dag.py
[2024-02-24T15:27:12.216+0000] {logging_mixin.py:188} INFO - [2024-02-24T15:27:12.216+0000] {dag.py:3036} INFO - Sync 1 DAGs
[2024-02-24T15:27:12.233+0000] {logging_mixin.py:188} INFO - [2024-02-24T15:27:12.232+0000] {dag.py:3823} INFO - Setting next_dagrun for example_skip_dag to 2024-02-23 00:00:00+00:00, run_after=2024-02-24 00:00:00+00:00
[2024-02-24T15:27:12.248+0000] {processor.py:183} INFO - Processing /home/airflow/.local/lib/python3.8/site-packages/airflow/example_dags/example_skip_dag.py took 0.059 seconds
