[2024-02-24T15:23:39.261+0000] {processor.py:161} INFO - Started process (PID=73) to work on /home/airflow/.local/lib/python3.8/site-packages/airflow/example_dags/example_xcom.py
[2024-02-24T15:23:39.263+0000] {processor.py:830} INFO - Processing file /home/airflow/.local/lib/python3.8/site-packages/airflow/example_dags/example_xcom.py for tasks to queue
[2024-02-24T15:23:39.266+0000] {logging_mixin.py:188} INFO - [2024-02-24T15:23:39.266+0000] {dagbag.py:538} INFO - Filling up the DagBag from /home/airflow/.local/lib/python3.8/site-packages/airflow/example_dags/example_xcom.py
[2024-02-24T15:23:39.275+0000] {processor.py:840} INFO - DAG(s) 'example_xcom' retrieved from /home/airflow/.local/lib/python3.8/site-packages/airflow/example_dags/example_xcom.py
[2024-02-24T15:23:39.289+0000] {logging_mixin.py:188} INFO - [2024-02-24T15:23:39.289+0000] {dag.py:3036} INFO - Sync 1 DAGs
[2024-02-24T15:23:39.335+0000] {logging_mixin.py:188} INFO - [2024-02-24T15:23:39.334+0000] {dag.py:3823} INFO - Setting next_dagrun for example_xcom to 2021-01-01 00:00:00+00:00, run_after=2021-01-01 00:00:00+00:00
[2024-02-24T15:23:39.356+0000] {processor.py:183} INFO - Processing /home/airflow/.local/lib/python3.8/site-packages/airflow/example_dags/example_xcom.py took 0.097 seconds
[2024-02-24T15:24:10.242+0000] {processor.py:161} INFO - Started process (PID=128) to work on /home/airflow/.local/lib/python3.8/site-packages/airflow/example_dags/example_xcom.py
[2024-02-24T15:24:10.243+0000] {processor.py:830} INFO - Processing file /home/airflow/.local/lib/python3.8/site-packages/airflow/example_dags/example_xcom.py for tasks to queue
[2024-02-24T15:24:10.245+0000] {logging_mixin.py:188} INFO - [2024-02-24T15:24:10.244+0000] {dagbag.py:538} INFO - Filling up the DagBag from /home/airflow/.local/lib/python3.8/site-packages/airflow/example_dags/example_xcom.py
[2024-02-24T15:24:10.250+0000] {processor.py:840} INFO - DAG(s) 'example_xcom' retrieved from /home/airflow/.local/lib/python3.8/site-packages/airflow/example_dags/example_xcom.py
[2024-02-24T15:24:10.310+0000] {logging_mixin.py:188} INFO - [2024-02-24T15:24:10.310+0000] {dag.py:3036} INFO - Sync 1 DAGs
[2024-02-24T15:24:10.323+0000] {logging_mixin.py:188} INFO - [2024-02-24T15:24:10.323+0000] {dag.py:3823} INFO - Setting next_dagrun for example_xcom to 2021-01-01 00:00:00+00:00, run_after=2021-01-01 00:00:00+00:00
[2024-02-24T15:24:10.338+0000] {processor.py:183} INFO - Processing /home/airflow/.local/lib/python3.8/site-packages/airflow/example_dags/example_xcom.py took 0.098 seconds
[2024-02-24T15:24:40.871+0000] {processor.py:161} INFO - Started process (PID=183) to work on /home/airflow/.local/lib/python3.8/site-packages/airflow/example_dags/example_xcom.py
[2024-02-24T15:24:40.871+0000] {processor.py:830} INFO - Processing file /home/airflow/.local/lib/python3.8/site-packages/airflow/example_dags/example_xcom.py for tasks to queue
[2024-02-24T15:24:40.873+0000] {logging_mixin.py:188} INFO - [2024-02-24T15:24:40.873+0000] {dagbag.py:538} INFO - Filling up the DagBag from /home/airflow/.local/lib/python3.8/site-packages/airflow/example_dags/example_xcom.py
[2024-02-24T15:24:40.879+0000] {processor.py:840} INFO - DAG(s) 'example_xcom' retrieved from /home/airflow/.local/lib/python3.8/site-packages/airflow/example_dags/example_xcom.py
[2024-02-24T15:24:40.898+0000] {logging_mixin.py:188} INFO - [2024-02-24T15:24:40.898+0000] {dag.py:3036} INFO - Sync 1 DAGs
[2024-02-24T15:24:40.913+0000] {logging_mixin.py:188} INFO - [2024-02-24T15:24:40.912+0000] {dag.py:3823} INFO - Setting next_dagrun for example_xcom to 2021-01-01 00:00:00+00:00, run_after=2021-01-01 00:00:00+00:00
[2024-02-24T15:24:40.927+0000] {processor.py:183} INFO - Processing /home/airflow/.local/lib/python3.8/site-packages/airflow/example_dags/example_xcom.py took 0.059 seconds
[2024-02-24T15:25:11.166+0000] {processor.py:161} INFO - Started process (PID=238) to work on /home/airflow/.local/lib/python3.8/site-packages/airflow/example_dags/example_xcom.py
[2024-02-24T15:25:11.167+0000] {processor.py:830} INFO - Processing file /home/airflow/.local/lib/python3.8/site-packages/airflow/example_dags/example_xcom.py for tasks to queue
[2024-02-24T15:25:11.169+0000] {logging_mixin.py:188} INFO - [2024-02-24T15:25:11.169+0000] {dagbag.py:538} INFO - Filling up the DagBag from /home/airflow/.local/lib/python3.8/site-packages/airflow/example_dags/example_xcom.py
[2024-02-24T15:25:11.175+0000] {processor.py:840} INFO - DAG(s) 'example_xcom' retrieved from /home/airflow/.local/lib/python3.8/site-packages/airflow/example_dags/example_xcom.py
[2024-02-24T15:25:11.191+0000] {logging_mixin.py:188} INFO - [2024-02-24T15:25:11.191+0000] {dag.py:3036} INFO - Sync 1 DAGs
[2024-02-24T15:25:11.206+0000] {logging_mixin.py:188} INFO - [2024-02-24T15:25:11.205+0000] {dag.py:3823} INFO - Setting next_dagrun for example_xcom to 2021-01-01 00:00:00+00:00, run_after=2021-01-01 00:00:00+00:00
[2024-02-24T15:25:11.222+0000] {processor.py:183} INFO - Processing /home/airflow/.local/lib/python3.8/site-packages/airflow/example_dags/example_xcom.py took 0.058 seconds
[2024-02-24T15:25:41.423+0000] {processor.py:161} INFO - Started process (PID=293) to work on /home/airflow/.local/lib/python3.8/site-packages/airflow/example_dags/example_xcom.py
[2024-02-24T15:25:41.424+0000] {processor.py:830} INFO - Processing file /home/airflow/.local/lib/python3.8/site-packages/airflow/example_dags/example_xcom.py for tasks to queue
[2024-02-24T15:25:41.425+0000] {logging_mixin.py:188} INFO - [2024-02-24T15:25:41.425+0000] {dagbag.py:538} INFO - Filling up the DagBag from /home/airflow/.local/lib/python3.8/site-packages/airflow/example_dags/example_xcom.py
[2024-02-24T15:25:41.433+0000] {processor.py:840} INFO - DAG(s) 'example_xcom' retrieved from /home/airflow/.local/lib/python3.8/site-packages/airflow/example_dags/example_xcom.py
[2024-02-24T15:25:41.448+0000] {logging_mixin.py:188} INFO - [2024-02-24T15:25:41.448+0000] {dag.py:3036} INFO - Sync 1 DAGs
[2024-02-24T15:25:41.463+0000] {logging_mixin.py:188} INFO - [2024-02-24T15:25:41.463+0000] {dag.py:3823} INFO - Setting next_dagrun for example_xcom to 2021-01-01 00:00:00+00:00, run_after=2021-01-01 00:00:00+00:00
[2024-02-24T15:25:41.477+0000] {processor.py:183} INFO - Processing /home/airflow/.local/lib/python3.8/site-packages/airflow/example_dags/example_xcom.py took 0.056 seconds
[2024-02-24T15:26:12.654+0000] {processor.py:161} INFO - Started process (PID=348) to work on /home/airflow/.local/lib/python3.8/site-packages/airflow/example_dags/example_xcom.py
[2024-02-24T15:26:12.655+0000] {processor.py:830} INFO - Processing file /home/airflow/.local/lib/python3.8/site-packages/airflow/example_dags/example_xcom.py for tasks to queue
[2024-02-24T15:26:12.656+0000] {logging_mixin.py:188} INFO - [2024-02-24T15:26:12.656+0000] {dagbag.py:538} INFO - Filling up the DagBag from /home/airflow/.local/lib/python3.8/site-packages/airflow/example_dags/example_xcom.py
[2024-02-24T15:26:12.661+0000] {processor.py:840} INFO - DAG(s) 'example_xcom' retrieved from /home/airflow/.local/lib/python3.8/site-packages/airflow/example_dags/example_xcom.py
[2024-02-24T15:26:12.676+0000] {logging_mixin.py:188} INFO - [2024-02-24T15:26:12.676+0000] {dag.py:3036} INFO - Sync 1 DAGs
[2024-02-24T15:26:12.691+0000] {logging_mixin.py:188} INFO - [2024-02-24T15:26:12.691+0000] {dag.py:3823} INFO - Setting next_dagrun for example_xcom to 2021-01-01 00:00:00+00:00, run_after=2021-01-01 00:00:00+00:00
[2024-02-24T15:26:12.705+0000] {processor.py:183} INFO - Processing /home/airflow/.local/lib/python3.8/site-packages/airflow/example_dags/example_xcom.py took 0.054 seconds
[2024-02-24T15:26:42.954+0000] {processor.py:161} INFO - Started process (PID=403) to work on /home/airflow/.local/lib/python3.8/site-packages/airflow/example_dags/example_xcom.py
[2024-02-24T15:26:42.955+0000] {processor.py:830} INFO - Processing file /home/airflow/.local/lib/python3.8/site-packages/airflow/example_dags/example_xcom.py for tasks to queue
[2024-02-24T15:26:42.957+0000] {logging_mixin.py:188} INFO - [2024-02-24T15:26:42.957+0000] {dagbag.py:538} INFO - Filling up the DagBag from /home/airflow/.local/lib/python3.8/site-packages/airflow/example_dags/example_xcom.py
[2024-02-24T15:26:42.962+0000] {processor.py:840} INFO - DAG(s) 'example_xcom' retrieved from /home/airflow/.local/lib/python3.8/site-packages/airflow/example_dags/example_xcom.py
[2024-02-24T15:26:42.978+0000] {logging_mixin.py:188} INFO - [2024-02-24T15:26:42.978+0000] {dag.py:3036} INFO - Sync 1 DAGs
[2024-02-24T15:26:42.993+0000] {logging_mixin.py:188} INFO - [2024-02-24T15:26:42.993+0000] {dag.py:3823} INFO - Setting next_dagrun for example_xcom to 2021-01-01 00:00:00+00:00, run_after=2021-01-01 00:00:00+00:00
[2024-02-24T15:26:43.009+0000] {processor.py:183} INFO - Processing /home/airflow/.local/lib/python3.8/site-packages/airflow/example_dags/example_xcom.py took 0.057 seconds
[2024-02-24T15:27:13.259+0000] {processor.py:161} INFO - Started process (PID=458) to work on /home/airflow/.local/lib/python3.8/site-packages/airflow/example_dags/example_xcom.py
[2024-02-24T15:27:13.260+0000] {processor.py:830} INFO - Processing file /home/airflow/.local/lib/python3.8/site-packages/airflow/example_dags/example_xcom.py for tasks to queue
[2024-02-24T15:27:13.262+0000] {logging_mixin.py:188} INFO - [2024-02-24T15:27:13.262+0000] {dagbag.py:538} INFO - Filling up the DagBag from /home/airflow/.local/lib/python3.8/site-packages/airflow/example_dags/example_xcom.py
[2024-02-24T15:27:13.267+0000] {processor.py:840} INFO - DAG(s) 'example_xcom' retrieved from /home/airflow/.local/lib/python3.8/site-packages/airflow/example_dags/example_xcom.py
[2024-02-24T15:27:13.285+0000] {logging_mixin.py:188} INFO - [2024-02-24T15:27:13.285+0000] {dag.py:3036} INFO - Sync 1 DAGs
[2024-02-24T15:27:13.311+0000] {logging_mixin.py:188} INFO - [2024-02-24T15:27:13.311+0000] {dag.py:3823} INFO - Setting next_dagrun for example_xcom to 2021-01-01 00:00:00+00:00, run_after=2021-01-01 00:00:00+00:00
[2024-02-24T15:27:13.326+0000] {processor.py:183} INFO - Processing /home/airflow/.local/lib/python3.8/site-packages/airflow/example_dags/example_xcom.py took 0.070 seconds
