[2024-02-24T15:23:38.666+0000] {processor.py:161} INFO - Started process (PID=63) to work on /home/airflow/.local/lib/python3.8/site-packages/airflow/example_dags/tutorial_dag.py
[2024-02-24T15:23:38.668+0000] {processor.py:830} INFO - Processing file /home/airflow/.local/lib/python3.8/site-packages/airflow/example_dags/tutorial_dag.py for tasks to queue
[2024-02-24T15:23:38.670+0000] {logging_mixin.py:188} INFO - [2024-02-24T15:23:38.669+0000] {dagbag.py:538} INFO - Filling up the DagBag from /home/airflow/.local/lib/python3.8/site-packages/airflow/example_dags/tutorial_dag.py
[2024-02-24T15:23:38.676+0000] {processor.py:840} INFO - DAG(s) 'tutorial_dag' retrieved from /home/airflow/.local/lib/python3.8/site-packages/airflow/example_dags/tutorial_dag.py
[2024-02-24T15:23:38.685+0000] {logging_mixin.py:188} INFO - [2024-02-24T15:23:38.685+0000] {dag.py:3036} INFO - Sync 1 DAGs
[2024-02-24T15:23:38.695+0000] {logging_mixin.py:188} INFO - [2024-02-24T15:23:38.695+0000] {dag.py:3823} INFO - Setting next_dagrun for tutorial_dag to None, run_after=None
[2024-02-24T15:23:38.710+0000] {processor.py:183} INFO - Processing /home/airflow/.local/lib/python3.8/site-packages/airflow/example_dags/tutorial_dag.py took 0.047 seconds
[2024-02-24T15:24:09.634+0000] {processor.py:161} INFO - Started process (PID=118) to work on /home/airflow/.local/lib/python3.8/site-packages/airflow/example_dags/tutorial_dag.py
[2024-02-24T15:24:09.635+0000] {processor.py:830} INFO - Processing file /home/airflow/.local/lib/python3.8/site-packages/airflow/example_dags/tutorial_dag.py for tasks to queue
[2024-02-24T15:24:09.637+0000] {logging_mixin.py:188} INFO - [2024-02-24T15:24:09.636+0000] {dagbag.py:538} INFO - Filling up the DagBag from /home/airflow/.local/lib/python3.8/site-packages/airflow/example_dags/tutorial_dag.py
[2024-02-24T15:24:09.641+0000] {processor.py:840} INFO - DAG(s) 'tutorial_dag' retrieved from /home/airflow/.local/lib/python3.8/site-packages/airflow/example_dags/tutorial_dag.py
[2024-02-24T15:24:09.702+0000] {logging_mixin.py:188} INFO - [2024-02-24T15:24:09.701+0000] {dag.py:3036} INFO - Sync 1 DAGs
[2024-02-24T15:24:09.708+0000] {logging_mixin.py:188} INFO - [2024-02-24T15:24:09.708+0000] {dag.py:3823} INFO - Setting next_dagrun for tutorial_dag to None, run_after=None
[2024-02-24T15:24:09.721+0000] {processor.py:183} INFO - Processing /home/airflow/.local/lib/python3.8/site-packages/airflow/example_dags/tutorial_dag.py took 0.089 seconds
[2024-02-24T15:24:40.401+0000] {processor.py:161} INFO - Started process (PID=173) to work on /home/airflow/.local/lib/python3.8/site-packages/airflow/example_dags/tutorial_dag.py
[2024-02-24T15:24:40.402+0000] {processor.py:830} INFO - Processing file /home/airflow/.local/lib/python3.8/site-packages/airflow/example_dags/tutorial_dag.py for tasks to queue
[2024-02-24T15:24:40.404+0000] {logging_mixin.py:188} INFO - [2024-02-24T15:24:40.404+0000] {dagbag.py:538} INFO - Filling up the DagBag from /home/airflow/.local/lib/python3.8/site-packages/airflow/example_dags/tutorial_dag.py
[2024-02-24T15:24:40.408+0000] {processor.py:840} INFO - DAG(s) 'tutorial_dag' retrieved from /home/airflow/.local/lib/python3.8/site-packages/airflow/example_dags/tutorial_dag.py
[2024-02-24T15:24:40.424+0000] {logging_mixin.py:188} INFO - [2024-02-24T15:24:40.423+0000] {dag.py:3036} INFO - Sync 1 DAGs
[2024-02-24T15:24:40.433+0000] {logging_mixin.py:188} INFO - [2024-02-24T15:24:40.433+0000] {dag.py:3823} INFO - Setting next_dagrun for tutorial_dag to None, run_after=None
[2024-02-24T15:24:40.449+0000] {processor.py:183} INFO - Processing /home/airflow/.local/lib/python3.8/site-packages/airflow/example_dags/tutorial_dag.py took 0.049 seconds
[2024-02-24T15:25:10.728+0000] {processor.py:161} INFO - Started process (PID=228) to work on /home/airflow/.local/lib/python3.8/site-packages/airflow/example_dags/tutorial_dag.py
[2024-02-24T15:25:10.729+0000] {processor.py:830} INFO - Processing file /home/airflow/.local/lib/python3.8/site-packages/airflow/example_dags/tutorial_dag.py for tasks to queue
[2024-02-24T15:25:10.730+0000] {logging_mixin.py:188} INFO - [2024-02-24T15:25:10.730+0000] {dagbag.py:538} INFO - Filling up the DagBag from /home/airflow/.local/lib/python3.8/site-packages/airflow/example_dags/tutorial_dag.py
[2024-02-24T15:25:10.735+0000] {processor.py:840} INFO - DAG(s) 'tutorial_dag' retrieved from /home/airflow/.local/lib/python3.8/site-packages/airflow/example_dags/tutorial_dag.py
[2024-02-24T15:25:10.750+0000] {logging_mixin.py:188} INFO - [2024-02-24T15:25:10.750+0000] {dag.py:3036} INFO - Sync 1 DAGs
[2024-02-24T15:25:10.760+0000] {logging_mixin.py:188} INFO - [2024-02-24T15:25:10.760+0000] {dag.py:3823} INFO - Setting next_dagrun for tutorial_dag to None, run_after=None
[2024-02-24T15:25:10.776+0000] {processor.py:183} INFO - Processing /home/airflow/.local/lib/python3.8/site-packages/airflow/example_dags/tutorial_dag.py took 0.051 seconds
[2024-02-24T15:25:41.044+0000] {processor.py:161} INFO - Started process (PID=283) to work on /home/airflow/.local/lib/python3.8/site-packages/airflow/example_dags/tutorial_dag.py
[2024-02-24T15:25:41.045+0000] {processor.py:830} INFO - Processing file /home/airflow/.local/lib/python3.8/site-packages/airflow/example_dags/tutorial_dag.py for tasks to queue
[2024-02-24T15:25:41.047+0000] {logging_mixin.py:188} INFO - [2024-02-24T15:25:41.046+0000] {dagbag.py:538} INFO - Filling up the DagBag from /home/airflow/.local/lib/python3.8/site-packages/airflow/example_dags/tutorial_dag.py
[2024-02-24T15:25:41.050+0000] {processor.py:840} INFO - DAG(s) 'tutorial_dag' retrieved from /home/airflow/.local/lib/python3.8/site-packages/airflow/example_dags/tutorial_dag.py
[2024-02-24T15:25:41.065+0000] {logging_mixin.py:188} INFO - [2024-02-24T15:25:41.065+0000] {dag.py:3036} INFO - Sync 1 DAGs
[2024-02-24T15:25:41.074+0000] {logging_mixin.py:188} INFO - [2024-02-24T15:25:41.074+0000] {dag.py:3823} INFO - Setting next_dagrun for tutorial_dag to None, run_after=None
[2024-02-24T15:25:41.087+0000] {processor.py:183} INFO - Processing /home/airflow/.local/lib/python3.8/site-packages/airflow/example_dags/tutorial_dag.py took 0.045 seconds
[2024-02-24T15:26:12.255+0000] {processor.py:161} INFO - Started process (PID=338) to work on /home/airflow/.local/lib/python3.8/site-packages/airflow/example_dags/tutorial_dag.py
[2024-02-24T15:26:12.255+0000] {processor.py:830} INFO - Processing file /home/airflow/.local/lib/python3.8/site-packages/airflow/example_dags/tutorial_dag.py for tasks to queue
[2024-02-24T15:26:12.257+0000] {logging_mixin.py:188} INFO - [2024-02-24T15:26:12.257+0000] {dagbag.py:538} INFO - Filling up the DagBag from /home/airflow/.local/lib/python3.8/site-packages/airflow/example_dags/tutorial_dag.py
[2024-02-24T15:26:12.261+0000] {processor.py:840} INFO - DAG(s) 'tutorial_dag' retrieved from /home/airflow/.local/lib/python3.8/site-packages/airflow/example_dags/tutorial_dag.py
[2024-02-24T15:26:12.276+0000] {logging_mixin.py:188} INFO - [2024-02-24T15:26:12.275+0000] {dag.py:3036} INFO - Sync 1 DAGs
[2024-02-24T15:26:12.284+0000] {logging_mixin.py:188} INFO - [2024-02-24T15:26:12.284+0000] {dag.py:3823} INFO - Setting next_dagrun for tutorial_dag to None, run_after=None
[2024-02-24T15:26:12.298+0000] {processor.py:183} INFO - Processing /home/airflow/.local/lib/python3.8/site-packages/airflow/example_dags/tutorial_dag.py took 0.046 seconds
[2024-02-24T15:26:42.551+0000] {processor.py:161} INFO - Started process (PID=393) to work on /home/airflow/.local/lib/python3.8/site-packages/airflow/example_dags/tutorial_dag.py
[2024-02-24T15:26:42.553+0000] {processor.py:830} INFO - Processing file /home/airflow/.local/lib/python3.8/site-packages/airflow/example_dags/tutorial_dag.py for tasks to queue
[2024-02-24T15:26:42.554+0000] {logging_mixin.py:188} INFO - [2024-02-24T15:26:42.554+0000] {dagbag.py:538} INFO - Filling up the DagBag from /home/airflow/.local/lib/python3.8/site-packages/airflow/example_dags/tutorial_dag.py
[2024-02-24T15:26:42.559+0000] {processor.py:840} INFO - DAG(s) 'tutorial_dag' retrieved from /home/airflow/.local/lib/python3.8/site-packages/airflow/example_dags/tutorial_dag.py
[2024-02-24T15:26:42.574+0000] {logging_mixin.py:188} INFO - [2024-02-24T15:26:42.574+0000] {dag.py:3036} INFO - Sync 1 DAGs
[2024-02-24T15:26:42.583+0000] {logging_mixin.py:188} INFO - [2024-02-24T15:26:42.582+0000] {dag.py:3823} INFO - Setting next_dagrun for tutorial_dag to None, run_after=None
[2024-02-24T15:26:42.597+0000] {processor.py:183} INFO - Processing /home/airflow/.local/lib/python3.8/site-packages/airflow/example_dags/tutorial_dag.py took 0.048 seconds
[2024-02-24T15:27:12.781+0000] {processor.py:161} INFO - Started process (PID=448) to work on /home/airflow/.local/lib/python3.8/site-packages/airflow/example_dags/tutorial_dag.py
[2024-02-24T15:27:12.782+0000] {processor.py:830} INFO - Processing file /home/airflow/.local/lib/python3.8/site-packages/airflow/example_dags/tutorial_dag.py for tasks to queue
[2024-02-24T15:27:12.783+0000] {logging_mixin.py:188} INFO - [2024-02-24T15:27:12.783+0000] {dagbag.py:538} INFO - Filling up the DagBag from /home/airflow/.local/lib/python3.8/site-packages/airflow/example_dags/tutorial_dag.py
[2024-02-24T15:27:12.789+0000] {processor.py:840} INFO - DAG(s) 'tutorial_dag' retrieved from /home/airflow/.local/lib/python3.8/site-packages/airflow/example_dags/tutorial_dag.py
[2024-02-24T15:27:12.805+0000] {logging_mixin.py:188} INFO - [2024-02-24T15:27:12.804+0000] {dag.py:3036} INFO - Sync 1 DAGs
[2024-02-24T15:27:12.814+0000] {logging_mixin.py:188} INFO - [2024-02-24T15:27:12.813+0000] {dag.py:3823} INFO - Setting next_dagrun for tutorial_dag to None, run_after=None
[2024-02-24T15:27:12.830+0000] {processor.py:183} INFO - Processing /home/airflow/.local/lib/python3.8/site-packages/airflow/example_dags/tutorial_dag.py took 0.051 seconds
