[2024-02-24T15:23:40.056+0000] {processor.py:161} INFO - Started process (PID=84) to work on /home/airflow/.local/lib/python3.8/site-packages/airflow/example_dags/tutorial_taskflow_api_virtualenv.py
[2024-02-24T15:23:40.057+0000] {processor.py:830} INFO - Processing file /home/airflow/.local/lib/python3.8/site-packages/airflow/example_dags/tutorial_taskflow_api_virtualenv.py for tasks to queue
[2024-02-24T15:23:40.067+0000] {logging_mixin.py:188} INFO - [2024-02-24T15:23:40.067+0000] {dagbag.py:538} INFO - Filling up the DagBag from /home/airflow/.local/lib/python3.8/site-packages/airflow/example_dags/tutorial_taskflow_api_virtualenv.py
[2024-02-24T15:23:40.093+0000] {processor.py:840} INFO - DAG(s) 'tutorial_taskflow_api_virtualenv' retrieved from /home/airflow/.local/lib/python3.8/site-packages/airflow/example_dags/tutorial_taskflow_api_virtualenv.py
[2024-02-24T15:23:40.116+0000] {logging_mixin.py:188} INFO - [2024-02-24T15:23:40.116+0000] {dag.py:3036} INFO - Sync 1 DAGs
[2024-02-24T15:23:40.151+0000] {logging_mixin.py:188} INFO - [2024-02-24T15:23:40.151+0000] {dag.py:3823} INFO - Setting next_dagrun for tutorial_taskflow_api_virtualenv to None, run_after=None
[2024-02-24T15:23:40.181+0000] {processor.py:183} INFO - Processing /home/airflow/.local/lib/python3.8/site-packages/airflow/example_dags/tutorial_taskflow_api_virtualenv.py took 0.131 seconds
[2024-02-24T15:24:11.010+0000] {processor.py:161} INFO - Started process (PID=139) to work on /home/airflow/.local/lib/python3.8/site-packages/airflow/example_dags/tutorial_taskflow_api_virtualenv.py
[2024-02-24T15:24:11.011+0000] {processor.py:830} INFO - Processing file /home/airflow/.local/lib/python3.8/site-packages/airflow/example_dags/tutorial_taskflow_api_virtualenv.py for tasks to queue
[2024-02-24T15:24:11.013+0000] {logging_mixin.py:188} INFO - [2024-02-24T15:24:11.012+0000] {dagbag.py:538} INFO - Filling up the DagBag from /home/airflow/.local/lib/python3.8/site-packages/airflow/example_dags/tutorial_taskflow_api_virtualenv.py
[2024-02-24T15:24:11.020+0000] {processor.py:840} INFO - DAG(s) 'tutorial_taskflow_api_virtualenv' retrieved from /home/airflow/.local/lib/python3.8/site-packages/airflow/example_dags/tutorial_taskflow_api_virtualenv.py
[2024-02-24T15:24:11.082+0000] {logging_mixin.py:188} INFO - [2024-02-24T15:24:11.082+0000] {dag.py:3036} INFO - Sync 1 DAGs
[2024-02-24T15:24:11.089+0000] {logging_mixin.py:188} INFO - [2024-02-24T15:24:11.089+0000] {dag.py:3823} INFO - Setting next_dagrun for tutorial_taskflow_api_virtualenv to None, run_after=None
[2024-02-24T15:24:11.103+0000] {processor.py:183} INFO - Processing /home/airflow/.local/lib/python3.8/site-packages/airflow/example_dags/tutorial_taskflow_api_virtualenv.py took 0.096 seconds
[2024-02-24T15:24:41.287+0000] {processor.py:161} INFO - Started process (PID=194) to work on /home/airflow/.local/lib/python3.8/site-packages/airflow/example_dags/tutorial_taskflow_api_virtualenv.py
[2024-02-24T15:24:41.288+0000] {processor.py:830} INFO - Processing file /home/airflow/.local/lib/python3.8/site-packages/airflow/example_dags/tutorial_taskflow_api_virtualenv.py for tasks to queue
[2024-02-24T15:24:41.289+0000] {logging_mixin.py:188} INFO - [2024-02-24T15:24:41.289+0000] {dagbag.py:538} INFO - Filling up the DagBag from /home/airflow/.local/lib/python3.8/site-packages/airflow/example_dags/tutorial_taskflow_api_virtualenv.py
[2024-02-24T15:24:41.296+0000] {processor.py:840} INFO - DAG(s) 'tutorial_taskflow_api_virtualenv' retrieved from /home/airflow/.local/lib/python3.8/site-packages/airflow/example_dags/tutorial_taskflow_api_virtualenv.py
[2024-02-24T15:24:41.311+0000] {logging_mixin.py:188} INFO - [2024-02-24T15:24:41.311+0000] {dag.py:3036} INFO - Sync 1 DAGs
[2024-02-24T15:24:41.320+0000] {logging_mixin.py:188} INFO - [2024-02-24T15:24:41.320+0000] {dag.py:3823} INFO - Setting next_dagrun for tutorial_taskflow_api_virtualenv to None, run_after=None
[2024-02-24T15:24:41.337+0000] {processor.py:183} INFO - Processing /home/airflow/.local/lib/python3.8/site-packages/airflow/example_dags/tutorial_taskflow_api_virtualenv.py took 0.052 seconds
[2024-02-24T15:25:11.775+0000] {processor.py:161} INFO - Started process (PID=249) to work on /home/airflow/.local/lib/python3.8/site-packages/airflow/example_dags/tutorial_taskflow_api_virtualenv.py
[2024-02-24T15:25:11.776+0000] {processor.py:830} INFO - Processing file /home/airflow/.local/lib/python3.8/site-packages/airflow/example_dags/tutorial_taskflow_api_virtualenv.py for tasks to queue
[2024-02-24T15:25:11.778+0000] {logging_mixin.py:188} INFO - [2024-02-24T15:25:11.777+0000] {dagbag.py:538} INFO - Filling up the DagBag from /home/airflow/.local/lib/python3.8/site-packages/airflow/example_dags/tutorial_taskflow_api_virtualenv.py
[2024-02-24T15:25:11.785+0000] {processor.py:840} INFO - DAG(s) 'tutorial_taskflow_api_virtualenv' retrieved from /home/airflow/.local/lib/python3.8/site-packages/airflow/example_dags/tutorial_taskflow_api_virtualenv.py
[2024-02-24T15:25:11.802+0000] {logging_mixin.py:188} INFO - [2024-02-24T15:25:11.802+0000] {dag.py:3036} INFO - Sync 1 DAGs
[2024-02-24T15:25:11.811+0000] {logging_mixin.py:188} INFO - [2024-02-24T15:25:11.811+0000] {dag.py:3823} INFO - Setting next_dagrun for tutorial_taskflow_api_virtualenv to None, run_after=None
[2024-02-24T15:25:11.832+0000] {processor.py:183} INFO - Processing /home/airflow/.local/lib/python3.8/site-packages/airflow/example_dags/tutorial_taskflow_api_virtualenv.py took 0.061 seconds
[2024-02-24T15:25:41.859+0000] {processor.py:161} INFO - Started process (PID=304) to work on /home/airflow/.local/lib/python3.8/site-packages/airflow/example_dags/tutorial_taskflow_api_virtualenv.py
[2024-02-24T15:25:41.860+0000] {processor.py:830} INFO - Processing file /home/airflow/.local/lib/python3.8/site-packages/airflow/example_dags/tutorial_taskflow_api_virtualenv.py for tasks to queue
[2024-02-24T15:25:41.862+0000] {logging_mixin.py:188} INFO - [2024-02-24T15:25:41.861+0000] {dagbag.py:538} INFO - Filling up the DagBag from /home/airflow/.local/lib/python3.8/site-packages/airflow/example_dags/tutorial_taskflow_api_virtualenv.py
[2024-02-24T15:25:41.869+0000] {processor.py:840} INFO - DAG(s) 'tutorial_taskflow_api_virtualenv' retrieved from /home/airflow/.local/lib/python3.8/site-packages/airflow/example_dags/tutorial_taskflow_api_virtualenv.py
[2024-02-24T15:25:41.882+0000] {logging_mixin.py:188} INFO - [2024-02-24T15:25:41.882+0000] {dag.py:3036} INFO - Sync 1 DAGs
[2024-02-24T15:25:41.891+0000] {logging_mixin.py:188} INFO - [2024-02-24T15:25:41.890+0000] {dag.py:3823} INFO - Setting next_dagrun for tutorial_taskflow_api_virtualenv to None, run_after=None
[2024-02-24T15:25:41.902+0000] {processor.py:183} INFO - Processing /home/airflow/.local/lib/python3.8/site-packages/airflow/example_dags/tutorial_taskflow_api_virtualenv.py took 0.045 seconds
[2024-02-24T15:26:13.203+0000] {processor.py:161} INFO - Started process (PID=359) to work on /home/airflow/.local/lib/python3.8/site-packages/airflow/example_dags/tutorial_taskflow_api_virtualenv.py
[2024-02-24T15:26:13.204+0000] {processor.py:830} INFO - Processing file /home/airflow/.local/lib/python3.8/site-packages/airflow/example_dags/tutorial_taskflow_api_virtualenv.py for tasks to queue
[2024-02-24T15:26:13.205+0000] {logging_mixin.py:188} INFO - [2024-02-24T15:26:13.205+0000] {dagbag.py:538} INFO - Filling up the DagBag from /home/airflow/.local/lib/python3.8/site-packages/airflow/example_dags/tutorial_taskflow_api_virtualenv.py
[2024-02-24T15:26:13.212+0000] {processor.py:840} INFO - DAG(s) 'tutorial_taskflow_api_virtualenv' retrieved from /home/airflow/.local/lib/python3.8/site-packages/airflow/example_dags/tutorial_taskflow_api_virtualenv.py
[2024-02-24T15:26:13.228+0000] {logging_mixin.py:188} INFO - [2024-02-24T15:26:13.227+0000] {dag.py:3036} INFO - Sync 1 DAGs
[2024-02-24T15:26:13.236+0000] {logging_mixin.py:188} INFO - [2024-02-24T15:26:13.236+0000] {dag.py:3823} INFO - Setting next_dagrun for tutorial_taskflow_api_virtualenv to None, run_after=None
[2024-02-24T15:26:13.252+0000] {processor.py:183} INFO - Processing /home/airflow/.local/lib/python3.8/site-packages/airflow/example_dags/tutorial_taskflow_api_virtualenv.py took 0.051 seconds
[2024-02-24T15:26:43.519+0000] {processor.py:161} INFO - Started process (PID=414) to work on /home/airflow/.local/lib/python3.8/site-packages/airflow/example_dags/tutorial_taskflow_api_virtualenv.py
[2024-02-24T15:26:43.520+0000] {processor.py:830} INFO - Processing file /home/airflow/.local/lib/python3.8/site-packages/airflow/example_dags/tutorial_taskflow_api_virtualenv.py for tasks to queue
[2024-02-24T15:26:43.522+0000] {logging_mixin.py:188} INFO - [2024-02-24T15:26:43.521+0000] {dagbag.py:538} INFO - Filling up the DagBag from /home/airflow/.local/lib/python3.8/site-packages/airflow/example_dags/tutorial_taskflow_api_virtualenv.py
[2024-02-24T15:26:43.529+0000] {processor.py:840} INFO - DAG(s) 'tutorial_taskflow_api_virtualenv' retrieved from /home/airflow/.local/lib/python3.8/site-packages/airflow/example_dags/tutorial_taskflow_api_virtualenv.py
[2024-02-24T15:26:43.543+0000] {logging_mixin.py:188} INFO - [2024-02-24T15:26:43.542+0000] {dag.py:3036} INFO - Sync 1 DAGs
[2024-02-24T15:26:43.553+0000] {logging_mixin.py:188} INFO - [2024-02-24T15:26:43.553+0000] {dag.py:3823} INFO - Setting next_dagrun for tutorial_taskflow_api_virtualenv to None, run_after=None
[2024-02-24T15:26:43.567+0000] {processor.py:183} INFO - Processing /home/airflow/.local/lib/python3.8/site-packages/airflow/example_dags/tutorial_taskflow_api_virtualenv.py took 0.050 seconds
[2024-02-24T15:27:13.757+0000] {processor.py:161} INFO - Started process (PID=469) to work on /home/airflow/.local/lib/python3.8/site-packages/airflow/example_dags/tutorial_taskflow_api_virtualenv.py
[2024-02-24T15:27:13.758+0000] {processor.py:830} INFO - Processing file /home/airflow/.local/lib/python3.8/site-packages/airflow/example_dags/tutorial_taskflow_api_virtualenv.py for tasks to queue
[2024-02-24T15:27:13.760+0000] {logging_mixin.py:188} INFO - [2024-02-24T15:27:13.760+0000] {dagbag.py:538} INFO - Filling up the DagBag from /home/airflow/.local/lib/python3.8/site-packages/airflow/example_dags/tutorial_taskflow_api_virtualenv.py
[2024-02-24T15:27:13.767+0000] {processor.py:840} INFO - DAG(s) 'tutorial_taskflow_api_virtualenv' retrieved from /home/airflow/.local/lib/python3.8/site-packages/airflow/example_dags/tutorial_taskflow_api_virtualenv.py
[2024-02-24T15:27:13.783+0000] {logging_mixin.py:188} INFO - [2024-02-24T15:27:13.783+0000] {dag.py:3036} INFO - Sync 1 DAGs
[2024-02-24T15:27:13.794+0000] {logging_mixin.py:188} INFO - [2024-02-24T15:27:13.794+0000] {dag.py:3823} INFO - Setting next_dagrun for tutorial_taskflow_api_virtualenv to None, run_after=None
[2024-02-24T15:27:13.810+0000] {processor.py:183} INFO - Processing /home/airflow/.local/lib/python3.8/site-packages/airflow/example_dags/tutorial_taskflow_api_virtualenv.py took 0.055 seconds
