[2024-02-24T15:23:39.008+0000] {processor.py:161} INFO - Started process (PID=70) to work on /home/airflow/.local/lib/python3.8/site-packages/airflow/example_dags/tutorial_objectstorage.py
[2024-02-24T15:23:39.009+0000] {processor.py:830} INFO - Processing file /home/airflow/.local/lib/python3.8/site-packages/airflow/example_dags/tutorial_objectstorage.py for tasks to queue
[2024-02-24T15:23:39.011+0000] {logging_mixin.py:188} INFO - [2024-02-24T15:23:39.011+0000] {dagbag.py:538} INFO - Filling up the DagBag from /home/airflow/.local/lib/python3.8/site-packages/airflow/example_dags/tutorial_objectstorage.py
[2024-02-24T15:23:39.018+0000] {processor.py:840} INFO - DAG(s) 'tutorial_objectstorage' retrieved from /home/airflow/.local/lib/python3.8/site-packages/airflow/example_dags/tutorial_objectstorage.py
[2024-02-24T15:23:39.027+0000] {logging_mixin.py:188} INFO - [2024-02-24T15:23:39.027+0000] {dag.py:3036} INFO - Sync 1 DAGs
[2024-02-24T15:23:39.037+0000] {logging_mixin.py:188} INFO - [2024-02-24T15:23:39.037+0000] {dag.py:3823} INFO - Setting next_dagrun for tutorial_objectstorage to None, run_after=None
[2024-02-24T15:23:39.051+0000] {processor.py:183} INFO - Processing /home/airflow/.local/lib/python3.8/site-packages/airflow/example_dags/tutorial_objectstorage.py took 0.046 seconds
[2024-02-24T15:24:10.103+0000] {processor.py:161} INFO - Started process (PID=125) to work on /home/airflow/.local/lib/python3.8/site-packages/airflow/example_dags/tutorial_objectstorage.py
[2024-02-24T15:24:10.104+0000] {processor.py:830} INFO - Processing file /home/airflow/.local/lib/python3.8/site-packages/airflow/example_dags/tutorial_objectstorage.py for tasks to queue
[2024-02-24T15:24:10.105+0000] {logging_mixin.py:188} INFO - [2024-02-24T15:24:10.105+0000] {dagbag.py:538} INFO - Filling up the DagBag from /home/airflow/.local/lib/python3.8/site-packages/airflow/example_dags/tutorial_objectstorage.py
[2024-02-24T15:24:10.110+0000] {processor.py:840} INFO - DAG(s) 'tutorial_objectstorage' retrieved from /home/airflow/.local/lib/python3.8/site-packages/airflow/example_dags/tutorial_objectstorage.py
[2024-02-24T15:24:10.173+0000] {logging_mixin.py:188} INFO - [2024-02-24T15:24:10.173+0000] {dag.py:3036} INFO - Sync 1 DAGs
[2024-02-24T15:24:10.180+0000] {logging_mixin.py:188} INFO - [2024-02-24T15:24:10.180+0000] {dag.py:3823} INFO - Setting next_dagrun for tutorial_objectstorage to None, run_after=None
[2024-02-24T15:24:10.192+0000] {processor.py:183} INFO - Processing /home/airflow/.local/lib/python3.8/site-packages/airflow/example_dags/tutorial_objectstorage.py took 0.092 seconds
[2024-02-24T15:24:40.696+0000] {processor.py:161} INFO - Started process (PID=180) to work on /home/airflow/.local/lib/python3.8/site-packages/airflow/example_dags/tutorial_objectstorage.py
[2024-02-24T15:24:40.697+0000] {processor.py:830} INFO - Processing file /home/airflow/.local/lib/python3.8/site-packages/airflow/example_dags/tutorial_objectstorage.py for tasks to queue
[2024-02-24T15:24:40.700+0000] {logging_mixin.py:188} INFO - [2024-02-24T15:24:40.699+0000] {dagbag.py:538} INFO - Filling up the DagBag from /home/airflow/.local/lib/python3.8/site-packages/airflow/example_dags/tutorial_objectstorage.py
[2024-02-24T15:24:40.707+0000] {processor.py:840} INFO - DAG(s) 'tutorial_objectstorage' retrieved from /home/airflow/.local/lib/python3.8/site-packages/airflow/example_dags/tutorial_objectstorage.py
[2024-02-24T15:24:40.725+0000] {logging_mixin.py:188} INFO - [2024-02-24T15:24:40.725+0000] {dag.py:3036} INFO - Sync 1 DAGs
[2024-02-24T15:24:40.737+0000] {logging_mixin.py:188} INFO - [2024-02-24T15:24:40.737+0000] {dag.py:3823} INFO - Setting next_dagrun for tutorial_objectstorage to None, run_after=None
[2024-02-24T15:24:40.754+0000] {processor.py:183} INFO - Processing /home/airflow/.local/lib/python3.8/site-packages/airflow/example_dags/tutorial_objectstorage.py took 0.061 seconds
[2024-02-24T15:25:11.039+0000] {processor.py:161} INFO - Started process (PID=235) to work on /home/airflow/.local/lib/python3.8/site-packages/airflow/example_dags/tutorial_objectstorage.py
[2024-02-24T15:25:11.041+0000] {processor.py:830} INFO - Processing file /home/airflow/.local/lib/python3.8/site-packages/airflow/example_dags/tutorial_objectstorage.py for tasks to queue
[2024-02-24T15:25:11.043+0000] {logging_mixin.py:188} INFO - [2024-02-24T15:25:11.042+0000] {dagbag.py:538} INFO - Filling up the DagBag from /home/airflow/.local/lib/python3.8/site-packages/airflow/example_dags/tutorial_objectstorage.py
[2024-02-24T15:25:11.047+0000] {processor.py:840} INFO - DAG(s) 'tutorial_objectstorage' retrieved from /home/airflow/.local/lib/python3.8/site-packages/airflow/example_dags/tutorial_objectstorage.py
[2024-02-24T15:25:11.062+0000] {logging_mixin.py:188} INFO - [2024-02-24T15:25:11.062+0000] {dag.py:3036} INFO - Sync 1 DAGs
[2024-02-24T15:25:11.073+0000] {logging_mixin.py:188} INFO - [2024-02-24T15:25:11.073+0000] {dag.py:3823} INFO - Setting next_dagrun for tutorial_objectstorage to None, run_after=None
[2024-02-24T15:25:11.087+0000] {processor.py:183} INFO - Processing /home/airflow/.local/lib/python3.8/site-packages/airflow/example_dags/tutorial_objectstorage.py took 0.051 seconds
[2024-02-24T15:25:41.303+0000] {processor.py:161} INFO - Started process (PID=290) to work on /home/airflow/.local/lib/python3.8/site-packages/airflow/example_dags/tutorial_objectstorage.py
[2024-02-24T15:25:41.304+0000] {processor.py:830} INFO - Processing file /home/airflow/.local/lib/python3.8/site-packages/airflow/example_dags/tutorial_objectstorage.py for tasks to queue
[2024-02-24T15:25:41.305+0000] {logging_mixin.py:188} INFO - [2024-02-24T15:25:41.305+0000] {dagbag.py:538} INFO - Filling up the DagBag from /home/airflow/.local/lib/python3.8/site-packages/airflow/example_dags/tutorial_objectstorage.py
[2024-02-24T15:25:41.310+0000] {processor.py:840} INFO - DAG(s) 'tutorial_objectstorage' retrieved from /home/airflow/.local/lib/python3.8/site-packages/airflow/example_dags/tutorial_objectstorage.py
[2024-02-24T15:25:41.323+0000] {logging_mixin.py:188} INFO - [2024-02-24T15:25:41.323+0000] {dag.py:3036} INFO - Sync 1 DAGs
[2024-02-24T15:25:41.332+0000] {logging_mixin.py:188} INFO - [2024-02-24T15:25:41.331+0000] {dag.py:3823} INFO - Setting next_dagrun for tutorial_objectstorage to None, run_after=None
[2024-02-24T15:25:41.347+0000] {processor.py:183} INFO - Processing /home/airflow/.local/lib/python3.8/site-packages/airflow/example_dags/tutorial_objectstorage.py took 0.047 seconds
[2024-02-24T15:26:12.506+0000] {processor.py:161} INFO - Started process (PID=345) to work on /home/airflow/.local/lib/python3.8/site-packages/airflow/example_dags/tutorial_objectstorage.py
[2024-02-24T15:26:12.508+0000] {processor.py:830} INFO - Processing file /home/airflow/.local/lib/python3.8/site-packages/airflow/example_dags/tutorial_objectstorage.py for tasks to queue
[2024-02-24T15:26:12.509+0000] {logging_mixin.py:188} INFO - [2024-02-24T15:26:12.509+0000] {dagbag.py:538} INFO - Filling up the DagBag from /home/airflow/.local/lib/python3.8/site-packages/airflow/example_dags/tutorial_objectstorage.py
[2024-02-24T15:26:12.514+0000] {processor.py:840} INFO - DAG(s) 'tutorial_objectstorage' retrieved from /home/airflow/.local/lib/python3.8/site-packages/airflow/example_dags/tutorial_objectstorage.py
[2024-02-24T15:26:12.528+0000] {logging_mixin.py:188} INFO - [2024-02-24T15:26:12.528+0000] {dag.py:3036} INFO - Sync 1 DAGs
[2024-02-24T15:26:12.536+0000] {logging_mixin.py:188} INFO - [2024-02-24T15:26:12.536+0000] {dag.py:3823} INFO - Setting next_dagrun for tutorial_objectstorage to None, run_after=None
[2024-02-24T15:26:12.549+0000] {processor.py:183} INFO - Processing /home/airflow/.local/lib/python3.8/site-packages/airflow/example_dags/tutorial_objectstorage.py took 0.045 seconds
[2024-02-24T15:26:42.847+0000] {processor.py:161} INFO - Started process (PID=400) to work on /home/airflow/.local/lib/python3.8/site-packages/airflow/example_dags/tutorial_objectstorage.py
[2024-02-24T15:26:42.848+0000] {processor.py:830} INFO - Processing file /home/airflow/.local/lib/python3.8/site-packages/airflow/example_dags/tutorial_objectstorage.py for tasks to queue
[2024-02-24T15:26:42.850+0000] {logging_mixin.py:188} INFO - [2024-02-24T15:26:42.850+0000] {dagbag.py:538} INFO - Filling up the DagBag from /home/airflow/.local/lib/python3.8/site-packages/airflow/example_dags/tutorial_objectstorage.py
[2024-02-24T15:26:42.856+0000] {processor.py:840} INFO - DAG(s) 'tutorial_objectstorage' retrieved from /home/airflow/.local/lib/python3.8/site-packages/airflow/example_dags/tutorial_objectstorage.py
[2024-02-24T15:26:42.871+0000] {logging_mixin.py:188} INFO - [2024-02-24T15:26:42.871+0000] {dag.py:3036} INFO - Sync 1 DAGs
[2024-02-24T15:26:42.880+0000] {logging_mixin.py:188} INFO - [2024-02-24T15:26:42.880+0000] {dag.py:3823} INFO - Setting next_dagrun for tutorial_objectstorage to None, run_after=None
[2024-02-24T15:26:42.895+0000] {processor.py:183} INFO - Processing /home/airflow/.local/lib/python3.8/site-packages/airflow/example_dags/tutorial_objectstorage.py took 0.050 seconds
[2024-02-24T15:27:13.111+0000] {processor.py:161} INFO - Started process (PID=455) to work on /home/airflow/.local/lib/python3.8/site-packages/airflow/example_dags/tutorial_objectstorage.py
[2024-02-24T15:27:13.113+0000] {processor.py:830} INFO - Processing file /home/airflow/.local/lib/python3.8/site-packages/airflow/example_dags/tutorial_objectstorage.py for tasks to queue
[2024-02-24T15:27:13.114+0000] {logging_mixin.py:188} INFO - [2024-02-24T15:27:13.114+0000] {dagbag.py:538} INFO - Filling up the DagBag from /home/airflow/.local/lib/python3.8/site-packages/airflow/example_dags/tutorial_objectstorage.py
[2024-02-24T15:27:13.118+0000] {processor.py:840} INFO - DAG(s) 'tutorial_objectstorage' retrieved from /home/airflow/.local/lib/python3.8/site-packages/airflow/example_dags/tutorial_objectstorage.py
[2024-02-24T15:27:13.133+0000] {logging_mixin.py:188} INFO - [2024-02-24T15:27:13.133+0000] {dag.py:3036} INFO - Sync 1 DAGs
[2024-02-24T15:27:13.143+0000] {logging_mixin.py:188} INFO - [2024-02-24T15:27:13.143+0000] {dag.py:3823} INFO - Setting next_dagrun for tutorial_objectstorage to None, run_after=None
[2024-02-24T15:27:13.159+0000] {processor.py:183} INFO - Processing /home/airflow/.local/lib/python3.8/site-packages/airflow/example_dags/tutorial_objectstorage.py took 0.050 seconds
